ERROR - 2022-10-19 08:42:12 --> Error connecting to the database: No connection could be made because the target machine actively refused it.

ERROR - 2022-10-19 08:42:12 --> Error connecting to the database: No connection could be made because the target machine actively refused it.

CRITICAL - 2022-10-19 08:42:12 --> Unable to connect to the database.
Main connection [MySQLi]: No connection could be made because the target machine actively refused it.

in SYSTEMPATH\Database\BaseConnection.php on line 416.
 1 SYSTEMPATH\Database\BaseConnection.php(586): CodeIgniter\Database\BaseConnection->initialize()
 2 SYSTEMPATH\Database\BaseBuilder.php(1669): CodeIgniter\Database\BaseConnection->query('SELECT COUNT(*) AS `numrows`
FROM `tb_user`
WHERE `user_status` = :user_status:', [...], false)
 3 APPPATH\Models\User_model.php(60): CodeIgniter\Database\BaseBuilder->countAllResults()
 4 APPPATH\Controllers\Backend.php(111): App\Models\User_model->count_user_by_filter('C:\\xampp\\htdocs\\pasar')
 5 SYSTEMPATH\CodeIgniter.php(896): App\Controllers\Backend->dashboard_info()
 6 SYSTEMPATH\CodeIgniter.php(466): CodeIgniter\CodeIgniter->runController(Object(App\Controllers\Backend))
 7 SYSTEMPATH\CodeIgniter.php(349): CodeIgniter\CodeIgniter->handleRequest(null, Object(Config\Cache), false)
 8 FCPATH\index.php(55): CodeIgniter\CodeIgniter->run()
CRITICAL - 2022-10-19 08:42:12 --> Unable to connect to the database.
Main connection [MySQLi]: No connection could be made because the target machine actively refused it.

in SYSTEMPATH\Database\BaseConnection.php on line 416.
 1 SYSTEMPATH\Database\BaseConnection.php(586): CodeIgniter\Database\BaseConnection->initialize()
 2 SYSTEMPATH\Database\BaseBuilder.php(1669): CodeIgniter\Database\BaseConnection->query('SELECT COUNT(*) AS `numrows`
FROM `tb_user`
WHERE `user_status` = :user_status:', [...], false)
 3 APPPATH\Models\User_model.php(60): CodeIgniter\Database\BaseBuilder->countAllResults()
 4 APPPATH\Controllers\Backend.php(111): App\Models\User_model->count_user_by_filter('C:\\xampp\\htdocs\\pasar')
 5 SYSTEMPATH\CodeIgniter.php(896): App\Controllers\Backend->dashboard_info()
 6 SYSTEMPATH\CodeIgniter.php(466): CodeIgniter\CodeIgniter->runController(Object(App\Controllers\Backend))
 7 SYSTEMPATH\CodeIgniter.php(349): CodeIgniter\CodeIgniter->handleRequest(null, Object(Config\Cache), false)
 8 FCPATH\index.php(55): CodeIgniter\CodeIgniter->run()
ERROR - 2022-10-19 08:44:53 --> Error connecting to the database: No connection could be made because the target machine actively refused it.

ERROR - 2022-10-19 08:44:53 --> Error connecting to the database: No connection could be made because the target machine actively refused it.

CRITICAL - 2022-10-19 08:44:53 --> Unable to connect to the database.
Main connection [MySQLi]: No connection could be made because the target machine actively refused it.

in SYSTEMPATH\Database\BaseConnection.php on line 416.
 1 SYSTEMPATH\Database\BaseConnection.php(586): CodeIgniter\Database\BaseConnection->initialize()
 2 SYSTEMPATH\Database\BaseBuilder.php(1669): CodeIgniter\Database\BaseConnection->query('SELECT COUNT(*) AS `numrows`
FROM `tb_user`
WHERE `user_status` = :user_status:', [...], false)
 3 APPPATH\Models\User_model.php(60): CodeIgniter\Database\BaseBuilder->countAllResults()
 4 APPPATH\Controllers\Backend.php(111): App\Models\User_model->count_user_by_filter('C:\\xampp\\htdocs\\pasar')
 5 SYSTEMPATH\CodeIgniter.php(896): App\Controllers\Backend->dashboard_info()
 6 SYSTEMPATH\CodeIgniter.php(466): CodeIgniter\CodeIgniter->runController(Object(App\Controllers\Backend))
 7 SYSTEMPATH\CodeIgniter.php(349): CodeIgniter\CodeIgniter->handleRequest(null, Object(Config\Cache), false)
 8 FCPATH\index.php(55): CodeIgniter\CodeIgniter->run()
CRITICAL - 2022-10-19 08:44:53 --> Unable to connect to the database.
Main connection [MySQLi]: No connection could be made because the target machine actively refused it.

in SYSTEMPATH\Database\BaseConnection.php on line 416.
 1 SYSTEMPATH\Database\BaseConnection.php(586): CodeIgniter\Database\BaseConnection->initialize()
 2 SYSTEMPATH\Database\BaseBuilder.php(1669): CodeIgniter\Database\BaseConnection->query('SELECT COUNT(*) AS `numrows`
FROM `tb_user`
WHERE `user_status` = :user_status:', [...], false)
 3 APPPATH\Models\User_model.php(60): CodeIgniter\Database\BaseBuilder->countAllResults()
 4 APPPATH\Controllers\Backend.php(111): App\Models\User_model->count_user_by_filter('C:\\xampp\\htdocs\\pasar')
 5 SYSTEMPATH\CodeIgniter.php(896): App\Controllers\Backend->dashboard_info()
 6 SYSTEMPATH\CodeIgniter.php(466): CodeIgniter\CodeIgniter->runController(Object(App\Controllers\Backend))
 7 SYSTEMPATH\CodeIgniter.php(349): CodeIgniter\CodeIgniter->handleRequest(null, Object(Config\Cache), false)
 8 FCPATH\index.php(55): CodeIgniter\CodeIgniter->run()
ERROR - 2022-10-19 08:44:58 --> Error connecting to the database: No connection could be made because the target machine actively refused it.

CRITICAL - 2022-10-19 08:44:58 --> Unable to connect to the database.
Main connection [MySQLi]: No connection could be made because the target machine actively refused it.

in SYSTEMPATH\Database\BaseConnection.php on line 416.
 1 SYSTEMPATH\Database\BaseConnection.php(586): CodeIgniter\Database\BaseConnection->initialize()
 2 SYSTEMPATH\Database\BaseBuilder.php(1669): CodeIgniter\Database\BaseConnection->query('SELECT COUNT(*) AS `numrows`
FROM `tb_user`
WHERE `user_status` = :user_status:', [...], false)
 3 APPPATH\Models\User_model.php(60): CodeIgniter\Database\BaseBuilder->countAllResults()
 4 APPPATH\Controllers\Backend.php(111): App\Models\User_model->count_user_by_filter('C:\\xampp\\htdocs\\pasar')
 5 SYSTEMPATH\CodeIgniter.php(896): App\Controllers\Backend->dashboard_info()
 6 SYSTEMPATH\CodeIgniter.php(466): CodeIgniter\CodeIgniter->runController(Object(App\Controllers\Backend))
 7 SYSTEMPATH\CodeIgniter.php(349): CodeIgniter\CodeIgniter->handleRequest(null, Object(Config\Cache), false)
 8 FCPATH\index.php(55): CodeIgniter\CodeIgniter->run()
CRITICAL - 2022-10-19 12:54:22 --> Undefined property: stdClass::$komoditas
in APPPATH\Views\public\page_home.php on line 121.
 1 APPPATH\Views\public\page_home.php(121): CodeIgniter\Debug\Exceptions->errorHandler(8, 'Undefined property: stdClass::$komoditas', 'APPPATH\\Views\\public\\page_home.php', 121, [...])
 2 SYSTEMPATH\View\View.php(213): include('APPPATH\\Views\\public\\page_home.php')
 3 SYSTEMPATH\View\View.php(216): CodeIgniter\View\View->CodeIgniter\View\{closure}()
 4 SYSTEMPATH\Common.php(1135): CodeIgniter\View\View->render('page_home', [], true)
 5 APPPATH\Controllers\Publik.php(65): view('page_home', [...])
 6 SYSTEMPATH\CodeIgniter.php(896): App\Controllers\Publik->index()
 7 SYSTEMPATH\CodeIgniter.php(466): CodeIgniter\CodeIgniter->runController(Object(App\Controllers\Publik))
 8 SYSTEMPATH\CodeIgniter.php(349): CodeIgniter\CodeIgniter->handleRequest(null, Object(Config\Cache), false)
 9 FCPATH\index.php(55): CodeIgniter\CodeIgniter->run()
CRITICAL - 2022-10-19 13:11:22 --> number_format() expects parameter 1 to be float, string given
in APPPATH\Helpers\additional_helper.php on line 63.
 1 [internal function]: CodeIgniter\Debug\Exceptions->errorHandler(2, 'number_format() expects parameter 1 to be float, string given', 'APPPATH\\Helpers\\additional_helper.php', 63, [...])
 2 APPPATH\Helpers\additional_helper.php(63): number_format('C:\\xampp\\htdocs\\pasar', '0', ',', 'C:\\xampp\\htdocs\\pasar')
 3 APPPATH\Views\public\page_home.php(135): rupiah('C:\\xampp\\htdocs\\pasar')
 4 SYSTEMPATH\View\View.php(213): include('APPPATH\\Views\\public\\page_home.php')
 5 SYSTEMPATH\View\View.php(216): CodeIgniter\View\View->CodeIgniter\View\{closure}()
 6 SYSTEMPATH\Common.php(1135): CodeIgniter\View\View->render('page_home', [], true)
 7 APPPATH\Controllers\Publik.php(65): view('page_home', [...])
 8 SYSTEMPATH\CodeIgniter.php(896): App\Controllers\Publik->index()
 9 SYSTEMPATH\CodeIgniter.php(466): CodeIgniter\CodeIgniter->runController(Object(App\Controllers\Publik))
10 SYSTEMPATH\CodeIgniter.php(349): CodeIgniter\CodeIgniter->handleRequest(null, Object(Config\Cache), false)
11 FCPATH\index.php(55): CodeIgniter\CodeIgniter->run()
ERROR - 2022-10-19 15:24:39 --> Error connecting to the database: No connection could be made because the target machine actively refused it.

CRITICAL - 2022-10-19 15:24:39 --> Unable to connect to the database.
Main connection [MySQLi]: No connection could be made because the target machine actively refused it.

in SYSTEMPATH\Database\BaseConnection.php on line 416.
 1 SYSTEMPATH\Database\BaseConnection.php(586): CodeIgniter\Database\BaseConnection->initialize()
 2 SYSTEMPATH\Database\BaseBuilder.php(1585): CodeIgniter\Database\BaseConnection->query('SELECT *
FROM `tb_komoditas`
JOIN `tb_grup_komoditas` ON `tb_komoditas`.`komoditas_grup` = `tb_grup_komoditas`.`grup_komoditas_id`
WHERE `komoditas_status` = :komoditas_status:
ORDER BY `komoditas_create_time` DESC
 LIMIT 20', [...], false)
 3 APPPATH\Models\Komoditas_model.php(58): CodeIgniter\Database\BaseBuilder->get()
 4 APPPATH\Controllers\Backend.php(924): App\Models\Komoditas_model->get_all_komoditas_by_filter(20, 'C:\\xampp\\htdocs\\pasar', 'null')
 5 SYSTEMPATH\CodeIgniter.php(896): App\Controllers\Backend->get_harga_komoditas_harian()
 6 SYSTEMPATH\CodeIgniter.php(466): CodeIgniter\CodeIgniter->runController(Object(App\Controllers\Backend))
 7 SYSTEMPATH\CodeIgniter.php(349): CodeIgniter\CodeIgniter->handleRequest(null, Object(Config\Cache), false)
 8 FCPATH\index.php(55): CodeIgniter\CodeIgniter->run()
ERROR - 2022-10-19 16:08:19 --> Error connecting to the database: No connection could be made because the target machine actively refused it.

CRITICAL - 2022-10-19 16:08:19 --> Unable to connect to the database.
Main connection [MySQLi]: No connection could be made because the target machine actively refused it.

in SYSTEMPATH\Database\BaseConnection.php on line 416.
 1 SYSTEMPATH\Database\BaseConnection.php(586): CodeIgniter\Database\BaseConnection->initialize()
 2 SYSTEMPATH\Database\BaseBuilder.php(1585): CodeIgniter\Database\BaseConnection->query('SELECT *
FROM `tb_komoditas`
JOIN `tb_grup_komoditas` ON `tb_komoditas`.`komoditas_grup` = `tb_grup_komoditas`.`grup_komoditas_id`
WHERE `komoditas_status` = :komoditas_status:
ORDER BY `komoditas_create_time` DESC
 LIMIT 20', [...], false)
 3 APPPATH\Models\Komoditas_model.php(58): CodeIgniter\Database\BaseBuilder->get()
 4 APPPATH\Controllers\Backend.php(924): App\Models\Komoditas_model->get_all_komoditas_by_filter(20, 'C:\\xampp\\htdocs\\pasar', 'null')
 5 SYSTEMPATH\CodeIgniter.php(896): App\Controllers\Backend->get_harga_komoditas_harian()
 6 SYSTEMPATH\CodeIgniter.php(466): CodeIgniter\CodeIgniter->runController(Object(App\Controllers\Backend))
 7 SYSTEMPATH\CodeIgniter.php(349): CodeIgniter\CodeIgniter->handleRequest(null, Object(Config\Cache), false)
 8 FCPATH\index.php(55): CodeIgniter\CodeIgniter->run()
ERROR - 2022-10-19 16:08:31 --> Error connecting to the database: No connection could be made because the target machine actively refused it.

CRITICAL - 2022-10-19 16:08:31 --> Unable to connect to the database.
Main connection [MySQLi]: No connection could be made because the target machine actively refused it.

in SYSTEMPATH\Database\BaseConnection.php on line 416.
 1 SYSTEMPATH\Database\BaseConnection.php(586): CodeIgniter\Database\BaseConnection->initialize()
 2 SYSTEMPATH\Database\BaseBuilder.php(1585): CodeIgniter\Database\BaseConnection->query('SELECT *
FROM `tb_komoditas`
JOIN `tb_grup_komoditas` ON `tb_komoditas`.`komoditas_grup` = `tb_grup_komoditas`.`grup_komoditas_id`
WHERE `komoditas_status` = :komoditas_status:
ORDER BY `komoditas_create_time` DESC
 LIMIT 20', [...], false)
 3 APPPATH\Models\Komoditas_model.php(58): CodeIgniter\Database\BaseBuilder->get()
 4 APPPATH\Controllers\Backend.php(924): App\Models\Komoditas_model->get_all_komoditas_by_filter(20, 'C:\\xampp\\htdocs\\pasar', 'null')
 5 SYSTEMPATH\CodeIgniter.php(896): App\Controllers\Backend->get_harga_komoditas_harian()
 6 SYSTEMPATH\CodeIgniter.php(466): CodeIgniter\CodeIgniter->runController(Object(App\Controllers\Backend))
 7 SYSTEMPATH\CodeIgniter.php(349): CodeIgniter\CodeIgniter->handleRequest(null, Object(Config\Cache), false)
 8 FCPATH\index.php(55): CodeIgniter\CodeIgniter->run()
ERROR - 2022-10-19 16:08:40 --> Error connecting to the database: No connection could be made because the target machine actively refused it.

CRITICAL - 2022-10-19 16:08:40 --> Unable to connect to the database.
Main connection [MySQLi]: No connection could be made because the target machine actively refused it.

in SYSTEMPATH\Database\BaseConnection.php on line 416.
 1 SYSTEMPATH\Database\BaseConnection.php(586): CodeIgniter\Database\BaseConnection->initialize()
 2 SYSTEMPATH\Database\BaseBuilder.php(1669): CodeIgniter\Database\BaseConnection->query('SELECT COUNT(*) AS `numrows`
FROM `tb_komoditas`
WHERE `komoditas_status` = :komoditas_status:', [...], false)
 3 APPPATH\Models\Komoditas_model.php(24): CodeIgniter\Database\BaseBuilder->countAllResults()
 4 APPPATH\Controllers\Backend.php(126): App\Models\Komoditas_model->count_komoditas_by_filter('C:\\xampp\\htdocs\\pasar', 'null')
 5 SYSTEMPATH\CodeIgniter.php(896): App\Controllers\Backend->dashboard_info()
 6 SYSTEMPATH\CodeIgniter.php(466): CodeIgniter\CodeIgniter->runController(Object(App\Controllers\Backend))
 7 SYSTEMPATH\CodeIgniter.php(349): CodeIgniter\CodeIgniter->handleRequest(null, Object(Config\Cache), false)
 8 FCPATH\index.php(55): CodeIgniter\CodeIgniter->run()
ERROR - 2022-10-19 16:11:27 --> Error connecting to the database: No connection could be made because the target machine actively refused it.

CRITICAL - 2022-10-19 16:11:27 --> Unable to connect to the database.
Main connection [MySQLi]: No connection could be made because the target machine actively refused it.

in SYSTEMPATH\Database\BaseConnection.php on line 416.
 1 SYSTEMPATH\Database\BaseConnection.php(586): CodeIgniter\Database\BaseConnection->initialize()
 2 SYSTEMPATH\Database\BaseBuilder.php(1669): CodeIgniter\Database\BaseConnection->query('SELECT COUNT(*) AS `numrows`
FROM `tb_komoditas`
WHERE `komoditas_status` = :komoditas_status:', [...], false)
 3 APPPATH\Models\Komoditas_model.php(24): CodeIgniter\Database\BaseBuilder->countAllResults()
 4 APPPATH\Controllers\Backend.php(126): App\Models\Komoditas_model->count_komoditas_by_filter('C:\\xampp\\htdocs\\pasar', 'null')
 5 SYSTEMPATH\CodeIgniter.php(896): App\Controllers\Backend->dashboard_info()
 6 SYSTEMPATH\CodeIgniter.php(466): CodeIgniter\CodeIgniter->runController(Object(App\Controllers\Backend))
 7 SYSTEMPATH\CodeIgniter.php(349): CodeIgniter\CodeIgniter->handleRequest(null, Object(Config\Cache), false)
 8 FCPATH\index.php(55): CodeIgniter\CodeIgniter->run()
ERROR - 2022-10-19 16:11:49 --> Error connecting to the database: No connection could be made because the target machine actively refused it.

CRITICAL - 2022-10-19 16:11:49 --> Unable to connect to the database.
Main connection [MySQLi]: No connection could be made because the target machine actively refused it.

in SYSTEMPATH\Database\BaseConnection.php on line 416.
 1 SYSTEMPATH\Database\BaseConnection.php(586): CodeIgniter\Database\BaseConnection->initialize()
 2 SYSTEMPATH\Database\BaseBuilder.php(1669): CodeIgniter\Database\BaseConnection->query('SELECT COUNT(*) AS `numrows`
FROM `tb_komoditas`
WHERE `komoditas_status` = :komoditas_status:', [...], false)
 3 APPPATH\Models\Komoditas_model.php(24): CodeIgniter\Database\BaseBuilder->countAllResults()
 4 APPPATH\Controllers\Backend.php(126): App\Models\Komoditas_model->count_komoditas_by_filter('C:\\xampp\\htdocs\\pasar', 'null')
 5 SYSTEMPATH\CodeIgniter.php(896): App\Controllers\Backend->dashboard_info()
 6 SYSTEMPATH\CodeIgniter.php(466): CodeIgniter\CodeIgniter->runController(Object(App\Controllers\Backend))
 7 SYSTEMPATH\CodeIgniter.php(349): CodeIgniter\CodeIgniter->handleRequest(null, Object(Config\Cache), false)
 8 FCPATH\index.php(55): CodeIgniter\CodeIgniter->run()
