ERROR - 2023-03-03 11:48:51 --> Unknown column 'jualan_status' in 'where clause'
ERROR - 2023-03-03 13:16:42 --> Unknown column 'tb_grup_komoditas.komoditas_grup_id' in 'on clause'
ERROR - 2023-03-03 13:16:42 --> Unknown column 'jualan_status' in 'where clause'
CRITICAL - 2023-03-03 14:25:07 --> usort() expects parameter 2 to be a valid callback, function 'sortByPrioritas' not found or invalid function name
in APPPATH/Controllers/Backend.php on line 3808.
 1 [internal function]: CodeIgniter\Debug\Exceptions->errorHandler()
 2 APPPATH/Controllers/Backend.php(3808): usort()
 3 SYSTEMPATH/CodeIgniter.php(896): App\Controllers\Backend->get_statistik()
 4 SYSTEMPATH/CodeIgniter.php(466): CodeIgniter\CodeIgniter->runController()
 5 SYSTEMPATH/CodeIgniter.php(349): CodeIgniter\CodeIgniter->handleRequest()
 6 FCPATH/index.php(55): CodeIgniter\CodeIgniter->run()
CRITICAL - 2023-03-03 14:25:08 --> usort() expects parameter 2 to be a valid callback, function 'sortByPrioritas' not found or invalid function name
in APPPATH/Controllers/Backend.php on line 3808.
 1 [internal function]: CodeIgniter\Debug\Exceptions->errorHandler()
 2 APPPATH/Controllers/Backend.php(3808): usort()
 3 SYSTEMPATH/CodeIgniter.php(896): App\Controllers\Backend->get_statistik()
 4 SYSTEMPATH/CodeIgniter.php(466): CodeIgniter\CodeIgniter->runController()
 5 SYSTEMPATH/CodeIgniter.php(349): CodeIgniter\CodeIgniter->handleRequest()
 6 FCPATH/index.php(55): CodeIgniter\CodeIgniter->run()
CRITICAL - 2023-03-03 14:27:55 --> usort() expects parameter 2 to be a valid callback, function 'sortByPrioritas' not found or invalid function name
in APPPATH/Controllers/Backend.php on line 3808.
 1 [internal function]: CodeIgniter\Debug\Exceptions->errorHandler()
 2 APPPATH/Controllers/Backend.php(3808): usort()
 3 SYSTEMPATH/CodeIgniter.php(896): App\Controllers\Backend->get_statistik()
 4 SYSTEMPATH/CodeIgniter.php(466): CodeIgniter\CodeIgniter->runController()
 5 SYSTEMPATH/CodeIgniter.php(349): CodeIgniter\CodeIgniter->handleRequest()
 6 FCPATH/index.php(55): CodeIgniter\CodeIgniter->run()
CRITICAL - 2023-03-03 14:27:56 --> usort() expects parameter 2 to be a valid callback, function 'sortByPrioritas' not found or invalid function name
in APPPATH/Controllers/Backend.php on line 3808.
 1 [internal function]: CodeIgniter\Debug\Exceptions->errorHandler()
 2 APPPATH/Controllers/Backend.php(3808): usort()
 3 SYSTEMPATH/CodeIgniter.php(896): App\Controllers\Backend->get_statistik()
 4 SYSTEMPATH/CodeIgniter.php(466): CodeIgniter\CodeIgniter->runController()
 5 SYSTEMPATH/CodeIgniter.php(349): CodeIgniter\CodeIgniter->handleRequest()
 6 FCPATH/index.php(55): CodeIgniter\CodeIgniter->run()
CRITICAL - 2023-03-03 14:27:57 --> usort() expects parameter 2 to be a valid callback, function 'sortByPrioritas' not found or invalid function name
in APPPATH/Controllers/Backend.php on line 3808.
 1 [internal function]: CodeIgniter\Debug\Exceptions->errorHandler()
 2 APPPATH/Controllers/Backend.php(3808): usort()
 3 SYSTEMPATH/CodeIgniter.php(896): App\Controllers\Backend->get_statistik()
 4 SYSTEMPATH/CodeIgniter.php(466): CodeIgniter\CodeIgniter->runController()
 5 SYSTEMPATH/CodeIgniter.php(349): CodeIgniter\CodeIgniter->handleRequest()
 6 FCPATH/index.php(55): CodeIgniter\CodeIgniter->run()
CRITICAL - 2023-03-03 14:28:01 --> usort() expects parameter 2 to be a valid callback, function 'sortByPrioritas' not found or invalid function name
in APPPATH/Controllers/Backend.php on line 3808.
 1 [internal function]: CodeIgniter\Debug\Exceptions->errorHandler()
 2 APPPATH/Controllers/Backend.php(3808): usort()
 3 SYSTEMPATH/CodeIgniter.php(896): App\Controllers\Backend->get_statistik()
 4 SYSTEMPATH/CodeIgniter.php(466): CodeIgniter\CodeIgniter->runController()
 5 SYSTEMPATH/CodeIgniter.php(349): CodeIgniter\CodeIgniter->handleRequest()
 6 FCPATH/index.php(55): CodeIgniter\CodeIgniter->run()
CRITICAL - 2023-03-03 14:28:02 --> usort() expects parameter 2 to be a valid callback, function 'sortByPrioritas' not found or invalid function name
in APPPATH/Controllers/Backend.php on line 3808.
 1 [internal function]: CodeIgniter\Debug\Exceptions->errorHandler()
 2 APPPATH/Controllers/Backend.php(3808): usort()
 3 SYSTEMPATH/CodeIgniter.php(896): App\Controllers\Backend->get_statistik()
 4 SYSTEMPATH/CodeIgniter.php(466): CodeIgniter\CodeIgniter->runController()
 5 SYSTEMPATH/CodeIgniter.php(349): CodeIgniter\CodeIgniter->handleRequest()
 6 FCPATH/index.php(55): CodeIgniter\CodeIgniter->run()
CRITICAL - 2023-03-03 14:28:03 --> usort() expects parameter 2 to be a valid callback, function 'sortByPrioritas' not found or invalid function name
in APPPATH/Controllers/Backend.php on line 3808.
 1 [internal function]: CodeIgniter\Debug\Exceptions->errorHandler()
 2 APPPATH/Controllers/Backend.php(3808): usort()
 3 SYSTEMPATH/CodeIgniter.php(896): App\Controllers\Backend->get_statistik()
 4 SYSTEMPATH/CodeIgniter.php(466): CodeIgniter\CodeIgniter->runController()
 5 SYSTEMPATH/CodeIgniter.php(349): CodeIgniter\CodeIgniter->handleRequest()
 6 FCPATH/index.php(55): CodeIgniter\CodeIgniter->run()
CRITICAL - 2023-03-03 14:28:04 --> usort() expects parameter 2 to be a valid callback, function 'sortByPrioritas' not found or invalid function name
in APPPATH/Controllers/Backend.php on line 3808.
 1 [internal function]: CodeIgniter\Debug\Exceptions->errorHandler()
 2 APPPATH/Controllers/Backend.php(3808): usort()
 3 SYSTEMPATH/CodeIgniter.php(896): App\Controllers\Backend->get_statistik()
 4 SYSTEMPATH/CodeIgniter.php(466): CodeIgniter\CodeIgniter->runController()
 5 SYSTEMPATH/CodeIgniter.php(349): CodeIgniter\CodeIgniter->handleRequest()
 6 FCPATH/index.php(55): CodeIgniter\CodeIgniter->run()
CRITICAL - 2023-03-03 14:28:05 --> usort() expects parameter 2 to be a valid callback, function 'sortByPrioritas' not found or invalid function name
in APPPATH/Controllers/Backend.php on line 3808.
 1 [internal function]: CodeIgniter\Debug\Exceptions->errorHandler()
 2 APPPATH/Controllers/Backend.php(3808): usort()
 3 SYSTEMPATH/CodeIgniter.php(896): App\Controllers\Backend->get_statistik()
 4 SYSTEMPATH/CodeIgniter.php(466): CodeIgniter\CodeIgniter->runController()
 5 SYSTEMPATH/CodeIgniter.php(349): CodeIgniter\CodeIgniter->handleRequest()
 6 FCPATH/index.php(55): CodeIgniter\CodeIgniter->run()
CRITICAL - 2023-03-03 14:28:11 --> usort() expects parameter 2 to be a valid callback, function 'sortByPrioritas' not found or invalid function name
in APPPATH/Controllers/Backend.php on line 3808.
 1 [internal function]: CodeIgniter\Debug\Exceptions->errorHandler()
 2 APPPATH/Controllers/Backend.php(3808): usort()
 3 SYSTEMPATH/CodeIgniter.php(896): App\Controllers\Backend->get_statistik()
 4 SYSTEMPATH/CodeIgniter.php(466): CodeIgniter\CodeIgniter->runController()
 5 SYSTEMPATH/CodeIgniter.php(349): CodeIgniter\CodeIgniter->handleRequest()
 6 FCPATH/index.php(55): CodeIgniter\CodeIgniter->run()
CRITICAL - 2023-03-03 14:28:13 --> usort() expects parameter 2 to be a valid callback, function 'sortByPrioritas' not found or invalid function name
in APPPATH/Controllers/Backend.php on line 3808.
 1 [internal function]: CodeIgniter\Debug\Exceptions->errorHandler()
 2 APPPATH/Controllers/Backend.php(3808): usort()
 3 SYSTEMPATH/CodeIgniter.php(896): App\Controllers\Backend->get_statistik()
 4 SYSTEMPATH/CodeIgniter.php(466): CodeIgniter\CodeIgniter->runController()
 5 SYSTEMPATH/CodeIgniter.php(349): CodeIgniter\CodeIgniter->handleRequest()
 6 FCPATH/index.php(55): CodeIgniter\CodeIgniter->run()
CRITICAL - 2023-03-03 14:28:14 --> usort() expects parameter 2 to be a valid callback, function 'sortByPrioritas' not found or invalid function name
in APPPATH/Controllers/Backend.php on line 3808.
 1 [internal function]: CodeIgniter\Debug\Exceptions->errorHandler()
 2 APPPATH/Controllers/Backend.php(3808): usort()
 3 SYSTEMPATH/CodeIgniter.php(896): App\Controllers\Backend->get_statistik()
 4 SYSTEMPATH/CodeIgniter.php(466): CodeIgniter\CodeIgniter->runController()
 5 SYSTEMPATH/CodeIgniter.php(349): CodeIgniter\CodeIgniter->handleRequest()
 6 FCPATH/index.php(55): CodeIgniter\CodeIgniter->run()
CRITICAL - 2023-03-03 14:35:19 --> usort() expects parameter 2 to be a valid callback, function 'sortByPrioritas' not found or invalid function name
in APPPATH/Controllers/Backend.php on line 3808.
 1 [internal function]: CodeIgniter\Debug\Exceptions->errorHandler()
 2 APPPATH/Controllers/Backend.php(3808): usort()
 3 SYSTEMPATH/CodeIgniter.php(896): App\Controllers\Backend->get_statistik()
 4 SYSTEMPATH/CodeIgniter.php(466): CodeIgniter\CodeIgniter->runController()
 5 SYSTEMPATH/CodeIgniter.php(349): CodeIgniter\CodeIgniter->handleRequest()
 6 FCPATH/index.php(55): CodeIgniter\CodeIgniter->run()
CRITICAL - 2023-03-03 14:35:28 --> usort() expects parameter 2 to be a valid callback, function 'sortByPrioritas' not found or invalid function name
in APPPATH/Controllers/Backend.php on line 3808.
 1 [internal function]: CodeIgniter\Debug\Exceptions->errorHandler()
 2 APPPATH/Controllers/Backend.php(3808): usort()
 3 SYSTEMPATH/CodeIgniter.php(896): App\Controllers\Backend->get_statistik()
 4 SYSTEMPATH/CodeIgniter.php(466): CodeIgniter\CodeIgniter->runController()
 5 SYSTEMPATH/CodeIgniter.php(349): CodeIgniter\CodeIgniter->handleRequest()
 6 FCPATH/index.php(55): CodeIgniter\CodeIgniter->run()
CRITICAL - 2023-03-03 14:35:35 --> usort() expects parameter 2 to be a valid callback, function 'sortByPrioritas' not found or invalid function name
in APPPATH/Controllers/Backend.php on line 3808.
 1 [internal function]: CodeIgniter\Debug\Exceptions->errorHandler()
 2 APPPATH/Controllers/Backend.php(3808): usort()
 3 SYSTEMPATH/CodeIgniter.php(896): App\Controllers\Backend->get_statistik()
 4 SYSTEMPATH/CodeIgniter.php(466): CodeIgniter\CodeIgniter->runController()
 5 SYSTEMPATH/CodeIgniter.php(349): CodeIgniter\CodeIgniter->handleRequest()
 6 FCPATH/index.php(55): CodeIgniter\CodeIgniter->run()
CRITICAL - 2023-03-03 14:36:01 --> usort() expects parameter 2 to be a valid callback, function 'sortByPrioritas' not found or invalid function name
in APPPATH/Controllers/Backend.php on line 3808.
 1 [internal function]: CodeIgniter\Debug\Exceptions->errorHandler()
 2 APPPATH/Controllers/Backend.php(3808): usort()
 3 SYSTEMPATH/CodeIgniter.php(896): App\Controllers\Backend->get_statistik()
 4 SYSTEMPATH/CodeIgniter.php(466): CodeIgniter\CodeIgniter->runController()
 5 SYSTEMPATH/CodeIgniter.php(349): CodeIgniter\CodeIgniter->handleRequest()
 6 FCPATH/index.php(55): CodeIgniter\CodeIgniter->run()
CRITICAL - 2023-03-03 14:36:46 --> syntax error, unexpected end of file, expecting variable (T_VARIABLE) or ${ (T_DOLLAR_OPEN_CURLY_BRACES) or {$ (T_CURLY_OPEN)
in APPPATH/Helpers/additional_helper.php on line 404.
 1 SYSTEMPATH/Controller.php(85): helper()
 2 APPPATH/Controllers/BaseController.php(46): CodeIgniter\Controller->initController()
 3 SYSTEMPATH/CodeIgniter.php(859): App\Controllers\BaseController->initController()
 4 SYSTEMPATH/CodeIgniter.php(457): CodeIgniter\CodeIgniter->createController()
 5 SYSTEMPATH/CodeIgniter.php(349): CodeIgniter\CodeIgniter->handleRequest()
 6 FCPATH/index.php(55): CodeIgniter\CodeIgniter->run()
