CRITICAL - 2023-01-05 09:45:02 --> Trying to access array offset on value of type null
in APPPATH\Views\public\page_home.php on line 115.
 1 APPPATH\Views\public\page_home.php(115): CodeIgniter\Debug\Exceptions->errorHandler(8, 'Trying to access array offset on value of type null', 'APPPATH\\Views\\public\\page_home.php', 115, [...])
 2 SYSTEMPATH\View\View.php(213): include('APPPATH\\Views\\public\\page_home.php')
 3 SYSTEMPATH\View\View.php(216): CodeIgniter\View\View->CodeIgniter\View\{closure}()
 4 SYSTEMPATH\Common.php(1135): CodeIgniter\View\View->render('page_home', [], true)
 5 APPPATH\Controllers\Publik.php(41): view('page_home', [...])
 6 SYSTEMPATH\CodeIgniter.php(896): App\Controllers\Publik->index()
 7 SYSTEMPATH\CodeIgniter.php(466): CodeIgniter\CodeIgniter->runController(Object(App\Controllers\Publik))
 8 SYSTEMPATH\CodeIgniter.php(349): CodeIgniter\CodeIgniter->handleRequest(null, Object(Config\Cache), false)
 9 FCPATH\index.php(55): CodeIgniter\CodeIgniter->run()
CRITICAL - 2023-01-05 09:48:02 --> Trying to access array offset on value of type null
in APPPATH\Views\public\page_home.php on line 115.
 1 APPPATH\Views\public\page_home.php(115): CodeIgniter\Debug\Exceptions->errorHandler(8, 'Trying to access array offset on value of type null', 'APPPATH\\Views\\public\\page_home.php', 115, [...])
 2 SYSTEMPATH\View\View.php(213): include('APPPATH\\Views\\public\\page_home.php')
 3 SYSTEMPATH\View\View.php(216): CodeIgniter\View\View->CodeIgniter\View\{closure}()
 4 SYSTEMPATH\Common.php(1135): CodeIgniter\View\View->render('page_home', [], true)
 5 APPPATH\Controllers\Publik.php(41): view('page_home', [...])
 6 SYSTEMPATH\CodeIgniter.php(896): App\Controllers\Publik->index()
 7 SYSTEMPATH\CodeIgniter.php(466): CodeIgniter\CodeIgniter->runController(Object(App\Controllers\Publik))
 8 SYSTEMPATH\CodeIgniter.php(349): CodeIgniter\CodeIgniter->handleRequest(null, Object(Config\Cache), false)
 9 FCPATH\index.php(55): CodeIgniter\CodeIgniter->run()
CRITICAL - 2023-01-05 10:17:31 --> Call to undefined method App\Models\Komoditas_stok_model::count_barang_by_filter
in SYSTEMPATH\Model.php on line 773.
 1 APPPATH\Controllers\Backend.php(178): CodeIgniter\Model->__call('count_barang_by_filter', [...])
 2 SYSTEMPATH\CodeIgniter.php(896): App\Controllers\Backend->dashboard_info()
 3 SYSTEMPATH\CodeIgniter.php(466): CodeIgniter\CodeIgniter->runController(Object(App\Controllers\Backend))
 4 SYSTEMPATH\CodeIgniter.php(349): CodeIgniter\CodeIgniter->handleRequest(null, Object(Config\Cache), false)
 5 FCPATH\index.php(55): CodeIgniter\CodeIgniter->run()
CRITICAL - 2023-01-05 10:17:33 --> Call to undefined method App\Models\Komoditas_stok_model::count_barang_by_filter
in SYSTEMPATH\Model.php on line 773.
 1 APPPATH\Controllers\Backend.php(178): CodeIgniter\Model->__call('count_barang_by_filter', [...])
 2 SYSTEMPATH\CodeIgniter.php(896): App\Controllers\Backend->dashboard_info()
 3 SYSTEMPATH\CodeIgniter.php(466): CodeIgniter\CodeIgniter->runController(Object(App\Controllers\Backend))
 4 SYSTEMPATH\CodeIgniter.php(349): CodeIgniter\CodeIgniter->handleRequest(null, Object(Config\Cache), false)
 5 FCPATH\index.php(55): CodeIgniter\CodeIgniter->run()
CRITICAL - 2023-01-05 10:17:45 --> Call to undefined method App\Models\Komoditas_stok_model::count_barang_by_filter
in SYSTEMPATH\Model.php on line 773.
 1 APPPATH\Controllers\Backend.php(178): CodeIgniter\Model->__call('count_barang_by_filter', [...])
 2 SYSTEMPATH\CodeIgniter.php(896): App\Controllers\Backend->dashboard_info()
 3 SYSTEMPATH\CodeIgniter.php(466): CodeIgniter\CodeIgniter->runController(Object(App\Controllers\Backend))
 4 SYSTEMPATH\CodeIgniter.php(349): CodeIgniter\CodeIgniter->handleRequest(null, Object(Config\Cache), false)
 5 FCPATH\index.php(55): CodeIgniter\CodeIgniter->run()
CRITICAL - 2023-01-05 10:18:37 --> Call to undefined method App\Models\Komoditas_stok_model::count_barang_by_filter
in SYSTEMPATH\Model.php on line 773.
 1 APPPATH\Controllers\Backend.php(178): CodeIgniter\Model->__call('count_barang_by_filter', [...])
 2 SYSTEMPATH\CodeIgniter.php(896): App\Controllers\Backend->dashboard_info()
 3 SYSTEMPATH\CodeIgniter.php(466): CodeIgniter\CodeIgniter->runController(Object(App\Controllers\Backend))
 4 SYSTEMPATH\CodeIgniter.php(349): CodeIgniter\CodeIgniter->handleRequest(null, Object(Config\Cache), false)
 5 FCPATH\index.php(55): CodeIgniter\CodeIgniter->run()
CRITICAL - 2023-01-05 10:18:37 --> Call to undefined method App\Models\Komoditas_stok_model::count_barang_by_filter
in SYSTEMPATH\Model.php on line 773.
 1 APPPATH\Controllers\Backend.php(178): CodeIgniter\Model->__call('count_barang_by_filter', [...])
 2 SYSTEMPATH\CodeIgniter.php(896): App\Controllers\Backend->dashboard_info()
 3 SYSTEMPATH\CodeIgniter.php(466): CodeIgniter\CodeIgniter->runController(Object(App\Controllers\Backend))
 4 SYSTEMPATH\CodeIgniter.php(349): CodeIgniter\CodeIgniter->handleRequest(null, Object(Config\Cache), false)
 5 FCPATH\index.php(55): CodeIgniter\CodeIgniter->run()
CRITICAL - 2023-01-05 10:18:38 --> Call to undefined method App\Models\Komoditas_stok_model::count_barang_by_filter
in SYSTEMPATH\Model.php on line 773.
 1 APPPATH\Controllers\Backend.php(178): CodeIgniter\Model->__call('count_barang_by_filter', [...])
 2 SYSTEMPATH\CodeIgniter.php(896): App\Controllers\Backend->dashboard_info()
 3 SYSTEMPATH\CodeIgniter.php(466): CodeIgniter\CodeIgniter->runController(Object(App\Controllers\Backend))
 4 SYSTEMPATH\CodeIgniter.php(349): CodeIgniter\CodeIgniter->handleRequest(null, Object(Config\Cache), false)
 5 FCPATH\index.php(55): CodeIgniter\CodeIgniter->run()
CRITICAL - 2023-01-05 10:18:41 --> Call to undefined method App\Models\Komoditas_stok_model::count_barang_by_filter
in SYSTEMPATH\Model.php on line 773.
 1 APPPATH\Controllers\Backend.php(178): CodeIgniter\Model->__call('count_barang_by_filter', [...])
 2 SYSTEMPATH\CodeIgniter.php(896): App\Controllers\Backend->dashboard_info()
 3 SYSTEMPATH\CodeIgniter.php(466): CodeIgniter\CodeIgniter->runController(Object(App\Controllers\Backend))
 4 SYSTEMPATH\CodeIgniter.php(349): CodeIgniter\CodeIgniter->handleRequest(null, Object(Config\Cache), false)
 5 FCPATH\index.php(55): CodeIgniter\CodeIgniter->run()
CRITICAL - 2023-01-05 10:19:01 --> Call to undefined method App\Models\Komoditas_stok_model::count_barang_by_filter
in SYSTEMPATH\Model.php on line 773.
 1 APPPATH\Controllers\Backend.php(178): CodeIgniter\Model->__call('count_barang_by_filter', [...])
 2 SYSTEMPATH\CodeIgniter.php(896): App\Controllers\Backend->dashboard_info()
 3 SYSTEMPATH\CodeIgniter.php(466): CodeIgniter\CodeIgniter->runController(Object(App\Controllers\Backend))
 4 SYSTEMPATH\CodeIgniter.php(349): CodeIgniter\CodeIgniter->handleRequest(null, Object(Config\Cache), false)
 5 FCPATH\index.php(55): CodeIgniter\CodeIgniter->run()
CRITICAL - 2023-01-05 10:19:02 --> Call to undefined method App\Models\Komoditas_stok_model::count_barang_by_filter
in SYSTEMPATH\Model.php on line 773.
 1 APPPATH\Controllers\Backend.php(178): CodeIgniter\Model->__call('count_barang_by_filter', [...])
 2 SYSTEMPATH\CodeIgniter.php(896): App\Controllers\Backend->dashboard_info()
 3 SYSTEMPATH\CodeIgniter.php(466): CodeIgniter\CodeIgniter->runController(Object(App\Controllers\Backend))
 4 SYSTEMPATH\CodeIgniter.php(349): CodeIgniter\CodeIgniter->handleRequest(null, Object(Config\Cache), false)
 5 FCPATH\index.php(55): CodeIgniter\CodeIgniter->run()
CRITICAL - 2023-01-05 10:19:03 --> Call to undefined method App\Models\Komoditas_stok_model::count_barang_by_filter
in SYSTEMPATH\Model.php on line 773.
 1 APPPATH\Controllers\Backend.php(178): CodeIgniter\Model->__call('count_barang_by_filter', [...])
 2 SYSTEMPATH\CodeIgniter.php(896): App\Controllers\Backend->dashboard_info()
 3 SYSTEMPATH\CodeIgniter.php(466): CodeIgniter\CodeIgniter->runController(Object(App\Controllers\Backend))
 4 SYSTEMPATH\CodeIgniter.php(349): CodeIgniter\CodeIgniter->handleRequest(null, Object(Config\Cache), false)
 5 FCPATH\index.php(55): CodeIgniter\CodeIgniter->run()
CRITICAL - 2023-01-05 10:20:02 --> Call to undefined method App\Models\Komoditas_stok_model::count_barang_by_filter
in SYSTEMPATH\Model.php on line 773.
 1 APPPATH\Controllers\Backend.php(178): CodeIgniter\Model->__call('count_barang_by_filter', [...])
 2 SYSTEMPATH\CodeIgniter.php(896): App\Controllers\Backend->dashboard_info()
 3 SYSTEMPATH\CodeIgniter.php(466): CodeIgniter\CodeIgniter->runController(Object(App\Controllers\Backend))
 4 SYSTEMPATH\CodeIgniter.php(349): CodeIgniter\CodeIgniter->handleRequest(null, Object(Config\Cache), false)
 5 FCPATH\index.php(55): CodeIgniter\CodeIgniter->run()
ERROR - 2023-01-05 11:18:47 --> Unknown column 'komoditas_status' in 'where clause'
CRITICAL - 2023-01-05 11:18:47 --> Unknown column 'komoditas_status' in 'where clause'
in SYSTEMPATH\Database\MySQLi\Connection.php on line 292.
 1 SYSTEMPATH\Database\MySQLi\Connection.php(292): mysqli->query('SELECT COUNT(*) AS `numrows`
FROM `tb_barang_lainnya`
WHERE `komoditas_status` = \'1\'', 0)
 2 SYSTEMPATH\Database\BaseConnection.php(695): CodeIgniter\Database\MySQLi\Connection->execute('SELECT COUNT(*) AS `numrows`
FROM `tb_barang_lainnya`
WHERE `komoditas_status` = \'1\'')
 3 SYSTEMPATH\Database\BaseConnection.php(609): CodeIgniter\Database\BaseConnection->simpleQuery('SELECT COUNT(*) AS `numrows`
FROM `tb_barang_lainnya`
WHERE `komoditas_status` = \'1\'')
 4 SYSTEMPATH\Database\BaseBuilder.php(1669): CodeIgniter\Database\BaseConnection->query('SELECT COUNT(*) AS `numrows`
FROM `tb_barang_lainnya`
WHERE `komoditas_status` = :komoditas_status:', [...], false)
 5 SYSTEMPATH\Model.php(550): CodeIgniter\Database\BaseBuilder->countAllResults(true)
 6 APPPATH\Controllers\Root.php(87): CodeIgniter\Model->countAllResults()
 7 SYSTEMPATH\CodeIgniter.php(896): App\Controllers\Root->dashboard()
 8 SYSTEMPATH\CodeIgniter.php(466): CodeIgniter\CodeIgniter->runController(Object(App\Controllers\Root))
 9 SYSTEMPATH\CodeIgniter.php(349): CodeIgniter\CodeIgniter->handleRequest(null, Object(Config\Cache), false)
10 FCPATH\index.php(55): CodeIgniter\CodeIgniter->run()
CRITICAL - 2023-01-05 11:24:30 --> Undefined index: barang
in APPPATH\Views\root\page_dashboard.php on line 146.
 1 APPPATH\Views\root\page_dashboard.php(146): CodeIgniter\Debug\Exceptions->errorHandler(8, 'Undefined index: barang', 'APPPATH\\Views\\root\\page_dashboard.php', 146, [...])
 2 SYSTEMPATH\View\View.php(213): include('APPPATH\\Views\\root\\page_dashboard.php')
 3 SYSTEMPATH\View\View.php(216): CodeIgniter\View\View->CodeIgniter\View\{closure}()
 4 SYSTEMPATH\Common.php(1135): CodeIgniter\View\View->render('root/page_dashboard', [], true)
 5 APPPATH\Controllers\Root.php(122): view('root/page_dashboard', [...])
 6 SYSTEMPATH\CodeIgniter.php(896): App\Controllers\Root->dashboard()
 7 SYSTEMPATH\CodeIgniter.php(466): CodeIgniter\CodeIgniter->runController(Object(App\Controllers\Root))
 8 SYSTEMPATH\CodeIgniter.php(349): CodeIgniter\CodeIgniter->handleRequest(null, Object(Config\Cache), false)
 9 FCPATH\index.php(55): CodeIgniter\CodeIgniter->run()
ERROR - 2023-01-05 14:52:27 --> Unknown column 'pedagang_nama' in 'where clause'
CRITICAL - 2023-01-05 14:52:27 --> Unknown column 'pedagang_nama' in 'where clause'
in SYSTEMPATH\Database\MySQLi\Connection.php on line 292.
 1 SYSTEMPATH\Database\MySQLi\Connection.php(292): mysqli->query('SELECT COUNT(*) AS `numrows`
FROM `tb_transaksi`
JOIN `tb_pasar` ON `tb_transaksi`.`transaksi_pasar` = `tb_pasar`.`pasar_id`
JOIN `tb_komoditas` ON `tb_transaksi`.`transaksi_komoditas` = `tb_komoditas`.`komoditas_id`
WHERE `tb_transaksi`.`transaksi_status` = \'1\'
AND `tb_komoditas`.`komoditas_status` = \'1\'
AND `tb_pasar`.`pasar_status` = \'1\'
AND   (
`komoditas_nama` LIKE \'%ayam%\' ESCAPE \'!\'
OR  `pedagang_nama` LIKE \'%ayam%\' ESCAPE \'!\'
OR  `pasar_nama` LIKE \'%ayam%\' ESCAPE \'!\'
 )', 0)
 2 SYSTEMPATH\Database\BaseConnection.php(695): CodeIgniter\Database\MySQLi\Connection->execute('SELECT COUNT(*) AS `numrows`
FROM `tb_transaksi`
JOIN `tb_pasar` ON `tb_transaksi`.`transaksi_pasar` = `tb_pasar`.`pasar_id`
JOIN `tb_komoditas` ON `tb_transaksi`.`transaksi_komoditas` = `tb_komoditas`.`komoditas_id`
WHERE `tb_transaksi`.`transaksi_status` = \'1\'
AND `tb_komoditas`.`komoditas_status` = \'1\'
AND `tb_pasar`.`pasar_status` = \'1\'
AND   (
`komoditas_nama` LIKE \'%ayam%\' ESCAPE \'!\'
OR  `pedagang_nama` LIKE \'%ayam%\' ESCAPE \'!\'
OR  `pasar_nama` LIKE \'%ayam%\' ESCAPE \'!\'
 )')
 3 SYSTEMPATH\Database\BaseConnection.php(609): CodeIgniter\Database\BaseConnection->simpleQuery('SELECT COUNT(*) AS `numrows`
FROM `tb_transaksi`
JOIN `tb_pasar` ON `tb_transaksi`.`transaksi_pasar` = `tb_pasar`.`pasar_id`
JOIN `tb_komoditas` ON `tb_transaksi`.`transaksi_komoditas` = `tb_komoditas`.`komoditas_id`
WHERE `tb_transaksi`.`transaksi_status` = \'1\'
AND `tb_komoditas`.`komoditas_status` = \'1\'
AND `tb_pasar`.`pasar_status` = \'1\'
AND   (
`komoditas_nama` LIKE \'%ayam%\' ESCAPE \'!\'
OR  `pedagang_nama` LIKE \'%ayam%\' ESCAPE \'!\'
OR  `pasar_nama` LIKE \'%ayam%\' ESCAPE \'!\'
 )')
 4 SYSTEMPATH\Database\BaseBuilder.php(1669): CodeIgniter\Database\BaseConnection->query('SELECT COUNT(*) AS `numrows`
FROM `tb_transaksi`
JOIN `tb_pasar` ON `tb_transaksi`.`transaksi_pasar` = `tb_pasar`.`pasar_id`
JOIN `tb_komoditas` ON `tb_transaksi`.`transaksi_komoditas` = `tb_komoditas`.`komoditas_id`
WHERE `tb_transaksi`.`transaksi_status` = :tb_transaksi.transaksi_status:
AND `tb_komoditas`.`komoditas_status` = :tb_komoditas.komoditas_status:
AND `tb_pasar`.`pasar_status` = :tb_pasar.pasar_status:
AND   (
`komoditas_nama` LIKE :komoditas_nama: ESCAPE \'!\'
OR  `pedagang_nama` LIKE :pedagang_nama: ESCAPE \'!\'
OR  `pasar_nama` LIKE :pasar_nama: ESCAPE \'!\'
 )', [...], false)
 5 APPPATH\Models\Transaksi_model.php(77): CodeIgniter\Database\BaseBuilder->countAllResults()
 6 APPPATH\Controllers\Backend.php(912): App\Models\Transaksi_model->count_transaksi_by_filter('ayam', 'C:\\xampp\\htdocs\\pasar', 'C:\\xampp\\htdocs\\pasar', 'all')
 7 SYSTEMPATH\CodeIgniter.php(896): App\Controllers\Backend->get_transaksi()
 8 SYSTEMPATH\CodeIgniter.php(466): CodeIgniter\CodeIgniter->runController(Object(App\Controllers\Backend))
 9 SYSTEMPATH\CodeIgniter.php(349): CodeIgniter\CodeIgniter->handleRequest(null, Object(Config\Cache), false)
10 FCPATH\index.php(55): CodeIgniter\CodeIgniter->run()
ERROR - 2023-01-05 14:52:31 --> Unknown column 'pedagang_nama' in 'where clause'
CRITICAL - 2023-01-05 14:52:31 --> Unknown column 'pedagang_nama' in 'where clause'
in SYSTEMPATH\Database\MySQLi\Connection.php on line 292.
 1 SYSTEMPATH\Database\MySQLi\Connection.php(292): mysqli->query('SELECT COUNT(*) AS `numrows`
FROM `tb_transaksi`
JOIN `tb_pasar` ON `tb_transaksi`.`transaksi_pasar` = `tb_pasar`.`pasar_id`
JOIN `tb_komoditas` ON `tb_transaksi`.`transaksi_komoditas` = `tb_komoditas`.`komoditas_id`
WHERE `tb_transaksi`.`transaksi_status` = \'1\'
AND `tb_komoditas`.`komoditas_status` = \'1\'
AND `tb_pasar`.`pasar_status` = \'1\'
AND   (
`komoditas_nama` LIKE \'%ayam%\' ESCAPE \'!\'
OR  `pedagang_nama` LIKE \'%ayam%\' ESCAPE \'!\'
OR  `pasar_nama` LIKE \'%ayam%\' ESCAPE \'!\'
 )', 0)
 2 SYSTEMPATH\Database\BaseConnection.php(695): CodeIgniter\Database\MySQLi\Connection->execute('SELECT COUNT(*) AS `numrows`
FROM `tb_transaksi`
JOIN `tb_pasar` ON `tb_transaksi`.`transaksi_pasar` = `tb_pasar`.`pasar_id`
JOIN `tb_komoditas` ON `tb_transaksi`.`transaksi_komoditas` = `tb_komoditas`.`komoditas_id`
WHERE `tb_transaksi`.`transaksi_status` = \'1\'
AND `tb_komoditas`.`komoditas_status` = \'1\'
AND `tb_pasar`.`pasar_status` = \'1\'
AND   (
`komoditas_nama` LIKE \'%ayam%\' ESCAPE \'!\'
OR  `pedagang_nama` LIKE \'%ayam%\' ESCAPE \'!\'
OR  `pasar_nama` LIKE \'%ayam%\' ESCAPE \'!\'
 )')
 3 SYSTEMPATH\Database\BaseConnection.php(609): CodeIgniter\Database\BaseConnection->simpleQuery('SELECT COUNT(*) AS `numrows`
FROM `tb_transaksi`
JOIN `tb_pasar` ON `tb_transaksi`.`transaksi_pasar` = `tb_pasar`.`pasar_id`
JOIN `tb_komoditas` ON `tb_transaksi`.`transaksi_komoditas` = `tb_komoditas`.`komoditas_id`
WHERE `tb_transaksi`.`transaksi_status` = \'1\'
AND `tb_komoditas`.`komoditas_status` = \'1\'
AND `tb_pasar`.`pasar_status` = \'1\'
AND   (
`komoditas_nama` LIKE \'%ayam%\' ESCAPE \'!\'
OR  `pedagang_nama` LIKE \'%ayam%\' ESCAPE \'!\'
OR  `pasar_nama` LIKE \'%ayam%\' ESCAPE \'!\'
 )')
 4 SYSTEMPATH\Database\BaseBuilder.php(1669): CodeIgniter\Database\BaseConnection->query('SELECT COUNT(*) AS `numrows`
FROM `tb_transaksi`
JOIN `tb_pasar` ON `tb_transaksi`.`transaksi_pasar` = `tb_pasar`.`pasar_id`
JOIN `tb_komoditas` ON `tb_transaksi`.`transaksi_komoditas` = `tb_komoditas`.`komoditas_id`
WHERE `tb_transaksi`.`transaksi_status` = :tb_transaksi.transaksi_status:
AND `tb_komoditas`.`komoditas_status` = :tb_komoditas.komoditas_status:
AND `tb_pasar`.`pasar_status` = :tb_pasar.pasar_status:
AND   (
`komoditas_nama` LIKE :komoditas_nama: ESCAPE \'!\'
OR  `pedagang_nama` LIKE :pedagang_nama: ESCAPE \'!\'
OR  `pasar_nama` LIKE :pasar_nama: ESCAPE \'!\'
 )', [...], false)
 5 APPPATH\Models\Transaksi_model.php(77): CodeIgniter\Database\BaseBuilder->countAllResults()
 6 APPPATH\Controllers\Backend.php(912): App\Models\Transaksi_model->count_transaksi_by_filter('ayam', 'C:\\xampp\\htdocs\\pasar', 'C:\\xampp\\htdocs\\pasar', 'all')
 7 SYSTEMPATH\CodeIgniter.php(896): App\Controllers\Backend->get_transaksi()
 8 SYSTEMPATH\CodeIgniter.php(466): CodeIgniter\CodeIgniter->runController(Object(App\Controllers\Backend))
 9 SYSTEMPATH\CodeIgniter.php(349): CodeIgniter\CodeIgniter->handleRequest(null, Object(Config\Cache), false)
10 FCPATH\index.php(55): CodeIgniter\CodeIgniter->run()
ERROR - 2023-01-05 14:52:32 --> Unknown column 'pedagang_nama' in 'where clause'
CRITICAL - 2023-01-05 14:52:32 --> Unknown column 'pedagang_nama' in 'where clause'
in SYSTEMPATH\Database\MySQLi\Connection.php on line 292.
 1 SYSTEMPATH\Database\MySQLi\Connection.php(292): mysqli->query('SELECT COUNT(*) AS `numrows`
FROM `tb_transaksi`
JOIN `tb_pasar` ON `tb_transaksi`.`transaksi_pasar` = `tb_pasar`.`pasar_id`
JOIN `tb_komoditas` ON `tb_transaksi`.`transaksi_komoditas` = `tb_komoditas`.`komoditas_id`
WHERE `tb_transaksi`.`transaksi_status` = \'1\'
AND `tb_komoditas`.`komoditas_status` = \'1\'
AND `tb_pasar`.`pasar_status` = \'1\'
AND   (
`komoditas_nama` LIKE \'%ayam%\' ESCAPE \'!\'
OR  `pedagang_nama` LIKE \'%ayam%\' ESCAPE \'!\'
OR  `pasar_nama` LIKE \'%ayam%\' ESCAPE \'!\'
 )', 0)
 2 SYSTEMPATH\Database\BaseConnection.php(695): CodeIgniter\Database\MySQLi\Connection->execute('SELECT COUNT(*) AS `numrows`
FROM `tb_transaksi`
JOIN `tb_pasar` ON `tb_transaksi`.`transaksi_pasar` = `tb_pasar`.`pasar_id`
JOIN `tb_komoditas` ON `tb_transaksi`.`transaksi_komoditas` = `tb_komoditas`.`komoditas_id`
WHERE `tb_transaksi`.`transaksi_status` = \'1\'
AND `tb_komoditas`.`komoditas_status` = \'1\'
AND `tb_pasar`.`pasar_status` = \'1\'
AND   (
`komoditas_nama` LIKE \'%ayam%\' ESCAPE \'!\'
OR  `pedagang_nama` LIKE \'%ayam%\' ESCAPE \'!\'
OR  `pasar_nama` LIKE \'%ayam%\' ESCAPE \'!\'
 )')
 3 SYSTEMPATH\Database\BaseConnection.php(609): CodeIgniter\Database\BaseConnection->simpleQuery('SELECT COUNT(*) AS `numrows`
FROM `tb_transaksi`
JOIN `tb_pasar` ON `tb_transaksi`.`transaksi_pasar` = `tb_pasar`.`pasar_id`
JOIN `tb_komoditas` ON `tb_transaksi`.`transaksi_komoditas` = `tb_komoditas`.`komoditas_id`
WHERE `tb_transaksi`.`transaksi_status` = \'1\'
AND `tb_komoditas`.`komoditas_status` = \'1\'
AND `tb_pasar`.`pasar_status` = \'1\'
AND   (
`komoditas_nama` LIKE \'%ayam%\' ESCAPE \'!\'
OR  `pedagang_nama` LIKE \'%ayam%\' ESCAPE \'!\'
OR  `pasar_nama` LIKE \'%ayam%\' ESCAPE \'!\'
 )')
 4 SYSTEMPATH\Database\BaseBuilder.php(1669): CodeIgniter\Database\BaseConnection->query('SELECT COUNT(*) AS `numrows`
FROM `tb_transaksi`
JOIN `tb_pasar` ON `tb_transaksi`.`transaksi_pasar` = `tb_pasar`.`pasar_id`
JOIN `tb_komoditas` ON `tb_transaksi`.`transaksi_komoditas` = `tb_komoditas`.`komoditas_id`
WHERE `tb_transaksi`.`transaksi_status` = :tb_transaksi.transaksi_status:
AND `tb_komoditas`.`komoditas_status` = :tb_komoditas.komoditas_status:
AND `tb_pasar`.`pasar_status` = :tb_pasar.pasar_status:
AND   (
`komoditas_nama` LIKE :komoditas_nama: ESCAPE \'!\'
OR  `pedagang_nama` LIKE :pedagang_nama: ESCAPE \'!\'
OR  `pasar_nama` LIKE :pasar_nama: ESCAPE \'!\'
 )', [...], false)
 5 APPPATH\Models\Transaksi_model.php(77): CodeIgniter\Database\BaseBuilder->countAllResults()
 6 APPPATH\Controllers\Backend.php(912): App\Models\Transaksi_model->count_transaksi_by_filter('ayam', 'C:\\xampp\\htdocs\\pasar', 'C:\\xampp\\htdocs\\pasar', 'all')
 7 SYSTEMPATH\CodeIgniter.php(896): App\Controllers\Backend->get_transaksi()
 8 SYSTEMPATH\CodeIgniter.php(466): CodeIgniter\CodeIgniter->runController(Object(App\Controllers\Backend))
 9 SYSTEMPATH\CodeIgniter.php(349): CodeIgniter\CodeIgniter->handleRequest(null, Object(Config\Cache), false)
10 FCPATH\index.php(55): CodeIgniter\CodeIgniter->run()
ERROR - 2023-01-05 14:52:36 --> Unknown column 'pedagang_nama' in 'where clause'
CRITICAL - 2023-01-05 14:52:36 --> Unknown column 'pedagang_nama' in 'where clause'
in SYSTEMPATH\Database\MySQLi\Connection.php on line 292.
 1 SYSTEMPATH\Database\MySQLi\Connection.php(292): mysqli->query('SELECT COUNT(*) AS `numrows`
FROM `tb_transaksi`
JOIN `tb_pasar` ON `tb_transaksi`.`transaksi_pasar` = `tb_pasar`.`pasar_id`
JOIN `tb_komoditas` ON `tb_transaksi`.`transaksi_komoditas` = `tb_komoditas`.`komoditas_id`
WHERE `tb_transaksi`.`transaksi_status` = \'1\'
AND `tb_komoditas`.`komoditas_status` = \'1\'
AND `tb_pasar`.`pasar_status` = \'1\'
AND   (
`komoditas_nama` LIKE \'%ayam%\' ESCAPE \'!\'
OR  `pedagang_nama` LIKE \'%ayam%\' ESCAPE \'!\'
OR  `pasar_nama` LIKE \'%ayam%\' ESCAPE \'!\'
 )', 0)
 2 SYSTEMPATH\Database\BaseConnection.php(695): CodeIgniter\Database\MySQLi\Connection->execute('SELECT COUNT(*) AS `numrows`
FROM `tb_transaksi`
JOIN `tb_pasar` ON `tb_transaksi`.`transaksi_pasar` = `tb_pasar`.`pasar_id`
JOIN `tb_komoditas` ON `tb_transaksi`.`transaksi_komoditas` = `tb_komoditas`.`komoditas_id`
WHERE `tb_transaksi`.`transaksi_status` = \'1\'
AND `tb_komoditas`.`komoditas_status` = \'1\'
AND `tb_pasar`.`pasar_status` = \'1\'
AND   (
`komoditas_nama` LIKE \'%ayam%\' ESCAPE \'!\'
OR  `pedagang_nama` LIKE \'%ayam%\' ESCAPE \'!\'
OR  `pasar_nama` LIKE \'%ayam%\' ESCAPE \'!\'
 )')
 3 SYSTEMPATH\Database\BaseConnection.php(609): CodeIgniter\Database\BaseConnection->simpleQuery('SELECT COUNT(*) AS `numrows`
FROM `tb_transaksi`
JOIN `tb_pasar` ON `tb_transaksi`.`transaksi_pasar` = `tb_pasar`.`pasar_id`
JOIN `tb_komoditas` ON `tb_transaksi`.`transaksi_komoditas` = `tb_komoditas`.`komoditas_id`
WHERE `tb_transaksi`.`transaksi_status` = \'1\'
AND `tb_komoditas`.`komoditas_status` = \'1\'
AND `tb_pasar`.`pasar_status` = \'1\'
AND   (
`komoditas_nama` LIKE \'%ayam%\' ESCAPE \'!\'
OR  `pedagang_nama` LIKE \'%ayam%\' ESCAPE \'!\'
OR  `pasar_nama` LIKE \'%ayam%\' ESCAPE \'!\'
 )')
 4 SYSTEMPATH\Database\BaseBuilder.php(1669): CodeIgniter\Database\BaseConnection->query('SELECT COUNT(*) AS `numrows`
FROM `tb_transaksi`
JOIN `tb_pasar` ON `tb_transaksi`.`transaksi_pasar` = `tb_pasar`.`pasar_id`
JOIN `tb_komoditas` ON `tb_transaksi`.`transaksi_komoditas` = `tb_komoditas`.`komoditas_id`
WHERE `tb_transaksi`.`transaksi_status` = :tb_transaksi.transaksi_status:
AND `tb_komoditas`.`komoditas_status` = :tb_komoditas.komoditas_status:
AND `tb_pasar`.`pasar_status` = :tb_pasar.pasar_status:
AND   (
`komoditas_nama` LIKE :komoditas_nama: ESCAPE \'!\'
OR  `pedagang_nama` LIKE :pedagang_nama: ESCAPE \'!\'
OR  `pasar_nama` LIKE :pasar_nama: ESCAPE \'!\'
 )', [...], false)
 5 APPPATH\Models\Transaksi_model.php(77): CodeIgniter\Database\BaseBuilder->countAllResults()
 6 APPPATH\Controllers\Backend.php(912): App\Models\Transaksi_model->count_transaksi_by_filter('ayam', 'C:\\xampp\\htdocs\\pasar', 'C:\\xampp\\htdocs\\pasar', 'all')
 7 SYSTEMPATH\CodeIgniter.php(896): App\Controllers\Backend->get_transaksi()
 8 SYSTEMPATH\CodeIgniter.php(466): CodeIgniter\CodeIgniter->runController(Object(App\Controllers\Backend))
 9 SYSTEMPATH\CodeIgniter.php(349): CodeIgniter\CodeIgniter->handleRequest(null, Object(Config\Cache), false)
10 FCPATH\index.php(55): CodeIgniter\CodeIgniter->run()
CRITICAL - 2023-01-05 16:35:53 --> Undefined index: user_name
in APPPATH\Views\root\page_artikel_add.php on line 99.
 1 APPPATH\Views\root\page_artikel_add.php(99): CodeIgniter\Debug\Exceptions->errorHandler(8, 'Undefined index: user_name', 'APPPATH\\Views\\root\\page_artikel_add.php', 99, [...])
 2 SYSTEMPATH\View\View.php(213): include('APPPATH\\Views\\root\\page_artikel_add.php')
 3 SYSTEMPATH\View\View.php(216): CodeIgniter\View\View->CodeIgniter\View\{closure}()
 4 SYSTEMPATH\Common.php(1135): CodeIgniter\View\View->render('root/page_artikel_add', [], true)
 5 APPPATH\Controllers\Root.php(159): view('root/page_artikel_add', [...])
 6 SYSTEMPATH\CodeIgniter.php(896): App\Controllers\Root->add_artikel()
 7 SYSTEMPATH\CodeIgniter.php(466): CodeIgniter\CodeIgniter->runController(Object(App\Controllers\Root))
 8 SYSTEMPATH\CodeIgniter.php(349): CodeIgniter\CodeIgniter->handleRequest(null, Object(Config\Cache), false)
 9 FCPATH\index.php(55): CodeIgniter\CodeIgniter->run()
