CRITICAL - 2023-02-01 10:37:03 --> Undefined property: stdClass::$status
in APPPATH/Viewspage_komoditas.php on line 32.
 1 APPPATH/Viewspage_komoditas.php(32): CodeIgniter\Debug\Exceptions->errorHandler()
 2 SYSTEMPATH/View/View.php(213): include('APPPATH/Viewspage_komoditas.php')
 3 SYSTEMPATH/View/View.php(216): CodeIgniter\View\View->CodeIgniter\View\{closure}()
 4 SYSTEMPATH/Common.php(1135): CodeIgniter\View\View->render()
 5 APPPATH/Controllers/Publik.php(193): view()
 6 SYSTEMPATH/CodeIgniter.php(896): App\Controllers\Publik->komoditas()
 7 SYSTEMPATH/CodeIgniter.php(466): CodeIgniter\CodeIgniter->runController()
 8 SYSTEMPATH/CodeIgniter.php(349): CodeIgniter\CodeIgniter->handleRequest()
 9 FCPATH/index.php(55): CodeIgniter\CodeIgniter->run()
CRITICAL - 2023-02-01 10:37:06 --> Undefined property: stdClass::$status
in APPPATH/Viewspage_komoditas.php on line 32.
 1 APPPATH/Viewspage_komoditas.php(32): CodeIgniter\Debug\Exceptions->errorHandler()
 2 SYSTEMPATH/View/View.php(213): include('APPPATH/Viewspage_komoditas.php')
 3 SYSTEMPATH/View/View.php(216): CodeIgniter\View\View->CodeIgniter\View\{closure}()
 4 SYSTEMPATH/Common.php(1135): CodeIgniter\View\View->render()
 5 APPPATH/Controllers/Publik.php(193): view()
 6 SYSTEMPATH/CodeIgniter.php(896): App\Controllers\Publik->komoditas()
 7 SYSTEMPATH/CodeIgniter.php(466): CodeIgniter\CodeIgniter->runController()
 8 SYSTEMPATH/CodeIgniter.php(349): CodeIgniter\CodeIgniter->handleRequest()
 9 FCPATH/index.php(55): CodeIgniter\CodeIgniter->run()
CRITICAL - 2023-02-01 10:37:55 --> Undefined property: stdClass::$status
in APPPATH/Viewspage_komoditas.php on line 32.
 1 APPPATH/Viewspage_komoditas.php(32): CodeIgniter\Debug\Exceptions->errorHandler()
 2 SYSTEMPATH/View/View.php(213): include('APPPATH/Viewspage_komoditas.php')
 3 SYSTEMPATH/View/View.php(216): CodeIgniter\View\View->CodeIgniter\View\{closure}()
 4 SYSTEMPATH/Common.php(1135): CodeIgniter\View\View->render()
 5 APPPATH/Controllers/Publik.php(193): view()
 6 SYSTEMPATH/CodeIgniter.php(896): App\Controllers\Publik->komoditas()
 7 SYSTEMPATH/CodeIgniter.php(466): CodeIgniter\CodeIgniter->runController()
 8 SYSTEMPATH/CodeIgniter.php(349): CodeIgniter\CodeIgniter->handleRequest()
 9 FCPATH/index.php(55): CodeIgniter\CodeIgniter->run()
CRITICAL - 2023-02-01 10:37:58 --> Undefined property: stdClass::$status
in APPPATH/Viewspage_komoditas.php on line 32.
 1 APPPATH/Viewspage_komoditas.php(32): CodeIgniter\Debug\Exceptions->errorHandler()
 2 SYSTEMPATH/View/View.php(213): include('APPPATH/Viewspage_komoditas.php')
 3 SYSTEMPATH/View/View.php(216): CodeIgniter\View\View->CodeIgniter\View\{closure}()
 4 SYSTEMPATH/Common.php(1135): CodeIgniter\View\View->render()
 5 APPPATH/Controllers/Publik.php(193): view()
 6 SYSTEMPATH/CodeIgniter.php(896): App\Controllers\Publik->komoditas()
 7 SYSTEMPATH/CodeIgniter.php(466): CodeIgniter\CodeIgniter->runController()
 8 SYSTEMPATH/CodeIgniter.php(349): CodeIgniter\CodeIgniter->handleRequest()
 9 FCPATH/index.php(55): CodeIgniter\CodeIgniter->run()
CRITICAL - 2023-02-01 10:40:40 --> Undefined property: stdClass::$status
in APPPATH/Viewspage_komoditas.php on line 32.
 1 APPPATH/Viewspage_komoditas.php(32): CodeIgniter\Debug\Exceptions->errorHandler()
 2 SYSTEMPATH/View/View.php(213): include('APPPATH/Viewspage_komoditas.php')
 3 SYSTEMPATH/View/View.php(216): CodeIgniter\View\View->CodeIgniter\View\{closure}()
 4 SYSTEMPATH/Common.php(1135): CodeIgniter\View\View->render()
 5 APPPATH/Controllers/Publik.php(193): view()
 6 SYSTEMPATH/CodeIgniter.php(896): App\Controllers\Publik->komoditas()
 7 SYSTEMPATH/CodeIgniter.php(466): CodeIgniter\CodeIgniter->runController()
 8 SYSTEMPATH/CodeIgniter.php(349): CodeIgniter\CodeIgniter->handleRequest()
 9 FCPATH/index.php(55): CodeIgniter\CodeIgniter->run()
CRITICAL - 2023-02-01 10:40:54 --> Undefined property: stdClass::$status
in APPPATH/Viewspage_komoditas.php on line 32.
 1 APPPATH/Viewspage_komoditas.php(32): CodeIgniter\Debug\Exceptions->errorHandler()
 2 SYSTEMPATH/View/View.php(213): include('APPPATH/Viewspage_komoditas.php')
 3 SYSTEMPATH/View/View.php(216): CodeIgniter\View\View->CodeIgniter\View\{closure}()
 4 SYSTEMPATH/Common.php(1135): CodeIgniter\View\View->render()
 5 APPPATH/Controllers/Publik.php(193): view()
 6 SYSTEMPATH/CodeIgniter.php(896): App\Controllers\Publik->komoditas()
 7 SYSTEMPATH/CodeIgniter.php(466): CodeIgniter\CodeIgniter->runController()
 8 SYSTEMPATH/CodeIgniter.php(349): CodeIgniter\CodeIgniter->handleRequest()
 9 FCPATH/index.php(55): CodeIgniter\CodeIgniter->run()
CRITICAL - 2023-02-01 10:54:21 --> Undefined property: stdClass::$status
in APPPATH/Viewspage_komoditas.php on line 32.
 1 APPPATH/Viewspage_komoditas.php(32): CodeIgniter\Debug\Exceptions->errorHandler()
 2 SYSTEMPATH/View/View.php(213): include('APPPATH/Viewspage_komoditas.php')
 3 SYSTEMPATH/View/View.php(216): CodeIgniter\View\View->CodeIgniter\View\{closure}()
 4 SYSTEMPATH/Common.php(1135): CodeIgniter\View\View->render()
 5 APPPATH/Controllers/Publik.php(193): view()
 6 SYSTEMPATH/CodeIgniter.php(896): App\Controllers\Publik->komoditas()
 7 SYSTEMPATH/CodeIgniter.php(466): CodeIgniter\CodeIgniter->runController()
 8 SYSTEMPATH/CodeIgniter.php(349): CodeIgniter\CodeIgniter->handleRequest()
 9 FCPATH/index.php(55): CodeIgniter\CodeIgniter->run()
CRITICAL - 2023-02-01 10:56:12 --> Undefined property: stdClass::$status
in APPPATH/Viewspage_komoditas.php on line 32.
 1 APPPATH/Viewspage_komoditas.php(32): CodeIgniter\Debug\Exceptions->errorHandler()
 2 SYSTEMPATH/View/View.php(213): include('APPPATH/Viewspage_komoditas.php')
 3 SYSTEMPATH/View/View.php(216): CodeIgniter\View\View->CodeIgniter\View\{closure}()
 4 SYSTEMPATH/Common.php(1135): CodeIgniter\View\View->render()
 5 APPPATH/Controllers/Publik.php(193): view()
 6 SYSTEMPATH/CodeIgniter.php(896): App\Controllers\Publik->komoditas()
 7 SYSTEMPATH/CodeIgniter.php(466): CodeIgniter\CodeIgniter->runController()
 8 SYSTEMPATH/CodeIgniter.php(349): CodeIgniter\CodeIgniter->handleRequest()
 9 FCPATH/index.php(55): CodeIgniter\CodeIgniter->run()
CRITICAL - 2023-02-01 10:59:57 --> Undefined property: stdClass::$status
in APPPATH/Viewspage_komoditas.php on line 32.
 1 APPPATH/Viewspage_komoditas.php(32): CodeIgniter\Debug\Exceptions->errorHandler()
 2 SYSTEMPATH/View/View.php(213): include('APPPATH/Viewspage_komoditas.php')
 3 SYSTEMPATH/View/View.php(216): CodeIgniter\View\View->CodeIgniter\View\{closure}()
 4 SYSTEMPATH/Common.php(1135): CodeIgniter\View\View->render()
 5 APPPATH/Controllers/Publik.php(193): view()
 6 SYSTEMPATH/CodeIgniter.php(896): App\Controllers\Publik->komoditas()
 7 SYSTEMPATH/CodeIgniter.php(466): CodeIgniter\CodeIgniter->runController()
 8 SYSTEMPATH/CodeIgniter.php(349): CodeIgniter\CodeIgniter->handleRequest()
 9 FCPATH/index.php(55): CodeIgniter\CodeIgniter->run()
CRITICAL - 2023-02-01 11:00:12 --> Undefined property: stdClass::$status
in APPPATH/Viewspage_komoditas.php on line 32.
 1 APPPATH/Viewspage_komoditas.php(32): CodeIgniter\Debug\Exceptions->errorHandler()
 2 SYSTEMPATH/View/View.php(213): include('APPPATH/Viewspage_komoditas.php')
 3 SYSTEMPATH/View/View.php(216): CodeIgniter\View\View->CodeIgniter\View\{closure}()
 4 SYSTEMPATH/Common.php(1135): CodeIgniter\View\View->render()
 5 APPPATH/Controllers/Publik.php(193): view()
 6 SYSTEMPATH/CodeIgniter.php(896): App\Controllers\Publik->komoditas()
 7 SYSTEMPATH/CodeIgniter.php(466): CodeIgniter\CodeIgniter->runController()
 8 SYSTEMPATH/CodeIgniter.php(349): CodeIgniter\CodeIgniter->handleRequest()
 9 FCPATH/index.php(55): CodeIgniter\CodeIgniter->run()
CRITICAL - 2023-02-01 11:06:17 --> Invalid file: page_home.php
in SYSTEMPATH/Exceptions/FrameworkException.php on line 33.
 1 SYSTEMPATH/View/View.php(201): CodeIgniter\Exceptions\FrameworkException::forInvalidFile()
 2 SYSTEMPATH/Common.php(1135): CodeIgniter\View\View->render()
 3 APPPATH/Controllers/Publik.php(50): view()
 4 SYSTEMPATH/CodeIgniter.php(896): App\Controllers\Publik->index()
 5 SYSTEMPATH/CodeIgniter.php(466): CodeIgniter\CodeIgniter->runController()
 6 SYSTEMPATH/CodeIgniter.php(349): CodeIgniter\CodeIgniter->handleRequest()
 7 FCPATH/index.php(55): CodeIgniter\CodeIgniter->run()
CRITICAL - 2023-02-01 11:09:05 --> Undefined property: stdClass::$status
in APPPATH/Viewspage_komoditas.php on line 32.
 1 APPPATH/Viewspage_komoditas.php(32): CodeIgniter\Debug\Exceptions->errorHandler()
 2 SYSTEMPATH/View/View.php(213): include('APPPATH/Viewspage_komoditas.php')
 3 SYSTEMPATH/View/View.php(216): CodeIgniter\View\View->CodeIgniter\View\{closure}()
 4 SYSTEMPATH/Common.php(1135): CodeIgniter\View\View->render()
 5 APPPATH/Controllers/Publik.php(193): view()
 6 SYSTEMPATH/CodeIgniter.php(896): App\Controllers\Publik->komoditas()
 7 SYSTEMPATH/CodeIgniter.php(466): CodeIgniter\CodeIgniter->runController()
 8 SYSTEMPATH/CodeIgniter.php(349): CodeIgniter\CodeIgniter->handleRequest()
 9 FCPATH/index.php(55): CodeIgniter\CodeIgniter->run()
CRITICAL - 2023-02-01 11:09:09 --> Undefined property: stdClass::$status
in APPPATH/Viewspage_komoditas.php on line 32.
 1 APPPATH/Viewspage_komoditas.php(32): CodeIgniter\Debug\Exceptions->errorHandler()
 2 SYSTEMPATH/View/View.php(213): include('APPPATH/Viewspage_komoditas.php')
 3 SYSTEMPATH/View/View.php(216): CodeIgniter\View\View->CodeIgniter\View\{closure}()
 4 SYSTEMPATH/Common.php(1135): CodeIgniter\View\View->render()
 5 APPPATH/Controllers/Publik.php(193): view()
 6 SYSTEMPATH/CodeIgniter.php(896): App\Controllers\Publik->komoditas()
 7 SYSTEMPATH/CodeIgniter.php(466): CodeIgniter\CodeIgniter->runController()
 8 SYSTEMPATH/CodeIgniter.php(349): CodeIgniter\CodeIgniter->handleRequest()
 9 FCPATH/index.php(55): CodeIgniter\CodeIgniter->run()
CRITICAL - 2023-02-01 11:12:19 --> Undefined property: stdClass::$status
in APPPATH/Viewspage_komoditas.php on line 32.
 1 APPPATH/Viewspage_komoditas.php(32): CodeIgniter\Debug\Exceptions->errorHandler()
 2 SYSTEMPATH/View/View.php(213): include('APPPATH/Viewspage_komoditas.php')
 3 SYSTEMPATH/View/View.php(216): CodeIgniter\View\View->CodeIgniter\View\{closure}()
 4 SYSTEMPATH/Common.php(1135): CodeIgniter\View\View->render()
 5 APPPATH/Controllers/Publik.php(193): view()
 6 SYSTEMPATH/CodeIgniter.php(896): App\Controllers\Publik->komoditas()
 7 SYSTEMPATH/CodeIgniter.php(466): CodeIgniter\CodeIgniter->runController()
 8 SYSTEMPATH/CodeIgniter.php(349): CodeIgniter\CodeIgniter->handleRequest()
 9 FCPATH/index.php(55): CodeIgniter\CodeIgniter->run()
CRITICAL - 2023-02-01 11:18:20 --> Argument 1 passed to _get_uri() must be of the type string, null given, called in /var/customers/webs/disdagtri/disdagtri.inhilkab.go.id/system/Helpers/url_helper.php on line 87
in SYSTEMPATH/Helpers/url_helper.php on line 31.
 1 SYSTEMPATH/Helpers/url_helper.php(87): _get_uri()
 2 SYSTEMPATH/Helpers/url_helper.php(106): site_url()
 3 APPPATH/Views/root/_user_panel.php(13): base_url()
 4 SYSTEMPATH/View/View.php(213): include('APPPATH/Views/root/_user_panel.php')
 5 SYSTEMPATH/View/View.php(216): CodeIgniter\View\View->CodeIgniter\View\{closure}()
 6 SYSTEMPATH/Common.php(1135): CodeIgniter\View\View->render()
 7 APPPATH/Views/root/page_laporan_komoditas_tanggal.php(138): view()
 8 SYSTEMPATH/View/View.php(213): include('APPPATH/Views/root/page_laporan_komoditas_tanggal.php')
 9 SYSTEMPATH/View/View.php(216): CodeIgniter\View\View->CodeIgniter\View\{closure}()
10 SYSTEMPATH/Common.php(1135): CodeIgniter\View\View->render()
11 APPPATH/Controllers/Root.php(379): view()
12 SYSTEMPATH/CodeIgniter.php(896): App\Controllers\Root->laporan_pangan_tanggal()
13 SYSTEMPATH/CodeIgniter.php(466): CodeIgniter\CodeIgniter->runController()
14 SYSTEMPATH/CodeIgniter.php(349): CodeIgniter\CodeIgniter->handleRequest()
15 FCPATH/index.php(55): CodeIgniter\CodeIgniter->run()
