CRITICAL - 2022-12-19 01:08:44 --> Undefined property: stdClass::$komoditas_het
in APPPATH\Views\public\page_detail_komoditas.php on line 54.
 1 APPPATH\Views\public\page_detail_komoditas.php(54): CodeIgniter\Debug\Exceptions->errorHandler(8, 'Undefined property: stdClass::$komoditas_het', 'APPPATH\\Views\\public\\page_detail_komoditas.php', 54, [...])
 2 SYSTEMPATH\View\View.php(213): include('APPPATH\\Views\\public\\page_detail_komoditas.php')
 3 SYSTEMPATH\View\View.php(216): CodeIgniter\View\View->CodeIgniter\View\{closure}()
 4 SYSTEMPATH\Common.php(1135): CodeIgniter\View\View->render('page_detail_komoditas', [], true)
 5 APPPATH\Controllers\Publik.php(195): view('page_detail_komoditas', [...])
 6 SYSTEMPATH\CodeIgniter.php(896): App\Controllers\Publik->detail_komoditas()
 7 SYSTEMPATH\CodeIgniter.php(466): CodeIgniter\CodeIgniter->runController(Object(App\Controllers\Publik))
 8 SYSTEMPATH\CodeIgniter.php(349): CodeIgniter\CodeIgniter->handleRequest(null, Object(Config\Cache), false)
 9 FCPATH\index.php(55): CodeIgniter\CodeIgniter->run()
CRITICAL - 2022-12-19 01:13:13 --> Trying to access array offset on value of type null
in APPPATH\Views\public\page_home.php on line 52.
 1 APPPATH\Views\public\page_home.php(52): CodeIgniter\Debug\Exceptions->errorHandler(8, 'Trying to access array offset on value of type null', 'APPPATH\\Views\\public\\page_home.php', 52, [...])
 2 SYSTEMPATH\View\View.php(213): include('APPPATH\\Views\\public\\page_home.php')
 3 SYSTEMPATH\View\View.php(216): CodeIgniter\View\View->CodeIgniter\View\{closure}()
 4 SYSTEMPATH\Common.php(1135): CodeIgniter\View\View->render('page_home', [], true)
 5 APPPATH\Controllers\Publik.php(41): view('page_home', [...])
 6 SYSTEMPATH\CodeIgniter.php(896): App\Controllers\Publik->index()
 7 SYSTEMPATH\CodeIgniter.php(466): CodeIgniter\CodeIgniter->runController(Object(App\Controllers\Publik))
 8 SYSTEMPATH\CodeIgniter.php(349): CodeIgniter\CodeIgniter->handleRequest(null, Object(Config\Cache), false)
 9 FCPATH\index.php(55): CodeIgniter\CodeIgniter->run()
CRITICAL - 2022-12-19 01:47:06 --> Undefined variable: penawaran_terbaru
in APPPATH\Views\public\page_home.php on line 50.
 1 APPPATH\Views\public\page_home.php(50): CodeIgniter\Debug\Exceptions->errorHandler(8, 'Undefined variable: penawaran_terbaru', 'APPPATH\\Views\\public\\page_home.php', 50, [...])
 2 SYSTEMPATH\View\View.php(213): include('APPPATH\\Views\\public\\page_home.php')
 3 SYSTEMPATH\View\View.php(216): CodeIgniter\View\View->CodeIgniter\View\{closure}()
 4 SYSTEMPATH\Common.php(1135): CodeIgniter\View\View->render('page_home', [], true)
 5 APPPATH\Controllers\Publik.php(41): view('page_home', [...])
 6 SYSTEMPATH\CodeIgniter.php(896): App\Controllers\Publik->index()
 7 SYSTEMPATH\CodeIgniter.php(466): CodeIgniter\CodeIgniter->runController(Object(App\Controllers\Publik))
 8 SYSTEMPATH\CodeIgniter.php(349): CodeIgniter\CodeIgniter->handleRequest(null, Object(Config\Cache), false)
 9 FCPATH\index.php(55): CodeIgniter\CodeIgniter->run()
CRITICAL - 2022-12-19 02:12:30 --> Undefined variable: jumlah_perusahaan
in APPPATH\Views\public\page_home.php on line 89.
 1 APPPATH\Views\public\page_home.php(89): CodeIgniter\Debug\Exceptions->errorHandler(8, 'Undefined variable: jumlah_perusahaan', 'APPPATH\\Views\\public\\page_home.php', 89, [...])
 2 SYSTEMPATH\View\View.php(213): include('APPPATH\\Views\\public\\page_home.php')
 3 SYSTEMPATH\View\View.php(216): CodeIgniter\View\View->CodeIgniter\View\{closure}()
 4 SYSTEMPATH\Common.php(1135): CodeIgniter\View\View->render('page_home', [], true)
 5 APPPATH\Controllers\Publik.php(41): view('page_home', [...])
 6 SYSTEMPATH\CodeIgniter.php(896): App\Controllers\Publik->index()
 7 SYSTEMPATH\CodeIgniter.php(466): CodeIgniter\CodeIgniter->runController(Object(App\Controllers\Publik))
 8 SYSTEMPATH\CodeIgniter.php(349): CodeIgniter\CodeIgniter->handleRequest(null, Object(Config\Cache), false)
 9 FCPATH\index.php(55): CodeIgniter\CodeIgniter->run()
CRITICAL - 2022-12-19 02:13:11 --> Undefined variable: jumlah_perusahaan
in APPPATH\Views\public\page_home.php on line 89.
 1 APPPATH\Views\public\page_home.php(89): CodeIgniter\Debug\Exceptions->errorHandler(8, 'Undefined variable: jumlah_perusahaan', 'APPPATH\\Views\\public\\page_home.php', 89, [...])
 2 SYSTEMPATH\View\View.php(213): include('APPPATH\\Views\\public\\page_home.php')
 3 SYSTEMPATH\View\View.php(216): CodeIgniter\View\View->CodeIgniter\View\{closure}()
 4 SYSTEMPATH\Common.php(1135): CodeIgniter\View\View->render('page_home', [], true)
 5 APPPATH\Controllers\Publik.php(41): view('page_home', [...])
 6 SYSTEMPATH\CodeIgniter.php(896): App\Controllers\Publik->index()
 7 SYSTEMPATH\CodeIgniter.php(466): CodeIgniter\CodeIgniter->runController(Object(App\Controllers\Publik))
 8 SYSTEMPATH\CodeIgniter.php(349): CodeIgniter\CodeIgniter->handleRequest(null, Object(Config\Cache), false)
 9 FCPATH\index.php(55): CodeIgniter\CodeIgniter->run()
CRITICAL - 2022-12-19 02:19:22 --> Undefined variable: page_class
in APPPATH\Views\public\_header.php on line 24.
 1 APPPATH\Views\public\_header.php(24): CodeIgniter\Debug\Exceptions->errorHandler(8, 'Undefined variable: page_class', 'APPPATH\\Views\\public\\_header.php', 24, [...])
 2 SYSTEMPATH\View\View.php(213): include('APPPATH\\Views\\public\\_header.php')
 3 SYSTEMPATH\View\View.php(216): CodeIgniter\View\View->CodeIgniter\View\{closure}()
 4 SYSTEMPATH\Common.php(1135): CodeIgniter\View\View->render('_header', [], true)
 5 APPPATH\Views\public\page_home.php(20): view('_header')
 6 SYSTEMPATH\View\View.php(213): include('APPPATH\\Views\\public\\page_home.php')
 7 SYSTEMPATH\View\View.php(216): CodeIgniter\View\View->CodeIgniter\View\{closure}()
 8 SYSTEMPATH\Common.php(1135): CodeIgniter\View\View->render('page_home', [], true)
 9 APPPATH\Controllers\Publik.php(41): view('page_home', [...])
10 SYSTEMPATH\CodeIgniter.php(896): App\Controllers\Publik->index()
11 SYSTEMPATH\CodeIgniter.php(466): CodeIgniter\CodeIgniter->runController(Object(App\Controllers\Publik))
12 SYSTEMPATH\CodeIgniter.php(349): CodeIgniter\CodeIgniter->handleRequest(null, Object(Config\Cache), false)
13 FCPATH\index.php(55): CodeIgniter\CodeIgniter->run()
CRITICAL - 2022-12-19 06:50:36 --> Undefined index: videoId
in APPPATH\Views\public\page_home.php on line 120.
 1 APPPATH\Views\public\page_home.php(120): CodeIgniter\Debug\Exceptions->errorHandler(8, 'Undefined index: videoId', 'APPPATH\\Views\\public\\page_home.php', 120, [...])
 2 SYSTEMPATH\View\View.php(213): include('APPPATH\\Views\\public\\page_home.php')
 3 SYSTEMPATH\View\View.php(216): CodeIgniter\View\View->CodeIgniter\View\{closure}()
 4 SYSTEMPATH\Common.php(1135): CodeIgniter\View\View->render('page_home', [], true)
 5 APPPATH\Controllers\Publik.php(41): view('page_home', [...])
 6 SYSTEMPATH\CodeIgniter.php(896): App\Controllers\Publik->index()
 7 SYSTEMPATH\CodeIgniter.php(466): CodeIgniter\CodeIgniter->runController(Object(App\Controllers\Publik))
 8 SYSTEMPATH\CodeIgniter.php(349): CodeIgniter\CodeIgniter->handleRequest(null, Object(Config\Cache), false)
 9 FCPATH\index.php(55): CodeIgniter\CodeIgniter->run()
CRITICAL - 2022-12-19 10:05:18 --> Trying to access array offset on value of type null
in APPPATH\Views\public\page_home.php on line 115.
 1 APPPATH\Views\public\page_home.php(115): CodeIgniter\Debug\Exceptions->errorHandler(8, 'Trying to access array offset on value of type null', 'APPPATH\\Views\\public\\page_home.php', 115, [...])
 2 SYSTEMPATH\View\View.php(213): include('APPPATH\\Views\\public\\page_home.php')
 3 SYSTEMPATH\View\View.php(216): CodeIgniter\View\View->CodeIgniter\View\{closure}()
 4 SYSTEMPATH\Common.php(1135): CodeIgniter\View\View->render('page_home', [], true)
 5 APPPATH\Controllers\Publik.php(41): view('page_home', [...])
 6 SYSTEMPATH\CodeIgniter.php(896): App\Controllers\Publik->index()
 7 SYSTEMPATH\CodeIgniter.php(466): CodeIgniter\CodeIgniter->runController(Object(App\Controllers\Publik))
 8 SYSTEMPATH\CodeIgniter.php(349): CodeIgniter\CodeIgniter->handleRequest(null, Object(Config\Cache), false)
 9 FCPATH\index.php(55): CodeIgniter\CodeIgniter->run()
CRITICAL - 2022-12-19 10:05:29 --> Trying to access array offset on value of type null
in APPPATH\Views\public\page_home.php on line 115.
 1 APPPATH\Views\public\page_home.php(115): CodeIgniter\Debug\Exceptions->errorHandler(8, 'Trying to access array offset on value of type null', 'APPPATH\\Views\\public\\page_home.php', 115, [...])
 2 SYSTEMPATH\View\View.php(213): include('APPPATH\\Views\\public\\page_home.php')
 3 SYSTEMPATH\View\View.php(216): CodeIgniter\View\View->CodeIgniter\View\{closure}()
 4 SYSTEMPATH\Common.php(1135): CodeIgniter\View\View->render('page_home', [], true)
 5 APPPATH\Controllers\Publik.php(41): view('page_home', [...])
 6 SYSTEMPATH\CodeIgniter.php(896): App\Controllers\Publik->index()
 7 SYSTEMPATH\CodeIgniter.php(466): CodeIgniter\CodeIgniter->runController(Object(App\Controllers\Publik))
 8 SYSTEMPATH\CodeIgniter.php(349): CodeIgniter\CodeIgniter->handleRequest(null, Object(Config\Cache), false)
 9 FCPATH\index.php(55): CodeIgniter\CodeIgniter->run()
