ERROR - 2023-09-15 08:49:40 --> Unknown column 'artikel_baca' in 'order clause'
CRITICAL - 2023-09-15 08:49:40 --> Call to a member function getResult() on bool
in APPPATH\Models\Artikel_model.php on line 47.
 1 APPPATH\Controllers\Publik.php(584): App\Models\Artikel_model->get_berita_populer()
 2 SYSTEMPATH\CodeIgniter.php(896): App\Controllers\Publik->struktur()
 3 SYSTEMPATH\CodeIgniter.php(466): CodeIgniter\CodeIgniter->runController(Object(App\Controllers\Publik))
 4 SYSTEMPATH\CodeIgniter.php(349): CodeIgniter\CodeIgniter->handleRequest(null, Object(Config\Cache), false)
 5 FCPATH\index.php(55): CodeIgniter\CodeIgniter->run()
 6 SYSTEMPATH\Commands\Server\rewrite.php(43): require_once('FCPATH\\index.php')
ERROR - 2023-09-15 08:49:50 --> Unknown column 'artikel_baca' in 'field list'
CRITICAL - 2023-09-15 08:49:50 --> Call to a member function getResult() on bool
in APPPATH\Controllers\Publik.php on line 507.
 1 SYSTEMPATH\CodeIgniter.php(896): App\Controllers\Publik->detail_artikel()
 2 SYSTEMPATH\CodeIgniter.php(466): CodeIgniter\CodeIgniter->runController(Object(App\Controllers\Publik))
 3 SYSTEMPATH\CodeIgniter.php(349): CodeIgniter\CodeIgniter->handleRequest(null, Object(Config\Cache), false)
 4 FCPATH\index.php(55): CodeIgniter\CodeIgniter->run()
 5 SYSTEMPATH\Commands\Server\rewrite.php(43): require_once('FCPATH\\index.php')
ERROR - 2023-09-15 15:43:54 --> Error connecting to the database: No connection could be made because the target machine actively refused it
CRITICAL - 2023-09-15 15:43:54 --> Unable to connect to the database.
Main connection [MySQLi]: No connection could be made because the target machine actively refused it
in SYSTEMPATH\Database\BaseConnection.php on line 416.
 1 SYSTEMPATH\Database\BaseConnection.php(586): CodeIgniter\Database\BaseConnection->initialize()
 2 SYSTEMPATH\Database\BaseBuilder.php(1585): CodeIgniter\Database\BaseConnection->query('SELECT *
FROM `tb_management_page`', [], false)
 3 APPPATH\Models\Page_management_model.php(42): CodeIgniter\Database\BaseBuilder->get()
 4 APPPATH\Controllers\Login.php(41): App\Models\Page_management_model->get_all_data()
 5 SYSTEMPATH\CodeIgniter.php(896): App\Controllers\Login->index()
 6 SYSTEMPATH\CodeIgniter.php(466): CodeIgniter\CodeIgniter->runController(Object(App\Controllers\Login))
 7 SYSTEMPATH\CodeIgniter.php(349): CodeIgniter\CodeIgniter->handleRequest(null, Object(Config\Cache), false)
 8 FCPATH\index.php(55): CodeIgniter\CodeIgniter->run()
 9 SYSTEMPATH\Commands\Server\rewrite.php(43): require_once('FCPATH\\index.php')
