CRITICAL - 2022-11-25 09:14:03 --> Undefined index: jualan_id
in APPPATH\Models\Jualan_model.php on line 34.
 1 APPPATH\Models\Jualan_model.php(34): CodeIgniter\Debug\Exceptions->errorHandler(8, 'Undefined index: jualan_id', 'APPPATH\\Models\\Jualan_model.php', 34, [...])
 2 APPPATH\Controllers\Backend.php(1339): App\Models\Jualan_model->edit_jualan([...])
 3 SYSTEMPATH\CodeIgniter.php(896): App\Controllers\Backend->delete_pedagang()
 4 SYSTEMPATH\CodeIgniter.php(466): CodeIgniter\CodeIgniter->runController(Object(App\Controllers\Backend))
 5 SYSTEMPATH\CodeIgniter.php(349): CodeIgniter\CodeIgniter->handleRequest(null, Object(Config\Cache), false)
 6 FCPATH\index.php(55): CodeIgniter\CodeIgniter->run()
ERROR - 2022-11-25 09:18:17 --> Unknown column 'pedagang_update_time' in 'field list'
CRITICAL - 2022-11-25 09:18:17 --> Unknown column 'pedagang_update_time' in 'field list'
in SYSTEMPATH\Database\MySQLi\Connection.php on line 292.
 1 SYSTEMPATH\Database\MySQLi\Connection.php(292): mysqli->query('UPDATE `tb_pedagang` SET `pedagang_id` = \'2\', `pedagang_update_by` = \'root\', `pedagang_update_time` = \'2022-11-25 09:18:17\', `pedagang_status` = \'0\'
WHERE `pedagang_id` = \'2\'', 0)
 2 SYSTEMPATH\Database\BaseConnection.php(695): CodeIgniter\Database\MySQLi\Connection->execute('UPDATE `tb_pedagang` SET `pedagang_id` = \'2\', `pedagang_update_by` = \'root\', `pedagang_update_time` = \'2022-11-25 09:18:17\', `pedagang_status` = \'0\'
WHERE `pedagang_id` = \'2\'')
 3 SYSTEMPATH\Database\BaseConnection.php(609): CodeIgniter\Database\BaseConnection->simpleQuery('UPDATE `tb_pedagang` SET `pedagang_id` = \'2\', `pedagang_update_by` = \'root\', `pedagang_update_time` = \'2022-11-25 09:18:17\', `pedagang_status` = \'0\'
WHERE `pedagang_id` = \'2\'')
 4 SYSTEMPATH\Database\BaseBuilder.php(2046): CodeIgniter\Database\BaseConnection->query('UPDATE `tb_pedagang` SET `pedagang_id` = :pedagang_id.1:, `pedagang_update_by` = :pedagang_update_by:, `pedagang_update_time` = :pedagang_update_time:, `pedagang_status` = :pedagang_status:
WHERE `pedagang_id` = :pedagang_id:', [...], false)
 5 APPPATH\Models\Pedagang_model.php(62): CodeIgniter\Database\BaseBuilder->update([...])
 6 APPPATH\Controllers\Backend.php(1339): App\Models\Pedagang_model->edit_pedagang([...])
 7 SYSTEMPATH\CodeIgniter.php(896): App\Controllers\Backend->delete_pedagang()
 8 SYSTEMPATH\CodeIgniter.php(466): CodeIgniter\CodeIgniter->runController(Object(App\Controllers\Backend))
 9 SYSTEMPATH\CodeIgniter.php(349): CodeIgniter\CodeIgniter->handleRequest(null, Object(Config\Cache), false)
10 FCPATH\index.php(55): CodeIgniter\CodeIgniter->run()
ERROR - 2022-11-25 11:34:35 --> Unknown column 'tb.komoditas.komoditas_id' in 'on clause'
CRITICAL - 2022-11-25 11:34:35 --> Unknown column 'tb.komoditas.komoditas_id' in 'on clause'
in SYSTEMPATH\Database\MySQLi\Connection.php on line 292.
 1 SYSTEMPATH\Database\MySQLi\Connection.php(292): mysqli->query('SELECT `jualan_komoditas`, `komoditas_nama`, `komoditas_satuan`, `komoditas_foto`, `komoditas_het`
FROM `tb_jualan`
JOIN `tb_komoditas` ON `tb_jualan`.`jualan_komoditas` = `tb`.`komoditas`.`komoditas_id`
JOIN `tb_grup_komoditas` ON `tb_komoditas`.`komoditas_grup` = `tb`.`grup_komoditas`.`komoditas_id`
WHERE `jualan_pedagang` = \'18\'
AND `jualan_status` = \'1\'
ORDER BY `jualan_create_time` DESC
 LIMIT 10000', 0)
 2 SYSTEMPATH\Database\BaseConnection.php(695): CodeIgniter\Database\MySQLi\Connection->execute('SELECT `jualan_komoditas`, `komoditas_nama`, `komoditas_satuan`, `komoditas_foto`, `komoditas_het`
FROM `tb_jualan`
JOIN `tb_komoditas` ON `tb_jualan`.`jualan_komoditas` = `tb`.`komoditas`.`komoditas_id`
JOIN `tb_grup_komoditas` ON `tb_komoditas`.`komoditas_grup` = `tb`.`grup_komoditas`.`komoditas_id`
WHERE `jualan_pedagang` = \'18\'
AND `jualan_status` = \'1\'
ORDER BY `jualan_create_time` DESC
 LIMIT 10000')
 3 SYSTEMPATH\Database\BaseConnection.php(609): CodeIgniter\Database\BaseConnection->simpleQuery('SELECT `jualan_komoditas`, `komoditas_nama`, `komoditas_satuan`, `komoditas_foto`, `komoditas_het`
FROM `tb_jualan`
JOIN `tb_komoditas` ON `tb_jualan`.`jualan_komoditas` = `tb`.`komoditas`.`komoditas_id`
JOIN `tb_grup_komoditas` ON `tb_komoditas`.`komoditas_grup` = `tb`.`grup_komoditas`.`komoditas_id`
WHERE `jualan_pedagang` = \'18\'
AND `jualan_status` = \'1\'
ORDER BY `jualan_create_time` DESC
 LIMIT 10000')
 4 SYSTEMPATH\Database\BaseBuilder.php(1585): CodeIgniter\Database\BaseConnection->query('SELECT `jualan_komoditas`, `komoditas_nama`, `komoditas_satuan`, `komoditas_foto`, `komoditas_het`
FROM `tb_jualan`
JOIN `tb_komoditas` ON `tb_jualan`.`jualan_komoditas` = `tb`.`komoditas`.`komoditas_id`
JOIN `tb_grup_komoditas` ON `tb_komoditas`.`komoditas_grup` = `tb`.`grup_komoditas`.`komoditas_id`
WHERE `jualan_pedagang` = :jualan_pedagang:
AND `jualan_status` = :jualan_status:
ORDER BY `jualan_create_time` DESC
 LIMIT 10000', [...], false)
 5 APPPATH\Models\Jualan_model.php(51): CodeIgniter\Database\BaseBuilder->get()
 6 APPPATH\Controllers\Backend.php(1359): App\Models\Jualan_model->get_jualan_by_pedagang(10000, '18')
 7 SYSTEMPATH\CodeIgniter.php(896): App\Controllers\Backend->get_jualan_pedagang()
 8 SYSTEMPATH\CodeIgniter.php(466): CodeIgniter\CodeIgniter->runController(Object(App\Controllers\Backend))
 9 SYSTEMPATH\CodeIgniter.php(349): CodeIgniter\CodeIgniter->handleRequest(null, Object(Config\Cache), false)
10 FCPATH\index.php(55): CodeIgniter\CodeIgniter->run()
ERROR - 2022-11-25 11:35:33 --> Unknown column 'tb.komoditas.komoditas_id' in 'on clause'
CRITICAL - 2022-11-25 11:35:33 --> Unknown column 'tb.komoditas.komoditas_id' in 'on clause'
in SYSTEMPATH\Database\MySQLi\Connection.php on line 292.
 1 SYSTEMPATH\Database\MySQLi\Connection.php(292): mysqli->query('SELECT `jualan_komoditas`, `komoditas_nama`, `komoditas_satuan`, `komoditas_foto`, `komoditas_het`
FROM `tb_jualan`
JOIN `tb_komoditas` ON `tb_jualan`.`jualan_komoditas` = `tb`.`komoditas`.`komoditas_id`
JOIN `tb_grup_komoditas` ON `tb_komoditas`.`komoditas_grup` = `tb`.`grup_komoditas`.`grup_komoditas_id`
WHERE `jualan_pedagang` = \'18\'
AND `jualan_status` = \'1\'
ORDER BY `jualan_create_time` DESC
 LIMIT 10000', 0)
 2 SYSTEMPATH\Database\BaseConnection.php(695): CodeIgniter\Database\MySQLi\Connection->execute('SELECT `jualan_komoditas`, `komoditas_nama`, `komoditas_satuan`, `komoditas_foto`, `komoditas_het`
FROM `tb_jualan`
JOIN `tb_komoditas` ON `tb_jualan`.`jualan_komoditas` = `tb`.`komoditas`.`komoditas_id`
JOIN `tb_grup_komoditas` ON `tb_komoditas`.`komoditas_grup` = `tb`.`grup_komoditas`.`grup_komoditas_id`
WHERE `jualan_pedagang` = \'18\'
AND `jualan_status` = \'1\'
ORDER BY `jualan_create_time` DESC
 LIMIT 10000')
 3 SYSTEMPATH\Database\BaseConnection.php(609): CodeIgniter\Database\BaseConnection->simpleQuery('SELECT `jualan_komoditas`, `komoditas_nama`, `komoditas_satuan`, `komoditas_foto`, `komoditas_het`
FROM `tb_jualan`
JOIN `tb_komoditas` ON `tb_jualan`.`jualan_komoditas` = `tb`.`komoditas`.`komoditas_id`
JOIN `tb_grup_komoditas` ON `tb_komoditas`.`komoditas_grup` = `tb`.`grup_komoditas`.`grup_komoditas_id`
WHERE `jualan_pedagang` = \'18\'
AND `jualan_status` = \'1\'
ORDER BY `jualan_create_time` DESC
 LIMIT 10000')
 4 SYSTEMPATH\Database\BaseBuilder.php(1585): CodeIgniter\Database\BaseConnection->query('SELECT `jualan_komoditas`, `komoditas_nama`, `komoditas_satuan`, `komoditas_foto`, `komoditas_het`
FROM `tb_jualan`
JOIN `tb_komoditas` ON `tb_jualan`.`jualan_komoditas` = `tb`.`komoditas`.`komoditas_id`
JOIN `tb_grup_komoditas` ON `tb_komoditas`.`komoditas_grup` = `tb`.`grup_komoditas`.`grup_komoditas_id`
WHERE `jualan_pedagang` = :jualan_pedagang:
AND `jualan_status` = :jualan_status:
ORDER BY `jualan_create_time` DESC
 LIMIT 10000', [...], false)
 5 APPPATH\Models\Jualan_model.php(51): CodeIgniter\Database\BaseBuilder->get()
 6 APPPATH\Controllers\Backend.php(1359): App\Models\Jualan_model->get_jualan_by_pedagang(10000, '18')
 7 SYSTEMPATH\CodeIgniter.php(896): App\Controllers\Backend->get_jualan_pedagang()
 8 SYSTEMPATH\CodeIgniter.php(466): CodeIgniter\CodeIgniter->runController(Object(App\Controllers\Backend))
 9 SYSTEMPATH\CodeIgniter.php(349): CodeIgniter\CodeIgniter->handleRequest(null, Object(Config\Cache), false)
10 FCPATH\index.php(55): CodeIgniter\CodeIgniter->run()
ERROR - 2022-11-25 11:36:55 --> Unknown column 'komoditas_nama' in 'field list'
CRITICAL - 2022-11-25 11:36:55 --> Unknown column 'komoditas_nama' in 'field list'
in SYSTEMPATH\Database\MySQLi\Connection.php on line 292.
 1 SYSTEMPATH\Database\MySQLi\Connection.php(292): mysqli->query('SELECT `jualan_komoditas`, `komoditas_nama`, `komoditas_satuan`, `komoditas_foto`, `komoditas_het`
FROM `tb_jualan`
WHERE `jualan_pedagang` = \'4\'
AND `jualan_status` = \'1\'
ORDER BY `jualan_create_time` DESC
 LIMIT 10000', 0)
 2 SYSTEMPATH\Database\BaseConnection.php(695): CodeIgniter\Database\MySQLi\Connection->execute('SELECT `jualan_komoditas`, `komoditas_nama`, `komoditas_satuan`, `komoditas_foto`, `komoditas_het`
FROM `tb_jualan`
WHERE `jualan_pedagang` = \'4\'
AND `jualan_status` = \'1\'
ORDER BY `jualan_create_time` DESC
 LIMIT 10000')
 3 SYSTEMPATH\Database\BaseConnection.php(609): CodeIgniter\Database\BaseConnection->simpleQuery('SELECT `jualan_komoditas`, `komoditas_nama`, `komoditas_satuan`, `komoditas_foto`, `komoditas_het`
FROM `tb_jualan`
WHERE `jualan_pedagang` = \'4\'
AND `jualan_status` = \'1\'
ORDER BY `jualan_create_time` DESC
 LIMIT 10000')
 4 SYSTEMPATH\Database\BaseBuilder.php(1585): CodeIgniter\Database\BaseConnection->query('SELECT `jualan_komoditas`, `komoditas_nama`, `komoditas_satuan`, `komoditas_foto`, `komoditas_het`
FROM `tb_jualan`
WHERE `jualan_pedagang` = :jualan_pedagang:
AND `jualan_status` = :jualan_status:
ORDER BY `jualan_create_time` DESC
 LIMIT 10000', [...], false)
 5 APPPATH\Models\Jualan_model.php(51): CodeIgniter\Database\BaseBuilder->get()
 6 APPPATH\Controllers\Backend.php(1359): App\Models\Jualan_model->get_jualan_by_pedagang(10000, '4')
 7 SYSTEMPATH\CodeIgniter.php(896): App\Controllers\Backend->get_jualan_pedagang()
 8 SYSTEMPATH\CodeIgniter.php(466): CodeIgniter\CodeIgniter->runController(Object(App\Controllers\Backend))
 9 SYSTEMPATH\CodeIgniter.php(349): CodeIgniter\CodeIgniter->handleRequest(null, Object(Config\Cache), false)
10 FCPATH\index.php(55): CodeIgniter\CodeIgniter->run()
CRITICAL - 2022-11-25 11:37:32 --> Undefined property: stdClass::$pedagang_id
in APPPATH\Controllers\Backend.php on line 1368.
 1 APPPATH\Controllers\Backend.php(1368): CodeIgniter\Debug\Exceptions->errorHandler(8, 'Undefined property: stdClass::$pedagang_id', 'APPPATH\\Controllers\\Backend.php', 1368, [...])
 2 SYSTEMPATH\CodeIgniter.php(896): App\Controllers\Backend->get_jualan_pedagang()
 3 SYSTEMPATH\CodeIgniter.php(466): CodeIgniter\CodeIgniter->runController(Object(App\Controllers\Backend))
 4 SYSTEMPATH\CodeIgniter.php(349): CodeIgniter\CodeIgniter->handleRequest(null, Object(Config\Cache), false)
 5 FCPATH\index.php(55): CodeIgniter\CodeIgniter->run()
CRITICAL - 2022-11-25 13:01:54 --> Too few arguments to function App\Models\Transaksi_model::get_transaksi_by_pedagang_komoditas_date(), 0 passed in C:\xampp\htdocs\pasar\app\Controllers\Backend.php on line 1373 and exactly 3 expected
in APPPATH\Models\Transaksi_model.php on line 375.
 1 APPPATH\Controllers\Backend.php(1373): App\Models\Transaksi_model->get_transaksi_by_pedagang_komoditas_date()
 2 SYSTEMPATH\CodeIgniter.php(896): App\Controllers\Backend->get_jualan_pedagang()
 3 SYSTEMPATH\CodeIgniter.php(466): CodeIgniter\CodeIgniter->runController(Object(App\Controllers\Backend))
 4 SYSTEMPATH\CodeIgniter.php(349): CodeIgniter\CodeIgniter->handleRequest(null, Object(Config\Cache), false)
 5 FCPATH\index.php(55): CodeIgniter\CodeIgniter->run()
CRITICAL - 2022-11-25 13:02:40 --> Undefined variable: pasar
in APPPATH\Models\Transaksi_model.php on line 380.
 1 APPPATH\Models\Transaksi_model.php(380): CodeIgniter\Debug\Exceptions->errorHandler(8, 'Undefined variable: pasar', 'APPPATH\\Models\\Transaksi_model.php', 380, [...])
 2 APPPATH\Controllers\Backend.php(1373): App\Models\Transaksi_model->get_transaksi_by_pedagang_komoditas_date('4', '5', '2022-11-25')
 3 SYSTEMPATH\CodeIgniter.php(896): App\Controllers\Backend->get_jualan_pedagang()
 4 SYSTEMPATH\CodeIgniter.php(466): CodeIgniter\CodeIgniter->runController(Object(App\Controllers\Backend))
 5 SYSTEMPATH\CodeIgniter.php(349): CodeIgniter\CodeIgniter->handleRequest(null, Object(Config\Cache), false)
 6 FCPATH\index.php(55): CodeIgniter\CodeIgniter->run()
CRITICAL - 2022-11-25 13:04:49 --> Undefined offset: 0
in APPPATH\Controllers\Backend.php on line 1374.
 1 APPPATH\Controllers\Backend.php(1374): CodeIgniter\Debug\Exceptions->errorHandler(8, 'Undefined offset: 0', 'APPPATH\\Controllers\\Backend.php', 1374, [...])
 2 SYSTEMPATH\CodeIgniter.php(896): App\Controllers\Backend->get_jualan_pedagang()
 3 SYSTEMPATH\CodeIgniter.php(466): CodeIgniter\CodeIgniter->runController(Object(App\Controllers\Backend))
 4 SYSTEMPATH\CodeIgniter.php(349): CodeIgniter\CodeIgniter->handleRequest(null, Object(Config\Cache), false)
 5 FCPATH\index.php(55): CodeIgniter\CodeIgniter->run()
CRITICAL - 2022-11-25 14:39:22 --> Undefined property: stdClass::$komoditas_satuan
in APPPATH\Controllers\Backend.php on line 1373.
 1 APPPATH\Controllers\Backend.php(1373): CodeIgniter\Debug\Exceptions->errorHandler(8, 'Undefined property: stdClass::$komoditas_satuan', 'APPPATH\\Controllers\\Backend.php', 1373, [...])
 2 SYSTEMPATH\CodeIgniter.php(896): App\Controllers\Backend->get_jualan_pedagang_harian()
 3 SYSTEMPATH\CodeIgniter.php(466): CodeIgniter\CodeIgniter->runController(Object(App\Controllers\Backend))
 4 SYSTEMPATH\CodeIgniter.php(349): CodeIgniter\CodeIgniter->handleRequest(null, Object(Config\Cache), false)
 5 FCPATH\index.php(55): CodeIgniter\CodeIgniter->run()
CRITICAL - 2022-11-25 14:39:24 --> Undefined property: stdClass::$komoditas_satuan
in APPPATH\Controllers\Backend.php on line 1373.
 1 APPPATH\Controllers\Backend.php(1373): CodeIgniter\Debug\Exceptions->errorHandler(8, 'Undefined property: stdClass::$komoditas_satuan', 'APPPATH\\Controllers\\Backend.php', 1373, [...])
 2 SYSTEMPATH\CodeIgniter.php(896): App\Controllers\Backend->get_jualan_pedagang_harian()
 3 SYSTEMPATH\CodeIgniter.php(466): CodeIgniter\CodeIgniter->runController(Object(App\Controllers\Backend))
 4 SYSTEMPATH\CodeIgniter.php(349): CodeIgniter\CodeIgniter->handleRequest(null, Object(Config\Cache), false)
 5 FCPATH\index.php(55): CodeIgniter\CodeIgniter->run()
CRITICAL - 2022-11-25 14:39:30 --> Undefined property: stdClass::$komoditas_satuan
in APPPATH\Controllers\Backend.php on line 1373.
 1 APPPATH\Controllers\Backend.php(1373): CodeIgniter\Debug\Exceptions->errorHandler(8, 'Undefined property: stdClass::$komoditas_satuan', 'APPPATH\\Controllers\\Backend.php', 1373, [...])
 2 SYSTEMPATH\CodeIgniter.php(896): App\Controllers\Backend->get_jualan_pedagang_harian()
 3 SYSTEMPATH\CodeIgniter.php(466): CodeIgniter\CodeIgniter->runController(Object(App\Controllers\Backend))
 4 SYSTEMPATH\CodeIgniter.php(349): CodeIgniter\CodeIgniter->handleRequest(null, Object(Config\Cache), false)
 5 FCPATH\index.php(55): CodeIgniter\CodeIgniter->run()
CRITICAL - 2022-11-25 14:39:32 --> Undefined property: stdClass::$komoditas_satuan
in APPPATH\Controllers\Backend.php on line 1373.
 1 APPPATH\Controllers\Backend.php(1373): CodeIgniter\Debug\Exceptions->errorHandler(8, 'Undefined property: stdClass::$komoditas_satuan', 'APPPATH\\Controllers\\Backend.php', 1373, [...])
 2 SYSTEMPATH\CodeIgniter.php(896): App\Controllers\Backend->get_jualan_pedagang_harian()
 3 SYSTEMPATH\CodeIgniter.php(466): CodeIgniter\CodeIgniter->runController(Object(App\Controllers\Backend))
 4 SYSTEMPATH\CodeIgniter.php(349): CodeIgniter\CodeIgniter->handleRequest(null, Object(Config\Cache), false)
 5 FCPATH\index.php(55): CodeIgniter\CodeIgniter->run()
CRITICAL - 2022-11-25 14:39:34 --> Undefined property: stdClass::$komoditas_satuan
in APPPATH\Controllers\Backend.php on line 1373.
 1 APPPATH\Controllers\Backend.php(1373): CodeIgniter\Debug\Exceptions->errorHandler(8, 'Undefined property: stdClass::$komoditas_satuan', 'APPPATH\\Controllers\\Backend.php', 1373, [...])
 2 SYSTEMPATH\CodeIgniter.php(896): App\Controllers\Backend->get_jualan_pedagang_harian()
 3 SYSTEMPATH\CodeIgniter.php(466): CodeIgniter\CodeIgniter->runController(Object(App\Controllers\Backend))
 4 SYSTEMPATH\CodeIgniter.php(349): CodeIgniter\CodeIgniter->handleRequest(null, Object(Config\Cache), false)
 5 FCPATH\index.php(55): CodeIgniter\CodeIgniter->run()
CRITICAL - 2022-11-25 14:39:36 --> Undefined property: stdClass::$komoditas_satuan
in APPPATH\Controllers\Backend.php on line 1373.
 1 APPPATH\Controllers\Backend.php(1373): CodeIgniter\Debug\Exceptions->errorHandler(8, 'Undefined property: stdClass::$komoditas_satuan', 'APPPATH\\Controllers\\Backend.php', 1373, [...])
 2 SYSTEMPATH\CodeIgniter.php(896): App\Controllers\Backend->get_jualan_pedagang_harian()
 3 SYSTEMPATH\CodeIgniter.php(466): CodeIgniter\CodeIgniter->runController(Object(App\Controllers\Backend))
 4 SYSTEMPATH\CodeIgniter.php(349): CodeIgniter\CodeIgniter->handleRequest(null, Object(Config\Cache), false)
 5 FCPATH\index.php(55): CodeIgniter\CodeIgniter->run()
CRITICAL - 2022-11-25 14:39:37 --> Undefined property: stdClass::$komoditas_satuan
in APPPATH\Controllers\Backend.php on line 1373.
 1 APPPATH\Controllers\Backend.php(1373): CodeIgniter\Debug\Exceptions->errorHandler(8, 'Undefined property: stdClass::$komoditas_satuan', 'APPPATH\\Controllers\\Backend.php', 1373, [...])
 2 SYSTEMPATH\CodeIgniter.php(896): App\Controllers\Backend->get_jualan_pedagang_harian()
 3 SYSTEMPATH\CodeIgniter.php(466): CodeIgniter\CodeIgniter->runController(Object(App\Controllers\Backend))
 4 SYSTEMPATH\CodeIgniter.php(349): CodeIgniter\CodeIgniter->handleRequest(null, Object(Config\Cache), false)
 5 FCPATH\index.php(55): CodeIgniter\CodeIgniter->run()
CRITICAL - 2022-11-25 14:39:38 --> Undefined property: stdClass::$komoditas_satuan
in APPPATH\Controllers\Backend.php on line 1373.
 1 APPPATH\Controllers\Backend.php(1373): CodeIgniter\Debug\Exceptions->errorHandler(8, 'Undefined property: stdClass::$komoditas_satuan', 'APPPATH\\Controllers\\Backend.php', 1373, [...])
 2 SYSTEMPATH\CodeIgniter.php(896): App\Controllers\Backend->get_jualan_pedagang_harian()
 3 SYSTEMPATH\CodeIgniter.php(466): CodeIgniter\CodeIgniter->runController(Object(App\Controllers\Backend))
 4 SYSTEMPATH\CodeIgniter.php(349): CodeIgniter\CodeIgniter->handleRequest(null, Object(Config\Cache), false)
 5 FCPATH\index.php(55): CodeIgniter\CodeIgniter->run()
CRITICAL - 2022-11-25 14:41:00 --> Undefined property: stdClass::$komoditas_satuan
in APPPATH\Controllers\Backend.php on line 1373.
 1 APPPATH\Controllers\Backend.php(1373): CodeIgniter\Debug\Exceptions->errorHandler(8, 'Undefined property: stdClass::$komoditas_satuan', 'APPPATH\\Controllers\\Backend.php', 1373, [...])
 2 SYSTEMPATH\CodeIgniter.php(896): App\Controllers\Backend->get_jualan_pedagang_harian()
 3 SYSTEMPATH\CodeIgniter.php(466): CodeIgniter\CodeIgniter->runController(Object(App\Controllers\Backend))
 4 SYSTEMPATH\CodeIgniter.php(349): CodeIgniter\CodeIgniter->handleRequest(null, Object(Config\Cache), false)
 5 FCPATH\index.php(55): CodeIgniter\CodeIgniter->run()
CRITICAL - 2022-11-25 16:35:08 --> Call to a member function getResult() on null
in APPPATH\Controllers\Publik.php on line 34.
 1 SYSTEMPATH\CodeIgniter.php(896): App\Controllers\Publik->index()
 2 SYSTEMPATH\CodeIgniter.php(466): CodeIgniter\CodeIgniter->runController(Object(App\Controllers\Publik))
 3 SYSTEMPATH\CodeIgniter.php(349): CodeIgniter\CodeIgniter->handleRequest(null, Object(Config\Cache), false)
 4 FCPATH\index.php(55): CodeIgniter\CodeIgniter->run()
CRITICAL - 2022-11-25 16:35:16 --> Undefined offset: 0
in APPPATH\Controllers\Publik.php on line 35.
 1 APPPATH\Controllers\Publik.php(35): CodeIgniter\Debug\Exceptions->errorHandler(8, 'Undefined offset: 0', 'APPPATH\\Controllers\\Publik.php', 35, [...])
 2 SYSTEMPATH\CodeIgniter.php(896): App\Controllers\Publik->index()
 3 SYSTEMPATH\CodeIgniter.php(466): CodeIgniter\CodeIgniter->runController(Object(App\Controllers\Publik))
 4 SYSTEMPATH\CodeIgniter.php(349): CodeIgniter\CodeIgniter->handleRequest(null, Object(Config\Cache), false)
 5 FCPATH\index.php(55): CodeIgniter\CodeIgniter->run()
CRITICAL - 2022-11-25 16:50:52 --> Attempt to assign property 'avg_prev' of non-object
in APPPATH\Controllers\Publik.php on line 45.
 1 APPPATH\Controllers\Publik.php(45): CodeIgniter\Debug\Exceptions->errorHandler(2, 'Attempt to assign property \'avg_prev\' of non-object', 'APPPATH\\Controllers\\Publik.php', 45, [...])
 2 SYSTEMPATH\CodeIgniter.php(896): App\Controllers\Publik->index()
 3 SYSTEMPATH\CodeIgniter.php(466): CodeIgniter\CodeIgniter->runController(Object(App\Controllers\Publik))
 4 SYSTEMPATH\CodeIgniter.php(349): CodeIgniter\CodeIgniter->handleRequest(null, Object(Config\Cache), false)
 5 FCPATH\index.php(55): CodeIgniter\CodeIgniter->run()
