CRITICAL - 2022-10-11 13:33:09 --> Call to undefined method App\Models\Transaksi_model::get_harga_by_komoditas_date
in SYSTEMPATH\Model.php on line 773.
 1 APPPATH\Controllers\Publik.php(33): CodeIgniter\Model->__call('get_harga_by_komoditas_date', [...])
 2 SYSTEMPATH\CodeIgniter.php(896): App\Controllers\Publik->index()
 3 SYSTEMPATH\CodeIgniter.php(466): CodeIgniter\CodeIgniter->runController(Object(App\Controllers\Publik))
 4 SYSTEMPATH\CodeIgniter.php(349): CodeIgniter\CodeIgniter->handleRequest(null, Object(Config\Cache), false)
 5 FCPATH\index.php(55): CodeIgniter\CodeIgniter->run()
CRITICAL - 2022-10-11 13:40:07 --> Undefined property: stdClass::$satuan
in APPPATH\Views\public\home.php on line 80.
 1 APPPATH\Views\public\home.php(80): CodeIgniter\Debug\Exceptions->errorHandler(8, 'Undefined property: stdClass::$satuan', 'APPPATH\\Views\\public\\home.php', 80, [...])
 2 SYSTEMPATH\View\View.php(213): include('APPPATH\\Views\\public\\home.php')
 3 SYSTEMPATH\View\View.php(216): CodeIgniter\View\View->CodeIgniter\View\{closure}()
 4 SYSTEMPATH\Common.php(1135): CodeIgniter\View\View->render('home', [], true)
 5 APPPATH\Controllers\Publik.php(37): view('home', [...])
 6 SYSTEMPATH\CodeIgniter.php(896): App\Controllers\Publik->index()
 7 SYSTEMPATH\CodeIgniter.php(466): CodeIgniter\CodeIgniter->runController(Object(App\Controllers\Publik))
 8 SYSTEMPATH\CodeIgniter.php(349): CodeIgniter\CodeIgniter->handleRequest(null, Object(Config\Cache), false)
 9 FCPATH\index.php(55): CodeIgniter\CodeIgniter->run()
CRITICAL - 2022-10-11 15:10:57 --> Maximum execution time of 120 seconds exceeded
in SYSTEMPATH\Database\BaseBuilder.php on line 2746.
 1 [internal function]: CodeIgniter\Debug\Exceptions->shutdownHandler()
CRITICAL - 2022-10-11 15:10:57 --> Undefined property: stdClass::$avg_prev
in APPPATH\Controllers\Publik.php on line 36.
 1 APPPATH\Controllers\Publik.php(36): CodeIgniter\Debug\Exceptions->errorHandler(8, 'Undefined property: stdClass::$avg_prev', 'APPPATH\\Controllers\\Publik.php', 36, [...])
 2 SYSTEMPATH\CodeIgniter.php(896): App\Controllers\Publik->index()
 3 SYSTEMPATH\CodeIgniter.php(466): CodeIgniter\CodeIgniter->runController(Object(App\Controllers\Publik))
 4 SYSTEMPATH\CodeIgniter.php(349): CodeIgniter\CodeIgniter->handleRequest(null, Object(Config\Cache), false)
 5 FCPATH\index.php(55): CodeIgniter\CodeIgniter->run()
CRITICAL - 2022-10-11 15:10:57 --> Undefined property: stdClass::$avg_prev
in APPPATH\Controllers\Publik.php on line 36.
 1 APPPATH\Controllers\Publik.php(36): CodeIgniter\Debug\Exceptions->errorHandler(8, 'Undefined property: stdClass::$avg_prev', 'APPPATH\\Controllers\\Publik.php', 36, [...])
 2 SYSTEMPATH\CodeIgniter.php(896): App\Controllers\Publik->index()
 3 SYSTEMPATH\CodeIgniter.php(466): CodeIgniter\CodeIgniter->runController(Object(App\Controllers\Publik))
 4 SYSTEMPATH\CodeIgniter.php(349): CodeIgniter\CodeIgniter->handleRequest(null, Object(Config\Cache), false)
 5 FCPATH\index.php(55): CodeIgniter\CodeIgniter->run()
CRITICAL - 2022-10-11 15:11:16 --> Undefined property: stdClass::$avg_prev
in APPPATH\Controllers\Publik.php on line 36.
 1 APPPATH\Controllers\Publik.php(36): CodeIgniter\Debug\Exceptions->errorHandler(8, 'Undefined property: stdClass::$avg_prev', 'APPPATH\\Controllers\\Publik.php', 36, [...])
 2 SYSTEMPATH\CodeIgniter.php(896): App\Controllers\Publik->index()
 3 SYSTEMPATH\CodeIgniter.php(466): CodeIgniter\CodeIgniter->runController(Object(App\Controllers\Publik))
 4 SYSTEMPATH\CodeIgniter.php(349): CodeIgniter\CodeIgniter->handleRequest(null, Object(Config\Cache), false)
 5 FCPATH\index.php(55): CodeIgniter\CodeIgniter->run()
CRITICAL - 2022-10-11 15:15:41 --> Maximum execution time of 120 seconds exceeded
in SYSTEMPATH\Database\MySQLi\Connection.php on line 292.
 1 [internal function]: CodeIgniter\Debug\Exceptions->shutdownHandler()
CRITICAL - 2022-10-11 15:18:10 --> Maximum execution time of 120 seconds exceeded
in SYSTEMPATH\Database\MySQLi\Connection.php on line 292.
 1 [internal function]: CodeIgniter\Debug\Exceptions->shutdownHandler()
CRITICAL - 2022-10-11 15:19:57 --> Maximum execution time of 120 seconds exceeded
in APPPATH\Controllers\Publik.php on line 38.
 1 [internal function]: CodeIgniter\Debug\Exceptions->shutdownHandler()
CRITICAL - 2022-10-11 15:20:39 --> Maximum execution time of 120 seconds exceeded
in SYSTEMPATH\Config\Factories.php on line 95.
 1 [internal function]: CodeIgniter\Debug\Exceptions->shutdownHandler()
CRITICAL - 2022-10-11 15:40:15 --> Maximum execution time of 120 seconds exceeded
in SYSTEMPATH\Database\MySQLi\Connection.php on line 292.
 1 [internal function]: CodeIgniter\Debug\Exceptions->shutdownHandler()
CRITICAL - 2022-10-11 15:43:58 --> Maximum execution time of 120 seconds exceeded
in SYSTEMPATH\Database\MySQLi\Connection.php on line 292.
 1 [internal function]: CodeIgniter\Debug\Exceptions->shutdownHandler()
CRITICAL - 2022-10-11 15:48:05 --> Trying to get property 'rata_harga' of non-object
in APPPATH\Controllers\Publik.php on line 49.
 1 APPPATH\Controllers\Publik.php(49): CodeIgniter\Debug\Exceptions->errorHandler(8, 'Trying to get property \'rata_harga\' of non-object', 'APPPATH\\Controllers\\Publik.php', 49, [...])
 2 SYSTEMPATH\CodeIgniter.php(896): App\Controllers\Publik->index()
 3 SYSTEMPATH\CodeIgniter.php(466): CodeIgniter\CodeIgniter->runController(Object(App\Controllers\Publik))
 4 SYSTEMPATH\CodeIgniter.php(349): CodeIgniter\CodeIgniter->handleRequest(null, Object(Config\Cache), false)
 5 FCPATH\index.php(55): CodeIgniter\CodeIgniter->run()
CRITICAL - 2022-10-11 16:11:14 --> Maximum execution time of 120 seconds exceeded
in SYSTEMPATH\Database\MySQLi\Connection.php on line 292.
 1 [internal function]: CodeIgniter\Debug\Exceptions->shutdownHandler()
CRITICAL - 2022-10-11 16:12:29 --> Trying to get property 'rata_harga' of non-object
in APPPATH\Controllers\Publik.php on line 43.
 1 APPPATH\Controllers\Publik.php(43): CodeIgniter\Debug\Exceptions->errorHandler(8, 'Trying to get property \'rata_harga\' of non-object', 'APPPATH\\Controllers\\Publik.php', 43, [...])
 2 SYSTEMPATH\CodeIgniter.php(896): App\Controllers\Publik->index()
 3 SYSTEMPATH\CodeIgniter.php(466): CodeIgniter\CodeIgniter->runController(Object(App\Controllers\Publik))
 4 SYSTEMPATH\CodeIgniter.php(349): CodeIgniter\CodeIgniter->handleRequest(null, Object(Config\Cache), false)
 5 FCPATH\index.php(55): CodeIgniter\CodeIgniter->run()
CRITICAL - 2022-10-11 16:13:27 --> Maximum execution time of 120 seconds exceeded
in SYSTEMPATH\Database\MySQLi\Connection.php on line 292.
 1 [internal function]: CodeIgniter\Debug\Exceptions->shutdownHandler()
CRITICAL - 2022-10-11 16:15:00 --> Undefined offset: 11
in APPPATH\Controllers\Publik.php on line 48.
 1 APPPATH\Controllers\Publik.php(48): CodeIgniter\Debug\Exceptions->errorHandler(8, 'Undefined offset: 11', 'APPPATH\\Controllers\\Publik.php', 48, [...])
 2 SYSTEMPATH\CodeIgniter.php(896): App\Controllers\Publik->index()
 3 SYSTEMPATH\CodeIgniter.php(466): CodeIgniter\CodeIgniter->runController(Object(App\Controllers\Publik))
 4 SYSTEMPATH\CodeIgniter.php(349): CodeIgniter\CodeIgniter->handleRequest(null, Object(Config\Cache), false)
 5 FCPATH\index.php(55): CodeIgniter\CodeIgniter->run()
CRITICAL - 2022-10-11 16:46:34 --> syntax error, unexpected '}'
in APPPATH\Views\public\home.php on line 121.
 1 SYSTEMPATH\View\View.php(216): CodeIgniter\View\View->CodeIgniter\View\{closure}()
 2 SYSTEMPATH\Common.php(1135): CodeIgniter\View\View->render('home', [], true)
 3 APPPATH\Controllers\Publik.php(57): view('home', [...])
 4 SYSTEMPATH\CodeIgniter.php(896): App\Controllers\Publik->index()
 5 SYSTEMPATH\CodeIgniter.php(466): CodeIgniter\CodeIgniter->runController(Object(App\Controllers\Publik))
 6 SYSTEMPATH\CodeIgniter.php(349): CodeIgniter\CodeIgniter->handleRequest(null, Object(Config\Cache), false)
 7 FCPATH\index.php(55): CodeIgniter\CodeIgniter->run()
CRITICAL - 2022-10-11 16:49:22 --> Undefined property: stdClass::$komoditas_nama
in APPPATH\Views\public\home.php on line 124.
 1 APPPATH\Views\public\home.php(124): CodeIgniter\Debug\Exceptions->errorHandler(8, 'Undefined property: stdClass::$komoditas_nama', 'APPPATH\\Views\\public\\home.php', 124, [...])
 2 SYSTEMPATH\View\View.php(213): include('APPPATH\\Views\\public\\home.php')
 3 SYSTEMPATH\View\View.php(216): CodeIgniter\View\View->CodeIgniter\View\{closure}()
 4 SYSTEMPATH\Common.php(1135): CodeIgniter\View\View->render('home', [], true)
 5 APPPATH\Controllers\Publik.php(57): view('home', [...])
 6 SYSTEMPATH\CodeIgniter.php(896): App\Controllers\Publik->index()
 7 SYSTEMPATH\CodeIgniter.php(466): CodeIgniter\CodeIgniter->runController(Object(App\Controllers\Publik))
 8 SYSTEMPATH\CodeIgniter.php(349): CodeIgniter\CodeIgniter->handleRequest(null, Object(Config\Cache), false)
 9 FCPATH\index.php(55): CodeIgniter\CodeIgniter->run()
CRITICAL - 2022-10-11 16:50:30 --> Undefined property: stdClass::$avg_harga
in APPPATH\Views\public\home.php on line 128.
 1 APPPATH\Views\public\home.php(128): CodeIgniter\Debug\Exceptions->errorHandler(8, 'Undefined property: stdClass::$avg_harga', 'APPPATH\\Views\\public\\home.php', 128, [...])
 2 SYSTEMPATH\View\View.php(213): include('APPPATH\\Views\\public\\home.php')
 3 SYSTEMPATH\View\View.php(216): CodeIgniter\View\View->CodeIgniter\View\{closure}()
 4 SYSTEMPATH\Common.php(1135): CodeIgniter\View\View->render('home', [], true)
 5 APPPATH\Controllers\Publik.php(57): view('home', [...])
 6 SYSTEMPATH\CodeIgniter.php(896): App\Controllers\Publik->index()
 7 SYSTEMPATH\CodeIgniter.php(466): CodeIgniter\CodeIgniter->runController(Object(App\Controllers\Publik))
 8 SYSTEMPATH\CodeIgniter.php(349): CodeIgniter\CodeIgniter->handleRequest(null, Object(Config\Cache), false)
 9 FCPATH\index.php(55): CodeIgniter\CodeIgniter->run()
CRITICAL - 2022-10-11 16:50:44 --> Undefined property: stdClass::$status
in APPPATH\Views\public\home.php on line 129.
 1 APPPATH\Views\public\home.php(129): CodeIgniter\Debug\Exceptions->errorHandler(8, 'Undefined property: stdClass::$status', 'APPPATH\\Views\\public\\home.php', 129, [...])
 2 SYSTEMPATH\View\View.php(213): include('APPPATH\\Views\\public\\home.php')
 3 SYSTEMPATH\View\View.php(216): CodeIgniter\View\View->CodeIgniter\View\{closure}()
 4 SYSTEMPATH\Common.php(1135): CodeIgniter\View\View->render('home', [], true)
 5 APPPATH\Controllers\Publik.php(57): view('home', [...])
 6 SYSTEMPATH\CodeIgniter.php(896): App\Controllers\Publik->index()
 7 SYSTEMPATH\CodeIgniter.php(466): CodeIgniter\CodeIgniter->runController(Object(App\Controllers\Publik))
 8 SYSTEMPATH\CodeIgniter.php(349): CodeIgniter\CodeIgniter->handleRequest(null, Object(Config\Cache), false)
 9 FCPATH\index.php(55): CodeIgniter\CodeIgniter->run()
CRITICAL - 2022-10-11 16:59:38 --> Undefined property: stdClass::$status
in APPPATH\Views\public\home.php on line 73.
 1 APPPATH\Views\public\home.php(73): CodeIgniter\Debug\Exceptions->errorHandler(8, 'Undefined property: stdClass::$status', 'APPPATH\\Views\\public\\home.php', 73, [...])
 2 SYSTEMPATH\View\View.php(213): include('APPPATH\\Views\\public\\home.php')
 3 SYSTEMPATH\View\View.php(216): CodeIgniter\View\View->CodeIgniter\View\{closure}()
 4 SYSTEMPATH\Common.php(1135): CodeIgniter\View\View->render('home', [], true)
 5 APPPATH\Controllers\Publik.php(58): view('home', [...])
 6 SYSTEMPATH\CodeIgniter.php(896): App\Controllers\Publik->index()
 7 SYSTEMPATH\CodeIgniter.php(466): CodeIgniter\CodeIgniter->runController(Object(App\Controllers\Publik))
 8 SYSTEMPATH\CodeIgniter.php(349): CodeIgniter\CodeIgniter->handleRequest(null, Object(Config\Cache), false)
 9 FCPATH\index.php(55): CodeIgniter\CodeIgniter->run()
CRITICAL - 2022-10-11 17:01:21 --> Undefined variable: komoditas_nama
in APPPATH\Views\public\home.php on line 122.
 1 APPPATH\Views\public\home.php(122): CodeIgniter\Debug\Exceptions->errorHandler(8, 'Undefined variable: komoditas_nama', 'APPPATH\\Views\\public\\home.php', 122, [...])
 2 SYSTEMPATH\View\View.php(213): include('APPPATH\\Views\\public\\home.php')
 3 SYSTEMPATH\View\View.php(216): CodeIgniter\View\View->CodeIgniter\View\{closure}()
 4 SYSTEMPATH\Common.php(1135): CodeIgniter\View\View->render('home', [], true)
 5 APPPATH\Controllers\Publik.php(57): view('home', [...])
 6 SYSTEMPATH\CodeIgniter.php(896): App\Controllers\Publik->index()
 7 SYSTEMPATH\CodeIgniter.php(466): CodeIgniter\CodeIgniter->runController(Object(App\Controllers\Publik))
 8 SYSTEMPATH\CodeIgniter.php(349): CodeIgniter\CodeIgniter->handleRequest(null, Object(Config\Cache), false)
 9 FCPATH\index.php(55): CodeIgniter\CodeIgniter->run()
CRITICAL - 2022-10-11 20:43:21 --> file_get_contents(C:\xampp\htdocs\pasar\writable\debugbar/debugbar_1665490210.416308.json): failed to open stream: No such file or directory
in SYSTEMPATH\Debug\Toolbar\Collectors\History.php on line 82.
 1 [internal function]: CodeIgniter\Debug\Exceptions->errorHandler(2, 'file_get_contents(C:\\xampp\\htdocs\\pasar\\writable\\debugbar/debugbar_1665490210.416308.json): failed to open stream: No such file or directory', 'SYSTEMPATH\\Debug\\Toolbar\\Collectors\\History.php', 82, [...])
 2 SYSTEMPATH\Debug\Toolbar\Collectors\History.php(82): file_get_contents('FCPATH\\writable\\debugbar/debugbar_1665490210.416308.json')
 3 SYSTEMPATH\Debug\Toolbar.php(495): CodeIgniter\Debug\Toolbar\Collectors\History->setFiles('1665538993.690671', 20)
 4 SYSTEMPATH\Debug\Toolbar.php(472): CodeIgniter\Debug\Toolbar->format([...], 'html')
 5 APPPATH\Config\Events.php(46): CodeIgniter\Debug\Toolbar->respond()
 6 SYSTEMPATH\Events\Events.php(149): CodeIgniter\Events\Events::Config\{closure}()
 7 SYSTEMPATH\CodeIgniter.php(326): CodeIgniter\Events\Events::trigger('pre_system')
 8 FCPATH\index.php(55): CodeIgniter\CodeIgniter->run()
