CRITICAL - 2023-01-26 16:27:57 --> Trying to access array offset on value of type null
in APPPATH\Views\public\page_home.php on line 115.
 1 APPPATH\Views\public\page_home.php(115): CodeIgniter\Debug\Exceptions->errorHandler(8, 'Trying to access array offset on value of type null', 'APPPATH\\Views\\public\\page_home.php', 115, [...])
 2 SYSTEMPATH\View\View.php(213): include('APPPATH\\Views\\public\\page_home.php')
 3 SYSTEMPATH\View\View.php(216): CodeIgniter\View\View->CodeIgniter\View\{closure}()
 4 SYSTEMPATH\Common.php(1135): CodeIgniter\View\View->render('page_home', [], true)
 5 APPPATH\Controllers\Publik.php(48): view('page_home', [...])
 6 SYSTEMPATH\CodeIgniter.php(896): App\Controllers\Publik->index()
 7 SYSTEMPATH\CodeIgniter.php(466): CodeIgniter\CodeIgniter->runController(Object(App\Controllers\Publik))
 8 SYSTEMPATH\CodeIgniter.php(349): CodeIgniter\CodeIgniter->handleRequest(null, Object(Config\Cache), false)
 9 FCPATH\index.php(55): CodeIgniter\CodeIgniter->run()
CRITICAL - 2023-01-26 16:32:27 --> Undefined variable: pasar
in APPPATH\Views\root\laporan_komoditas.php on line 52.
 1 APPPATH\Views\root\laporan_komoditas.php(52): CodeIgniter\Debug\Exceptions->errorHandler(8, 'Undefined variable: pasar', 'APPPATH\\Views\\root\\laporan_komoditas.php', 52, [...])
 2 SYSTEMPATH\View\View.php(213): include('APPPATH\\Views\\root\\laporan_komoditas.php')
 3 SYSTEMPATH\View\View.php(216): CodeIgniter\View\View->CodeIgniter\View\{closure}()
 4 SYSTEMPATH\Common.php(1135): CodeIgniter\View\View->render('root/laporan_komoditas', [], true)
 5 APPPATH\Controllers\Crud.php(588): view('root/laporan_komoditas', [...])
 6 SYSTEMPATH\CodeIgniter.php(896): App\Controllers\Crud->download_laporan_pangan_pdf()
 7 SYSTEMPATH\CodeIgniter.php(466): CodeIgniter\CodeIgniter->runController(Object(App\Controllers\Crud))
 8 SYSTEMPATH\CodeIgniter.php(349): CodeIgniter\CodeIgniter->handleRequest(null, Object(Config\Cache), false)
 9 FCPATH\index.php(55): CodeIgniter\CodeIgniter->run()
CRITICAL - 2023-01-26 16:33:58 --> Undefined property: App\Controllers\Crud::$PM
in APPPATH\Controllers\Crud.php on line 520.
 1 APPPATH\Controllers\Crud.php(520): CodeIgniter\Debug\Exceptions->errorHandler(8, 'Undefined property: App\\Controllers\\Crud::$PM', 'APPPATH\\Controllers\\Crud.php', 520, [...])
 2 SYSTEMPATH\CodeIgniter.php(896): App\Controllers\Crud->download_laporan_pangan_pdf()
 3 SYSTEMPATH\CodeIgniter.php(466): CodeIgniter\CodeIgniter->runController(Object(App\Controllers\Crud))
 4 SYSTEMPATH\CodeIgniter.php(349): CodeIgniter\CodeIgniter->handleRequest(null, Object(Config\Cache), false)
 5 FCPATH\index.php(55): CodeIgniter\CodeIgniter->run()
