CRITICAL - 2022-10-06 10:46:35 --> Call to undefined method App\Models\Grup_komoditas_model::add_komoditas
in SYSTEMPATH\Model.php on line 773.
 1 APPPATH\Controllers\Backend.php(402): CodeIgniter\Model->__call('add_komoditas', [...])
 2 SYSTEMPATH\CodeIgniter.php(896): App\Controllers\Backend->add_komoditas()
 3 SYSTEMPATH\CodeIgniter.php(466): CodeIgniter\CodeIgniter->runController(Object(App\Controllers\Backend))
 4 SYSTEMPATH\CodeIgniter.php(349): CodeIgniter\CodeIgniter->handleRequest(null, Object(Config\Cache), false)
 5 FCPATH\index.php(55): CodeIgniter\CodeIgniter->run()
CRITICAL - 2022-10-06 10:46:36 --> Call to undefined method App\Models\Grup_komoditas_model::add_komoditas
in SYSTEMPATH\Model.php on line 773.
 1 APPPATH\Controllers\Backend.php(402): CodeIgniter\Model->__call('add_komoditas', [...])
 2 SYSTEMPATH\CodeIgniter.php(896): App\Controllers\Backend->add_komoditas()
 3 SYSTEMPATH\CodeIgniter.php(466): CodeIgniter\CodeIgniter->runController(Object(App\Controllers\Backend))
 4 SYSTEMPATH\CodeIgniter.php(349): CodeIgniter\CodeIgniter->handleRequest(null, Object(Config\Cache), false)
 5 FCPATH\index.php(55): CodeIgniter\CodeIgniter->run()
CRITICAL - 2022-10-06 10:47:01 --> Call to undefined method App\Models\Grup_komoditas_model::add_komoditas
in SYSTEMPATH\Model.php on line 773.
 1 APPPATH\Controllers\Backend.php(402): CodeIgniter\Model->__call('add_komoditas', [...])
 2 SYSTEMPATH\CodeIgniter.php(896): App\Controllers\Backend->add_komoditas()
 3 SYSTEMPATH\CodeIgniter.php(466): CodeIgniter\CodeIgniter->runController(Object(App\Controllers\Backend))
 4 SYSTEMPATH\CodeIgniter.php(349): CodeIgniter\CodeIgniter->handleRequest(null, Object(Config\Cache), false)
 5 FCPATH\index.php(55): CodeIgniter\CodeIgniter->run()
CRITICAL - 2022-10-06 10:48:11 --> Call to undefined method App\Models\Grup_komoditas_model::add_komoditas
in SYSTEMPATH\Model.php on line 773.
 1 APPPATH\Controllers\Backend.php(402): CodeIgniter\Model->__call('add_komoditas', [...])
 2 SYSTEMPATH\CodeIgniter.php(896): App\Controllers\Backend->add_komoditas()
 3 SYSTEMPATH\CodeIgniter.php(466): CodeIgniter\CodeIgniter->runController(Object(App\Controllers\Backend))
 4 SYSTEMPATH\CodeIgniter.php(349): CodeIgniter\CodeIgniter->handleRequest(null, Object(Config\Cache), false)
 5 FCPATH\index.php(55): CodeIgniter\CodeIgniter->run()
