ERROR - 2022-10-04 08:45:35 --> Error connecting to the database: No connection could be made because the target machine actively refused it.

CRITICAL - 2022-10-04 08:45:35 --> Unable to connect to the database.
Main connection [MySQLi]: No connection could be made because the target machine actively refused it.

in SYSTEMPATH\Database\BaseConnection.php on line 416.
 1 SYSTEMPATH\Database\BaseConnection.php(586): CodeIgniter\Database\BaseConnection->initialize()
 2 SYSTEMPATH\Database\BaseBuilder.php(1585): CodeIgniter\Database\BaseConnection->query('SELECT *
FROM `tb_pasar`
WHERE `pasar_status` = :pasar_status:
 LIMIT 20', [...], false)
 3 SYSTEMPATH\Model.php(771): CodeIgniter\Database\BaseBuilder->get()
 4 APPPATH\Controllers\Backend.php(70): CodeIgniter\Model->__call('get', [])
 5 SYSTEMPATH\CodeIgniter.php(896): App\Controllers\Backend->get_data_pasar()
 6 SYSTEMPATH\CodeIgniter.php(466): CodeIgniter\CodeIgniter->runController(Object(App\Controllers\Backend))
 7 SYSTEMPATH\CodeIgniter.php(349): CodeIgniter\CodeIgniter->handleRequest(null, Object(Config\Cache), false)
 8 FCPATH\index.php(55): CodeIgniter\CodeIgniter->run()
ERROR - 2022-10-04 08:46:15 --> Error connecting to the database: No connection could be made because the target machine actively refused it.

CRITICAL - 2022-10-04 08:46:15 --> Unable to connect to the database.
Main connection [MySQLi]: No connection could be made because the target machine actively refused it.

in SYSTEMPATH\Database\BaseConnection.php on line 416.
 1 SYSTEMPATH\Database\BaseConnection.php(586): CodeIgniter\Database\BaseConnection->initialize()
 2 SYSTEMPATH\Database\BaseBuilder.php(1585): CodeIgniter\Database\BaseConnection->query('SELECT *
FROM `tb_pasar`
WHERE `pasar_status` = :pasar_status:
 LIMIT 20', [...], false)
 3 SYSTEMPATH\Model.php(771): CodeIgniter\Database\BaseBuilder->get()
 4 APPPATH\Controllers\Backend.php(70): CodeIgniter\Model->__call('get', [])
 5 SYSTEMPATH\CodeIgniter.php(896): App\Controllers\Backend->get_data_pasar()
 6 SYSTEMPATH\CodeIgniter.php(466): CodeIgniter\CodeIgniter->runController(Object(App\Controllers\Backend))
 7 SYSTEMPATH\CodeIgniter.php(349): CodeIgniter\CodeIgniter->handleRequest(null, Object(Config\Cache), false)
 8 FCPATH\index.php(55): CodeIgniter\CodeIgniter->run()
ERROR - 2022-10-04 08:59:36 --> Error connecting to the database: No connection could be made because the target machine actively refused it.

CRITICAL - 2022-10-04 08:59:36 --> Unable to connect to the database.
Main connection [MySQLi]: No connection could be made because the target machine actively refused it.

in SYSTEMPATH\Database\BaseConnection.php on line 416.
 1 SYSTEMPATH\Database\BaseConnection.php(586): CodeIgniter\Database\BaseConnection->initialize()
 2 SYSTEMPATH\Database\BaseBuilder.php(1585): CodeIgniter\Database\BaseConnection->query('SELECT *
FROM `tb_pasar`
WHERE `pasar_status` = :pasar_status:
 LIMIT 20', [...], false)
 3 SYSTEMPATH\Model.php(771): CodeIgniter\Database\BaseBuilder->get()
 4 APPPATH\Controllers\Backend.php(70): CodeIgniter\Model->__call('get', [])
 5 SYSTEMPATH\CodeIgniter.php(896): App\Controllers\Backend->get_data_pasar()
 6 SYSTEMPATH\CodeIgniter.php(466): CodeIgniter\CodeIgniter->runController(Object(App\Controllers\Backend))
 7 SYSTEMPATH\CodeIgniter.php(349): CodeIgniter\CodeIgniter->handleRequest(null, Object(Config\Cache), false)
 8 FCPATH\index.php(55): CodeIgniter\CodeIgniter->run()
ERROR - 2022-10-04 09:00:17 --> Error connecting to the database: No connection could be made because the target machine actively refused it.

CRITICAL - 2022-10-04 09:00:17 --> Unable to connect to the database.
Main connection [MySQLi]: No connection could be made because the target machine actively refused it.

in SYSTEMPATH\Database\BaseConnection.php on line 416.
 1 SYSTEMPATH\Database\BaseConnection.php(586): CodeIgniter\Database\BaseConnection->initialize()
 2 SYSTEMPATH\Database\BaseBuilder.php(1585): CodeIgniter\Database\BaseConnection->query('SELECT *
FROM `tb_pasar`
WHERE `pasar_status` = :pasar_status:
 LIMIT 20', [...], false)
 3 SYSTEMPATH\Model.php(771): CodeIgniter\Database\BaseBuilder->get()
 4 APPPATH\Controllers\Backend.php(70): CodeIgniter\Model->__call('get', [])
 5 SYSTEMPATH\CodeIgniter.php(896): App\Controllers\Backend->get_data_pasar()
 6 SYSTEMPATH\CodeIgniter.php(466): CodeIgniter\CodeIgniter->runController(Object(App\Controllers\Backend))
 7 SYSTEMPATH\CodeIgniter.php(349): CodeIgniter\CodeIgniter->handleRequest(null, Object(Config\Cache), false)
 8 FCPATH\index.php(55): CodeIgniter\CodeIgniter->run()
CRITICAL - 2022-10-04 09:11:54 --> Call to undefined method App\Models\Pasar_model::get_pasar_by_filter
in SYSTEMPATH\Model.php on line 773.
 1 APPPATH\Controllers\Backend.php(75): CodeIgniter\Model->__call('get_pasar_by_filter', [...])
 2 SYSTEMPATH\CodeIgniter.php(896): App\Controllers\Backend->get_data_pasar()
 3 SYSTEMPATH\CodeIgniter.php(466): CodeIgniter\CodeIgniter->runController(Object(App\Controllers\Backend))
 4 SYSTEMPATH\CodeIgniter.php(349): CodeIgniter\CodeIgniter->handleRequest(null, Object(Config\Cache), false)
 5 FCPATH\index.php(55): CodeIgniter\CodeIgniter->run()
CRITICAL - 2022-10-04 12:00:28 --> Undefined property: App\Controllers\Backend::$LM
in APPPATH\Controllers\Backend.php on line 41.
 1 APPPATH\Controllers\Backend.php(41): CodeIgniter\Debug\Exceptions->errorHandler(8, 'Undefined property: App\\Controllers\\Backend::$LM', 'APPPATH\\Controllers\\Backend.php', 41, [...])
 2 APPPATH\Controllers\Backend.php(123): App\Controllers\Backend->__addLog('Data Pasar', '{"pasar_id":null,"pasar_nama":"tes","pasar_alamat":"a","pasar_longitude":"101.4418368","pasar_latitude":"0.5066603","pasar_create_by":"root","pasar_status":"1","pasar_create_time":"2022-10-04 12:00:28"}', 'Insert', 'root')
 3 SYSTEMPATH\CodeIgniter.php(896): App\Controllers\Backend->add_pasar()
 4 SYSTEMPATH\CodeIgniter.php(466): CodeIgniter\CodeIgniter->runController(Object(App\Controllers\Backend))
 5 SYSTEMPATH\CodeIgniter.php(349): CodeIgniter\CodeIgniter->handleRequest(null, Object(Config\Cache), false)
 6 FCPATH\index.php(55): CodeIgniter\CodeIgniter->run()
CRITICAL - 2022-10-04 12:00:52 --> Undefined property: App\Controllers\Backend::$LM
in APPPATH\Controllers\Backend.php on line 41.
 1 APPPATH\Controllers\Backend.php(41): CodeIgniter\Debug\Exceptions->errorHandler(8, 'Undefined property: App\\Controllers\\Backend::$LM', 'APPPATH\\Controllers\\Backend.php', 41, [...])
 2 APPPATH\Controllers\Backend.php(123): App\Controllers\Backend->__addLog('Data Pasar', '{"pasar_id":null,"pasar_nama":"tes","pasar_alamat":"a","pasar_longitude":"101.4418368","pasar_latitude":"0.5066603","pasar_create_by":"root","pasar_status":"1","pasar_create_time":"2022-10-04 12:00:52"}', 'Insert', 'root')
 3 SYSTEMPATH\CodeIgniter.php(896): App\Controllers\Backend->add_pasar()
 4 SYSTEMPATH\CodeIgniter.php(466): CodeIgniter\CodeIgniter->runController(Object(App\Controllers\Backend))
 5 SYSTEMPATH\CodeIgniter.php(349): CodeIgniter\CodeIgniter->handleRequest(null, Object(Config\Cache), false)
 6 FCPATH\index.php(55): CodeIgniter\CodeIgniter->run()
CRITICAL - 2022-10-04 12:00:53 --> Undefined property: App\Controllers\Backend::$LM
in APPPATH\Controllers\Backend.php on line 41.
 1 APPPATH\Controllers\Backend.php(41): CodeIgniter\Debug\Exceptions->errorHandler(8, 'Undefined property: App\\Controllers\\Backend::$LM', 'APPPATH\\Controllers\\Backend.php', 41, [...])
 2 APPPATH\Controllers\Backend.php(123): App\Controllers\Backend->__addLog('Data Pasar', '{"pasar_id":null,"pasar_nama":"tes","pasar_alamat":"a","pasar_longitude":"101.4418368","pasar_latitude":"0.5066603","pasar_create_by":"root","pasar_status":"1","pasar_create_time":"2022-10-04 12:00:53"}', 'Insert', 'root')
 3 SYSTEMPATH\CodeIgniter.php(896): App\Controllers\Backend->add_pasar()
 4 SYSTEMPATH\CodeIgniter.php(466): CodeIgniter\CodeIgniter->runController(Object(App\Controllers\Backend))
 5 SYSTEMPATH\CodeIgniter.php(349): CodeIgniter\CodeIgniter->handleRequest(null, Object(Config\Cache), false)
 6 FCPATH\index.php(55): CodeIgniter\CodeIgniter->run()
ERROR - 2022-10-04 14:05:11 --> Error connecting to the database: No connection could be made because the target machine actively refused it.

ERROR - 2022-10-04 14:05:11 --> Error connecting to the database: No connection could be made because the target machine actively refused it.

CRITICAL - 2022-10-04 14:05:11 --> Unable to connect to the database.
Main connection [MySQLi]: No connection could be made because the target machine actively refused it.

in SYSTEMPATH\Database\BaseConnection.php on line 416.
 1 SYSTEMPATH\Database\BaseConnection.php(586): CodeIgniter\Database\BaseConnection->initialize()
 2 SYSTEMPATH\Database\BaseBuilder.php(1585): CodeIgniter\Database\BaseConnection->query('SELECT *
FROM `tb_pasar`
WHERE `pasar_status` = :pasar_status:
 LIMIT 20', [...], false)
 3 SYSTEMPATH\Model.php(771): CodeIgniter\Database\BaseBuilder->get()
 4 APPPATH\Controllers\Backend.php(90): CodeIgniter\Model->__call('get', [])
 5 SYSTEMPATH\CodeIgniter.php(896): App\Controllers\Backend->get_data_pasar()
 6 SYSTEMPATH\CodeIgniter.php(466): CodeIgniter\CodeIgniter->runController(Object(App\Controllers\Backend))
 7 SYSTEMPATH\CodeIgniter.php(349): CodeIgniter\CodeIgniter->handleRequest(null, Object(Config\Cache), false)
 8 FCPATH\index.php(55): CodeIgniter\CodeIgniter->run()
CRITICAL - 2022-10-04 14:05:11 --> Unable to connect to the database.
Main connection [MySQLi]: No connection could be made because the target machine actively refused it.

in SYSTEMPATH\Database\BaseConnection.php on line 416.
 1 SYSTEMPATH\Database\BaseConnection.php(586): CodeIgniter\Database\BaseConnection->initialize()
 2 SYSTEMPATH\Database\BaseBuilder.php(1585): CodeIgniter\Database\BaseConnection->query('SELECT *
FROM `tb_pasar`
WHERE `pasar_status` = :pasar_status:
 LIMIT 20', [...], false)
 3 SYSTEMPATH\Model.php(771): CodeIgniter\Database\BaseBuilder->get()
 4 APPPATH\Controllers\Backend.php(90): CodeIgniter\Model->__call('get', [])
 5 SYSTEMPATH\CodeIgniter.php(896): App\Controllers\Backend->get_data_pasar()
 6 SYSTEMPATH\CodeIgniter.php(466): CodeIgniter\CodeIgniter->runController(Object(App\Controllers\Backend))
 7 SYSTEMPATH\CodeIgniter.php(349): CodeIgniter\CodeIgniter->handleRequest(null, Object(Config\Cache), false)
 8 FCPATH\index.php(55): CodeIgniter\CodeIgniter->run()
ERROR - 2022-10-04 14:05:22 --> Error connecting to the database: No connection could be made because the target machine actively refused it.

CRITICAL - 2022-10-04 14:05:22 --> Unable to connect to the database.
Main connection [MySQLi]: No connection could be made because the target machine actively refused it.

in SYSTEMPATH\Database\BaseConnection.php on line 416.
 1 SYSTEMPATH\Database\BaseConnection.php(586): CodeIgniter\Database\BaseConnection->initialize()
 2 SYSTEMPATH\Database\BaseBuilder.php(1585): CodeIgniter\Database\BaseConnection->query('SELECT *
FROM `tb_pasar`
WHERE `pasar_status` = :pasar_status:
 LIMIT 20', [...], false)
 3 SYSTEMPATH\Model.php(771): CodeIgniter\Database\BaseBuilder->get()
 4 APPPATH\Controllers\Backend.php(90): CodeIgniter\Model->__call('get', [])
 5 SYSTEMPATH\CodeIgniter.php(896): App\Controllers\Backend->get_data_pasar()
 6 SYSTEMPATH\CodeIgniter.php(466): CodeIgniter\CodeIgniter->runController(Object(App\Controllers\Backend))
 7 SYSTEMPATH\CodeIgniter.php(349): CodeIgniter\CodeIgniter->handleRequest(null, Object(Config\Cache), false)
 8 FCPATH\index.php(55): CodeIgniter\CodeIgniter->run()
ERROR - 2022-10-04 17:04:44 --> Error connecting to the database: No connection could be made because the target machine actively refused it.

CRITICAL - 2022-10-04 17:04:44 --> Unable to connect to the database.
Main connection [MySQLi]: No connection could be made because the target machine actively refused it.

in SYSTEMPATH\Database\BaseConnection.php on line 416.
 1 SYSTEMPATH\Database\BaseConnection.php(586): CodeIgniter\Database\BaseConnection->initialize()
 2 SYSTEMPATH\Database\BaseBuilder.php(1585): CodeIgniter\Database\BaseConnection->query('SELECT *
FROM `tb_pasar`
WHERE `pasar_status` = :pasar_status:
 LIMIT 20', [...], false)
 3 SYSTEMPATH\Model.php(771): CodeIgniter\Database\BaseBuilder->get()
 4 APPPATH\Controllers\Backend.php(90): CodeIgniter\Model->__call('get', [])
 5 SYSTEMPATH\CodeIgniter.php(896): App\Controllers\Backend->get_data_pasar()
 6 SYSTEMPATH\CodeIgniter.php(466): CodeIgniter\CodeIgniter->runController(Object(App\Controllers\Backend))
 7 SYSTEMPATH\CodeIgniter.php(349): CodeIgniter\CodeIgniter->handleRequest(null, Object(Config\Cache), false)
 8 FCPATH\index.php(55): CodeIgniter\CodeIgniter->run()
ERROR - 2022-10-04 17:04:44 --> Error connecting to the database: No connection could be made because the target machine actively refused it.

CRITICAL - 2022-10-04 17:04:44 --> Unable to connect to the database.
Main connection [MySQLi]: No connection could be made because the target machine actively refused it.

in SYSTEMPATH\Database\BaseConnection.php on line 416.
 1 SYSTEMPATH\Database\BaseConnection.php(586): CodeIgniter\Database\BaseConnection->initialize()
 2 SYSTEMPATH\Database\BaseBuilder.php(1585): CodeIgniter\Database\BaseConnection->query('SELECT *
FROM `tb_pasar`
WHERE `pasar_status` = :pasar_status:
 LIMIT 20', [...], false)
 3 SYSTEMPATH\Model.php(771): CodeIgniter\Database\BaseBuilder->get()
 4 APPPATH\Controllers\Backend.php(90): CodeIgniter\Model->__call('get', [])
 5 SYSTEMPATH\CodeIgniter.php(896): App\Controllers\Backend->get_data_pasar()
 6 SYSTEMPATH\CodeIgniter.php(466): CodeIgniter\CodeIgniter->runController(Object(App\Controllers\Backend))
 7 SYSTEMPATH\CodeIgniter.php(349): CodeIgniter\CodeIgniter->handleRequest(null, Object(Config\Cache), false)
 8 FCPATH\index.php(55): CodeIgniter\CodeIgniter->run()
ERROR - 2022-10-04 17:04:56 --> Error connecting to the database: No connection could be made because the target machine actively refused it.

CRITICAL - 2022-10-04 17:04:56 --> Unable to connect to the database.
Main connection [MySQLi]: No connection could be made because the target machine actively refused it.

in SYSTEMPATH\Database\BaseConnection.php on line 416.
 1 SYSTEMPATH\Database\BaseConnection.php(586): CodeIgniter\Database\BaseConnection->initialize()
 2 SYSTEMPATH\Database\BaseBuilder.php(1585): CodeIgniter\Database\BaseConnection->query('SELECT *
FROM `tb_pasar`
WHERE `pasar_status` = :pasar_status:
 LIMIT 20', [...], false)
 3 SYSTEMPATH\Model.php(771): CodeIgniter\Database\BaseBuilder->get()
 4 APPPATH\Controllers\Backend.php(90): CodeIgniter\Model->__call('get', [])
 5 SYSTEMPATH\CodeIgniter.php(896): App\Controllers\Backend->get_data_pasar()
 6 SYSTEMPATH\CodeIgniter.php(466): CodeIgniter\CodeIgniter->runController(Object(App\Controllers\Backend))
 7 SYSTEMPATH\CodeIgniter.php(349): CodeIgniter\CodeIgniter->handleRequest(null, Object(Config\Cache), false)
 8 FCPATH\index.php(55): CodeIgniter\CodeIgniter->run()
