CRITICAL - 2023-06-23 08:52:29 --> Argument 1 passed to _get_uri() must be of the type string, null given, called in /var/customers/webs/disdagtri/disdagtri.inhilkab.go.id/system/Helpers/url_helper.php on line 87
in SYSTEMPATH/Helpers/url_helper.php on line 31.
 1 SYSTEMPATH/Helpers/url_helper.php(87): _get_uri()
 2 SYSTEMPATH/Helpers/url_helper.php(106): site_url()
 3 APPPATH/Views/root/_user_panel.php(13): base_url()
 4 SYSTEMPATH/View/View.php(213): include('APPPATH/Views/root/_user_panel.php')
 5 SYSTEMPATH/View/View.php(216): CodeIgniter\View\View->CodeIgniter\View\{closure}()
 6 SYSTEMPATH/Common.php(1135): CodeIgniter\View\View->render()
 7 APPPATH/Views/root/page_dashboard.php(371): view()
 8 SYSTEMPATH/View/View.php(213): include('APPPATH/Views/root/page_dashboard.php')
 9 SYSTEMPATH/View/View.php(216): CodeIgniter\View\View->CodeIgniter\View\{closure}()
10 SYSTEMPATH/Common.php(1135): CodeIgniter\View\View->render()
11 APPPATH/Controllers/Root.php(148): view()
12 SYSTEMPATH/CodeIgniter.php(896): App\Controllers\Root->dashboard()
13 SYSTEMPATH/CodeIgniter.php(466): CodeIgniter\CodeIgniter->runController()
14 SYSTEMPATH/CodeIgniter.php(349): CodeIgniter\CodeIgniter->handleRequest()
15 FCPATH/index.php(55): CodeIgniter\CodeIgniter->run()
ERROR - 2023-06-23 09:49:19 --> Table 'disdagtrisql1.tb_tanggapan' doesn't exist
CRITICAL - 2023-06-23 09:49:19 --> Call to a member function getResult() on bool
in APPPATH/Controllers/Root.php on line 619.
 1 SYSTEMPATH/CodeIgniter.php(896): App\Controllers\Root->kritik()
 2 SYSTEMPATH/CodeIgniter.php(466): CodeIgniter\CodeIgniter->runController()
 3 SYSTEMPATH/CodeIgniter.php(349): CodeIgniter\CodeIgniter->handleRequest()
 4 FCPATH/index.php(55): CodeIgniter\CodeIgniter->run()
ERROR - 2023-06-23 09:49:48 --> Table 'disdagtrisql1.tb_tanggapan' doesn't exist
CRITICAL - 2023-06-23 09:49:48 --> Call to a member function getResult() on bool
in APPPATH/Controllers/Root.php on line 619.
 1 SYSTEMPATH/CodeIgniter.php(896): App\Controllers\Root->kritik()
 2 SYSTEMPATH/CodeIgniter.php(466): CodeIgniter\CodeIgniter->runController()
 3 SYSTEMPATH/CodeIgniter.php(349): CodeIgniter\CodeIgniter->handleRequest()
 4 FCPATH/index.php(55): CodeIgniter\CodeIgniter->run()
