CRITICAL - 2022-12-15 09:04:50 --> Call to undefined method App\Models\Transaksi_barang_penting_model::get_transaksi_by_id
in SYSTEMPATH\Model.php on line 773.
 1 APPPATH\Controllers\Backend.php(2006): CodeIgniter\Model->__call('get_transaksi_by_id', [...])
 2 SYSTEMPATH\CodeIgniter.php(896): App\Controllers\Backend->get_transaksi_penting_by_id()
 3 SYSTEMPATH\CodeIgniter.php(466): CodeIgniter\CodeIgniter->runController(Object(App\Controllers\Backend))
 4 SYSTEMPATH\CodeIgniter.php(349): CodeIgniter\CodeIgniter->handleRequest(null, Object(Config\Cache), false)
 5 FCPATH\index.php(55): CodeIgniter\CodeIgniter->run()
CRITICAL - 2022-12-15 13:57:03 --> count(): Parameter must be an array or an object that implements Countable
in APPPATH\Controllers\Backend.php on line 947.
 1 [internal function]: CodeIgniter\Debug\Exceptions->errorHandler(2, 'count(): Parameter must be an array or an object that implements Countable', 'APPPATH\\Controllers\\Backend.php', 947, [...])
 2 APPPATH\Controllers\Backend.php(947): count(0)
 3 SYSTEMPATH\CodeIgniter.php(896): App\Controllers\Backend->add_transaksi_pangan()
 4 SYSTEMPATH\CodeIgniter.php(466): CodeIgniter\CodeIgniter->runController(Object(App\Controllers\Backend))
 5 SYSTEMPATH\CodeIgniter.php(349): CodeIgniter\CodeIgniter->handleRequest(null, Object(Config\Cache), false)
 6 FCPATH\index.php(55): CodeIgniter\CodeIgniter->run()
CRITICAL - 2022-12-15 14:02:30 --> openssl_encrypt() expects parameter 1 to be string, array given
in APPPATH\Helpers\additional_helper.php on line 23.
 1 [internal function]: CodeIgniter\Debug\Exceptions->errorHandler(2, 'openssl_encrypt() expects parameter 1 to be string, array given', 'APPPATH\\Helpers\\additional_helper.php', 23, [...])
 2 APPPATH\Helpers\additional_helper.php(23): openssl_encrypt([...], 'aes-256-cbc', '807ae5f38db47bff8b09b37ad803cb10ef5147567a89a33a66bb3282df4ad966', 0, '2e3fa54085218f04')
 3 APPPATH\Controllers\Backend.php(82): encrypt_url([...])
 4 SYSTEMPATH\CodeIgniter.php(896): App\Controllers\Backend->index()
 5 SYSTEMPATH\CodeIgniter.php(466): CodeIgniter\CodeIgniter->runController(Object(App\Controllers\Backend))
 6 SYSTEMPATH\CodeIgniter.php(349): CodeIgniter\CodeIgniter->handleRequest(null, Object(Config\Cache), false)
 7 FCPATH\index.php(55): CodeIgniter\CodeIgniter->run()
CRITICAL - 2022-12-15 14:03:28 --> count(): Parameter must be an array or an object that implements Countable
in APPPATH\Controllers\Backend.php on line 951.
 1 [internal function]: CodeIgniter\Debug\Exceptions->errorHandler(2, 'count(): Parameter must be an array or an object that implements Countable', 'APPPATH\\Controllers\\Backend.php', 951, [...])
 2 APPPATH\Controllers\Backend.php(951): count(0)
 3 SYSTEMPATH\CodeIgniter.php(896): App\Controllers\Backend->add_transaksi_pangan()
 4 SYSTEMPATH\CodeIgniter.php(466): CodeIgniter\CodeIgniter->runController(Object(App\Controllers\Backend))
 5 SYSTEMPATH\CodeIgniter.php(349): CodeIgniter\CodeIgniter->handleRequest(null, Object(Config\Cache), false)
 6 FCPATH\index.php(55): CodeIgniter\CodeIgniter->run()
CRITICAL - 2022-12-15 14:05:36 --> Undefined property: stdClass::$komoditas_id
in APPPATH\Controllers\Backend.php on line 1322.
 1 APPPATH\Controllers\Backend.php(1322): CodeIgniter\Debug\Exceptions->errorHandler(8, 'Undefined property: stdClass::$komoditas_id', 'APPPATH\\Controllers\\Backend.php', 1322, [...])
 2 SYSTEMPATH\CodeIgniter.php(896): App\Controllers\Backend->get_jualan()
 3 SYSTEMPATH\CodeIgniter.php(466): CodeIgniter\CodeIgniter->runController(Object(App\Controllers\Backend))
 4 SYSTEMPATH\CodeIgniter.php(349): CodeIgniter\CodeIgniter->handleRequest(null, Object(Config\Cache), false)
 5 FCPATH\index.php(55): CodeIgniter\CodeIgniter->run()
CRITICAL - 2022-12-15 14:05:40 --> Undefined property: stdClass::$komoditas_id
in APPPATH\Controllers\Backend.php on line 1322.
 1 APPPATH\Controllers\Backend.php(1322): CodeIgniter\Debug\Exceptions->errorHandler(8, 'Undefined property: stdClass::$komoditas_id', 'APPPATH\\Controllers\\Backend.php', 1322, [...])
 2 SYSTEMPATH\CodeIgniter.php(896): App\Controllers\Backend->get_jualan()
 3 SYSTEMPATH\CodeIgniter.php(466): CodeIgniter\CodeIgniter->runController(Object(App\Controllers\Backend))
 4 SYSTEMPATH\CodeIgniter.php(349): CodeIgniter\CodeIgniter->handleRequest(null, Object(Config\Cache), false)
 5 FCPATH\index.php(55): CodeIgniter\CodeIgniter->run()
ERROR - 2022-12-15 16:29:30 --> Column 'relasi_id' cannot be null
CRITICAL - 2022-12-15 16:29:30 --> Column 'relasi_id' cannot be null
in SYSTEMPATH\Database\MySQLi\Connection.php on line 292.
 1 SYSTEMPATH\Database\MySQLi\Connection.php(292): mysqli->query('INSERT INTO `tb_relasi_barang_lainnya` (`relasi_id`, `relasi_distributor`, `relasi_barang`, `relasi_status`, `relasi_create_by`, `relasi_create_time`) VALUES (NULL, \'1\', \'1\', \'1\', \'root\', \'2022-12-15 16:29:30\')', 0)
 2 SYSTEMPATH\Database\BaseConnection.php(695): CodeIgniter\Database\MySQLi\Connection->execute('INSERT INTO `tb_relasi_barang_lainnya` (`relasi_id`, `relasi_distributor`, `relasi_barang`, `relasi_status`, `relasi_create_by`, `relasi_create_time`) VALUES (NULL, \'1\', \'1\', \'1\', \'root\', \'2022-12-15 16:29:30\')')
 3 SYSTEMPATH\Database\BaseConnection.php(609): CodeIgniter\Database\BaseConnection->simpleQuery('INSERT INTO `tb_relasi_barang_lainnya` (`relasi_id`, `relasi_distributor`, `relasi_barang`, `relasi_status`, `relasi_create_by`, `relasi_create_time`) VALUES (NULL, \'1\', \'1\', \'1\', \'root\', \'2022-12-15 16:29:30\')')
 4 SYSTEMPATH\Database\BaseBuilder.php(1904): CodeIgniter\Database\BaseConnection->query('INSERT INTO `tb_relasi_barang_lainnya` (`relasi_id`, `relasi_distributor`, `relasi_barang`, `relasi_status`, `relasi_create_by`, `relasi_create_time`) VALUES (:relasi_id:, :relasi_distributor:, :relasi_barang:, :relasi_status:, :relasi_create_by:, :relasi_create_time:)', [...], false)
 5 APPPATH\Models\Relasi_barang_lainnya_model.php(30): CodeIgniter\Database\BaseBuilder->insert([...])
 6 APPPATH\Controllers\Backend.php(2448): App\Models\Relasi_barang_lainnya_model->add_relasi([...])
 7 SYSTEMPATH\CodeIgniter.php(896): App\Controllers\Backend->add_relasi_distributor_barang_lainnya()
 8 SYSTEMPATH\CodeIgniter.php(466): CodeIgniter\CodeIgniter->runController(Object(App\Controllers\Backend))
 9 SYSTEMPATH\CodeIgniter.php(349): CodeIgniter\CodeIgniter->handleRequest(null, Object(Config\Cache), false)
10 FCPATH\index.php(55): CodeIgniter\CodeIgniter->run()
ERROR - 2022-12-15 16:29:38 --> Column 'relasi_id' cannot be null
CRITICAL - 2022-12-15 16:29:38 --> Column 'relasi_id' cannot be null
in SYSTEMPATH\Database\MySQLi\Connection.php on line 292.
 1 SYSTEMPATH\Database\MySQLi\Connection.php(292): mysqli->query('INSERT INTO `tb_relasi_barang_lainnya` (`relasi_id`, `relasi_distributor`, `relasi_barang`, `relasi_status`, `relasi_create_by`, `relasi_create_time`) VALUES (NULL, \'1\', \'1\', \'1\', \'root\', \'2022-12-15 16:29:38\')', 0)
 2 SYSTEMPATH\Database\BaseConnection.php(695): CodeIgniter\Database\MySQLi\Connection->execute('INSERT INTO `tb_relasi_barang_lainnya` (`relasi_id`, `relasi_distributor`, `relasi_barang`, `relasi_status`, `relasi_create_by`, `relasi_create_time`) VALUES (NULL, \'1\', \'1\', \'1\', \'root\', \'2022-12-15 16:29:38\')')
 3 SYSTEMPATH\Database\BaseConnection.php(609): CodeIgniter\Database\BaseConnection->simpleQuery('INSERT INTO `tb_relasi_barang_lainnya` (`relasi_id`, `relasi_distributor`, `relasi_barang`, `relasi_status`, `relasi_create_by`, `relasi_create_time`) VALUES (NULL, \'1\', \'1\', \'1\', \'root\', \'2022-12-15 16:29:38\')')
 4 SYSTEMPATH\Database\BaseBuilder.php(1904): CodeIgniter\Database\BaseConnection->query('INSERT INTO `tb_relasi_barang_lainnya` (`relasi_id`, `relasi_distributor`, `relasi_barang`, `relasi_status`, `relasi_create_by`, `relasi_create_time`) VALUES (:relasi_id:, :relasi_distributor:, :relasi_barang:, :relasi_status:, :relasi_create_by:, :relasi_create_time:)', [...], false)
 5 APPPATH\Models\Relasi_barang_lainnya_model.php(30): CodeIgniter\Database\BaseBuilder->insert([...])
 6 APPPATH\Controllers\Backend.php(2448): App\Models\Relasi_barang_lainnya_model->add_relasi([...])
 7 SYSTEMPATH\CodeIgniter.php(896): App\Controllers\Backend->add_relasi_distributor_barang_lainnya()
 8 SYSTEMPATH\CodeIgniter.php(466): CodeIgniter\CodeIgniter->runController(Object(App\Controllers\Backend))
 9 SYSTEMPATH\CodeIgniter.php(349): CodeIgniter\CodeIgniter->handleRequest(null, Object(Config\Cache), false)
10 FCPATH\index.php(55): CodeIgniter\CodeIgniter->run()
ERROR - 2022-12-15 16:31:08 --> Column 'relasi_id' cannot be null
CRITICAL - 2022-12-15 16:31:08 --> Column 'relasi_id' cannot be null
in SYSTEMPATH\Database\MySQLi\Connection.php on line 292.
 1 SYSTEMPATH\Database\MySQLi\Connection.php(292): mysqli->query('INSERT INTO `tb_relasi_barang_lainnya` (`relasi_id`, `relasi_distributor`, `relasi_barang`, `relasi_status`, `relasi_create_by`, `relasi_create_time`) VALUES (NULL, \'1\', \'1\', \'1\', \'root\', \'2022-12-15 16:31:08\')', 0)
 2 SYSTEMPATH\Database\BaseConnection.php(695): CodeIgniter\Database\MySQLi\Connection->execute('INSERT INTO `tb_relasi_barang_lainnya` (`relasi_id`, `relasi_distributor`, `relasi_barang`, `relasi_status`, `relasi_create_by`, `relasi_create_time`) VALUES (NULL, \'1\', \'1\', \'1\', \'root\', \'2022-12-15 16:31:08\')')
 3 SYSTEMPATH\Database\BaseConnection.php(609): CodeIgniter\Database\BaseConnection->simpleQuery('INSERT INTO `tb_relasi_barang_lainnya` (`relasi_id`, `relasi_distributor`, `relasi_barang`, `relasi_status`, `relasi_create_by`, `relasi_create_time`) VALUES (NULL, \'1\', \'1\', \'1\', \'root\', \'2022-12-15 16:31:08\')')
 4 SYSTEMPATH\Database\BaseBuilder.php(1904): CodeIgniter\Database\BaseConnection->query('INSERT INTO `tb_relasi_barang_lainnya` (`relasi_id`, `relasi_distributor`, `relasi_barang`, `relasi_status`, `relasi_create_by`, `relasi_create_time`) VALUES (:relasi_id:, :relasi_distributor:, :relasi_barang:, :relasi_status:, :relasi_create_by:, :relasi_create_time:)', [...], false)
 5 APPPATH\Models\Relasi_barang_lainnya_model.php(30): CodeIgniter\Database\BaseBuilder->insert([...])
 6 APPPATH\Controllers\Backend.php(2448): App\Models\Relasi_barang_lainnya_model->add_relasi([...])
 7 SYSTEMPATH\CodeIgniter.php(896): App\Controllers\Backend->add_relasi_distributor_barang_lainnya()
 8 SYSTEMPATH\CodeIgniter.php(466): CodeIgniter\CodeIgniter->runController(Object(App\Controllers\Backend))
 9 SYSTEMPATH\CodeIgniter.php(349): CodeIgniter\CodeIgniter->handleRequest(null, Object(Config\Cache), false)
10 FCPATH\index.php(55): CodeIgniter\CodeIgniter->run()
ERROR - 2022-12-15 16:31:09 --> Column 'relasi_id' cannot be null
CRITICAL - 2022-12-15 16:31:09 --> Column 'relasi_id' cannot be null
in SYSTEMPATH\Database\MySQLi\Connection.php on line 292.
 1 SYSTEMPATH\Database\MySQLi\Connection.php(292): mysqli->query('INSERT INTO `tb_relasi_barang_lainnya` (`relasi_id`, `relasi_distributor`, `relasi_barang`, `relasi_status`, `relasi_create_by`, `relasi_create_time`) VALUES (NULL, \'1\', \'1\', \'1\', \'root\', \'2022-12-15 16:31:09\')', 0)
 2 SYSTEMPATH\Database\BaseConnection.php(695): CodeIgniter\Database\MySQLi\Connection->execute('INSERT INTO `tb_relasi_barang_lainnya` (`relasi_id`, `relasi_distributor`, `relasi_barang`, `relasi_status`, `relasi_create_by`, `relasi_create_time`) VALUES (NULL, \'1\', \'1\', \'1\', \'root\', \'2022-12-15 16:31:09\')')
 3 SYSTEMPATH\Database\BaseConnection.php(609): CodeIgniter\Database\BaseConnection->simpleQuery('INSERT INTO `tb_relasi_barang_lainnya` (`relasi_id`, `relasi_distributor`, `relasi_barang`, `relasi_status`, `relasi_create_by`, `relasi_create_time`) VALUES (NULL, \'1\', \'1\', \'1\', \'root\', \'2022-12-15 16:31:09\')')
 4 SYSTEMPATH\Database\BaseBuilder.php(1904): CodeIgniter\Database\BaseConnection->query('INSERT INTO `tb_relasi_barang_lainnya` (`relasi_id`, `relasi_distributor`, `relasi_barang`, `relasi_status`, `relasi_create_by`, `relasi_create_time`) VALUES (:relasi_id:, :relasi_distributor:, :relasi_barang:, :relasi_status:, :relasi_create_by:, :relasi_create_time:)', [...], false)
 5 APPPATH\Models\Relasi_barang_lainnya_model.php(30): CodeIgniter\Database\BaseBuilder->insert([...])
 6 APPPATH\Controllers\Backend.php(2448): App\Models\Relasi_barang_lainnya_model->add_relasi([...])
 7 SYSTEMPATH\CodeIgniter.php(896): App\Controllers\Backend->add_relasi_distributor_barang_lainnya()
 8 SYSTEMPATH\CodeIgniter.php(466): CodeIgniter\CodeIgniter->runController(Object(App\Controllers\Backend))
 9 SYSTEMPATH\CodeIgniter.php(349): CodeIgniter\CodeIgniter->handleRequest(null, Object(Config\Cache), false)
10 FCPATH\index.php(55): CodeIgniter\CodeIgniter->run()
ERROR - 2022-12-15 16:31:10 --> Column 'relasi_id' cannot be null
CRITICAL - 2022-12-15 16:31:10 --> Column 'relasi_id' cannot be null
in SYSTEMPATH\Database\MySQLi\Connection.php on line 292.
 1 SYSTEMPATH\Database\MySQLi\Connection.php(292): mysqli->query('INSERT INTO `tb_relasi_barang_lainnya` (`relasi_id`, `relasi_distributor`, `relasi_barang`, `relasi_status`, `relasi_create_by`, `relasi_create_time`) VALUES (NULL, \'1\', \'1\', \'1\', \'root\', \'2022-12-15 16:31:10\')', 0)
 2 SYSTEMPATH\Database\BaseConnection.php(695): CodeIgniter\Database\MySQLi\Connection->execute('INSERT INTO `tb_relasi_barang_lainnya` (`relasi_id`, `relasi_distributor`, `relasi_barang`, `relasi_status`, `relasi_create_by`, `relasi_create_time`) VALUES (NULL, \'1\', \'1\', \'1\', \'root\', \'2022-12-15 16:31:10\')')
 3 SYSTEMPATH\Database\BaseConnection.php(609): CodeIgniter\Database\BaseConnection->simpleQuery('INSERT INTO `tb_relasi_barang_lainnya` (`relasi_id`, `relasi_distributor`, `relasi_barang`, `relasi_status`, `relasi_create_by`, `relasi_create_time`) VALUES (NULL, \'1\', \'1\', \'1\', \'root\', \'2022-12-15 16:31:10\')')
 4 SYSTEMPATH\Database\BaseBuilder.php(1904): CodeIgniter\Database\BaseConnection->query('INSERT INTO `tb_relasi_barang_lainnya` (`relasi_id`, `relasi_distributor`, `relasi_barang`, `relasi_status`, `relasi_create_by`, `relasi_create_time`) VALUES (:relasi_id:, :relasi_distributor:, :relasi_barang:, :relasi_status:, :relasi_create_by:, :relasi_create_time:)', [...], false)
 5 APPPATH\Models\Relasi_barang_lainnya_model.php(30): CodeIgniter\Database\BaseBuilder->insert([...])
 6 APPPATH\Controllers\Backend.php(2448): App\Models\Relasi_barang_lainnya_model->add_relasi([...])
 7 SYSTEMPATH\CodeIgniter.php(896): App\Controllers\Backend->add_relasi_distributor_barang_lainnya()
 8 SYSTEMPATH\CodeIgniter.php(466): CodeIgniter\CodeIgniter->runController(Object(App\Controllers\Backend))
 9 SYSTEMPATH\CodeIgniter.php(349): CodeIgniter\CodeIgniter->handleRequest(null, Object(Config\Cache), false)
10 FCPATH\index.php(55): CodeIgniter\CodeIgniter->run()
ERROR - 2022-12-15 16:33:33 --> Column 'relasi_id' cannot be null
CRITICAL - 2022-12-15 16:33:33 --> Column 'relasi_id' cannot be null
in SYSTEMPATH\Database\MySQLi\Connection.php on line 292.
 1 SYSTEMPATH\Database\MySQLi\Connection.php(292): mysqli->query('INSERT INTO `tb_relasi_barang_lainnya` (`relasi_id`, `relasi_distributor`, `relasi_barang`, `relasi_status`, `relasi_create_by`, `relasi_create_time`) VALUES (NULL, \'1\', \'1\', \'1\', \'root\', \'2022-12-15 16:33:33\')', 0)
 2 SYSTEMPATH\Database\BaseConnection.php(695): CodeIgniter\Database\MySQLi\Connection->execute('INSERT INTO `tb_relasi_barang_lainnya` (`relasi_id`, `relasi_distributor`, `relasi_barang`, `relasi_status`, `relasi_create_by`, `relasi_create_time`) VALUES (NULL, \'1\', \'1\', \'1\', \'root\', \'2022-12-15 16:33:33\')')
 3 SYSTEMPATH\Database\BaseConnection.php(609): CodeIgniter\Database\BaseConnection->simpleQuery('INSERT INTO `tb_relasi_barang_lainnya` (`relasi_id`, `relasi_distributor`, `relasi_barang`, `relasi_status`, `relasi_create_by`, `relasi_create_time`) VALUES (NULL, \'1\', \'1\', \'1\', \'root\', \'2022-12-15 16:33:33\')')
 4 SYSTEMPATH\Database\BaseBuilder.php(1904): CodeIgniter\Database\BaseConnection->query('INSERT INTO `tb_relasi_barang_lainnya` (`relasi_id`, `relasi_distributor`, `relasi_barang`, `relasi_status`, `relasi_create_by`, `relasi_create_time`) VALUES (:relasi_id:, :relasi_distributor:, :relasi_barang:, :relasi_status:, :relasi_create_by:, :relasi_create_time:)', [...], false)
 5 APPPATH\Models\Relasi_barang_lainnya_model.php(30): CodeIgniter\Database\BaseBuilder->insert([...])
 6 APPPATH\Controllers\Backend.php(2448): App\Models\Relasi_barang_lainnya_model->add_relasi([...])
 7 SYSTEMPATH\CodeIgniter.php(896): App\Controllers\Backend->add_relasi_distributor_barang_lainnya()
 8 SYSTEMPATH\CodeIgniter.php(466): CodeIgniter\CodeIgniter->runController(Object(App\Controllers\Backend))
 9 SYSTEMPATH\CodeIgniter.php(349): CodeIgniter\CodeIgniter->handleRequest(null, Object(Config\Cache), false)
10 FCPATH\index.php(55): CodeIgniter\CodeIgniter->run()
