CRITICAL - 2023-02-11 10:16:33 --> Argument 1 passed to _get_uri() must be of the type string, null given, called in /var/customers/webs/disdagtri/disdagtri.inhilkab.go.id/system/Helpers/url_helper.php on line 87
in SYSTEMPATH/Helpers/url_helper.php on line 31.
 1 SYSTEMPATH/Helpers/url_helper.php(87): _get_uri()
 2 SYSTEMPATH/Helpers/url_helper.php(106): site_url()
 3 APPPATH/Views/root/_user_panel.php(13): base_url()
 4 SYSTEMPATH/View/View.php(213): include('APPPATH/Views/root/_user_panel.php')
 5 SYSTEMPATH/View/View.php(216): CodeIgniter\View\View->CodeIgniter\View\{closure}()
 6 SYSTEMPATH/Common.php(1135): CodeIgniter\View\View->render()
 7 APPPATH/Views/root/page_artikel.php(114): view()
 8 SYSTEMPATH/View/View.php(213): include('APPPATH/Views/root/page_artikel.php')
 9 SYSTEMPATH/View/View.php(216): CodeIgniter\View\View->CodeIgniter\View\{closure}()
10 SYSTEMPATH/Common.php(1135): CodeIgniter\View\View->render()
11 APPPATH/Controllers/Root.php(152): view()
12 SYSTEMPATH/CodeIgniter.php(896): App\Controllers\Root->artikel()
13 SYSTEMPATH/CodeIgniter.php(466): CodeIgniter\CodeIgniter->runController()
14 SYSTEMPATH/CodeIgniter.php(349): CodeIgniter\CodeIgniter->handleRequest()
15 FCPATH/index.php(55): CodeIgniter\CodeIgniter->run()
CRITICAL - 2023-02-11 10:16:38 --> Argument 1 passed to _get_uri() must be of the type string, null given, called in /var/customers/webs/disdagtri/disdagtri.inhilkab.go.id/system/Helpers/url_helper.php on line 87
in SYSTEMPATH/Helpers/url_helper.php on line 31.
 1 SYSTEMPATH/Helpers/url_helper.php(87): _get_uri()
 2 SYSTEMPATH/Helpers/url_helper.php(106): site_url()
 3 APPPATH/Views/root/_user_panel.php(13): base_url()
 4 SYSTEMPATH/View/View.php(213): include('APPPATH/Views/root/_user_panel.php')
 5 SYSTEMPATH/View/View.php(216): CodeIgniter\View\View->CodeIgniter\View\{closure}()
 6 SYSTEMPATH/Common.php(1135): CodeIgniter\View\View->render()
 7 APPPATH/Views/root/page_artikel_add.php(156): view()
 8 SYSTEMPATH/View/View.php(213): include('APPPATH/Views/root/page_artikel_add.php')
 9 SYSTEMPATH/View/View.php(216): CodeIgniter\View\View->CodeIgniter\View\{closure}()
10 SYSTEMPATH/Common.php(1135): CodeIgniter\View\View->render()
11 APPPATH/Controllers/Root.php(165): view()
12 SYSTEMPATH/CodeIgniter.php(896): App\Controllers\Root->add_artikel()
13 SYSTEMPATH/CodeIgniter.php(466): CodeIgniter\CodeIgniter->runController()
14 SYSTEMPATH/CodeIgniter.php(349): CodeIgniter\CodeIgniter->handleRequest()
15 FCPATH/index.php(55): CodeIgniter\CodeIgniter->run()
CRITICAL - 2023-02-11 10:16:46 --> Argument 1 passed to _get_uri() must be of the type string, null given, called in /var/customers/webs/disdagtri/disdagtri.inhilkab.go.id/system/Helpers/url_helper.php on line 87
in SYSTEMPATH/Helpers/url_helper.php on line 31.
 1 SYSTEMPATH/Helpers/url_helper.php(87): _get_uri()
 2 SYSTEMPATH/Helpers/url_helper.php(106): site_url()
 3 APPPATH/Views/root/_user_panel.php(13): base_url()
 4 SYSTEMPATH/View/View.php(213): include('APPPATH/Views/root/_user_panel.php')
 5 SYSTEMPATH/View/View.php(216): CodeIgniter\View\View->CodeIgniter\View\{closure}()
 6 SYSTEMPATH/Common.php(1135): CodeIgniter\View\View->render()
 7 APPPATH/Views/root/page_dashboard.php(316): view()
 8 SYSTEMPATH/View/View.php(213): include('APPPATH/Views/root/page_dashboard.php')
 9 SYSTEMPATH/View/View.php(216): CodeIgniter\View\View->CodeIgniter\View\{closure}()
10 SYSTEMPATH/Common.php(1135): CodeIgniter\View\View->render()
11 APPPATH/Controllers/Root.php(128): view()
12 SYSTEMPATH/CodeIgniter.php(896): App\Controllers\Root->dashboard()
13 SYSTEMPATH/CodeIgniter.php(466): CodeIgniter\CodeIgniter->runController()
14 SYSTEMPATH/CodeIgniter.php(349): CodeIgniter\CodeIgniter->handleRequest()
15 FCPATH/index.php(55): CodeIgniter\CodeIgniter->run()
