CRITICAL - 2022-11-26 10:28:57 --> Undefined variable: last_update
in APPPATH\Views\public\page_detail_komoditas.php on line 14.
 1 APPPATH\Views\public\page_detail_komoditas.php(14): CodeIgniter\Debug\Exceptions->errorHandler(8, 'Undefined variable: last_update', 'APPPATH\\Views\\public\\page_detail_komoditas.php', 14, [...])
 2 SYSTEMPATH\View\View.php(213): include('APPPATH\\Views\\public\\page_detail_komoditas.php')
 3 SYSTEMPATH\View\View.php(216): CodeIgniter\View\View->CodeIgniter\View\{closure}()
 4 SYSTEMPATH\Common.php(1135): CodeIgniter\View\View->render('page_detail_komoditas', [], true)
 5 APPPATH\Controllers\Publik.php(174): view('page_detail_komoditas', [...])
 6 SYSTEMPATH\CodeIgniter.php(896): App\Controllers\Publik->detail_komoditas()
 7 SYSTEMPATH\CodeIgniter.php(466): CodeIgniter\CodeIgniter->runController(Object(App\Controllers\Publik))
 8 SYSTEMPATH\CodeIgniter.php(349): CodeIgniter\CodeIgniter->handleRequest(null, Object(Config\Cache), false)
 9 FCPATH\index.php(55): CodeIgniter\CodeIgniter->run()
CRITICAL - 2022-11-26 10:29:00 --> Undefined variable: last_update
in APPPATH\Views\public\page_detail_komoditas.php on line 14.
 1 APPPATH\Views\public\page_detail_komoditas.php(14): CodeIgniter\Debug\Exceptions->errorHandler(8, 'Undefined variable: last_update', 'APPPATH\\Views\\public\\page_detail_komoditas.php', 14, [...])
 2 SYSTEMPATH\View\View.php(213): include('APPPATH\\Views\\public\\page_detail_komoditas.php')
 3 SYSTEMPATH\View\View.php(216): CodeIgniter\View\View->CodeIgniter\View\{closure}()
 4 SYSTEMPATH\Common.php(1135): CodeIgniter\View\View->render('page_detail_komoditas', [], true)
 5 APPPATH\Controllers\Publik.php(174): view('page_detail_komoditas', [...])
 6 SYSTEMPATH\CodeIgniter.php(896): App\Controllers\Publik->detail_komoditas()
 7 SYSTEMPATH\CodeIgniter.php(466): CodeIgniter\CodeIgniter->runController(Object(App\Controllers\Publik))
 8 SYSTEMPATH\CodeIgniter.php(349): CodeIgniter\CodeIgniter->handleRequest(null, Object(Config\Cache), false)
 9 FCPATH\index.php(55): CodeIgniter\CodeIgniter->run()
CRITICAL - 2022-11-26 10:29:05 --> Undefined variable: last_update
in APPPATH\Views\public\page_detail_komoditas.php on line 14.
 1 APPPATH\Views\public\page_detail_komoditas.php(14): CodeIgniter\Debug\Exceptions->errorHandler(8, 'Undefined variable: last_update', 'APPPATH\\Views\\public\\page_detail_komoditas.php', 14, [...])
 2 SYSTEMPATH\View\View.php(213): include('APPPATH\\Views\\public\\page_detail_komoditas.php')
 3 SYSTEMPATH\View\View.php(216): CodeIgniter\View\View->CodeIgniter\View\{closure}()
 4 SYSTEMPATH\Common.php(1135): CodeIgniter\View\View->render('page_detail_komoditas', [], true)
 5 APPPATH\Controllers\Publik.php(174): view('page_detail_komoditas', [...])
 6 SYSTEMPATH\CodeIgniter.php(896): App\Controllers\Publik->detail_komoditas()
 7 SYSTEMPATH\CodeIgniter.php(466): CodeIgniter\CodeIgniter->runController(Object(App\Controllers\Publik))
 8 SYSTEMPATH\CodeIgniter.php(349): CodeIgniter\CodeIgniter->handleRequest(null, Object(Config\Cache), false)
 9 FCPATH\index.php(55): CodeIgniter\CodeIgniter->run()
CRITICAL - 2022-11-26 10:29:12 --> Undefined variable: last_update
in APPPATH\Views\public\page_detail_komoditas.php on line 14.
 1 APPPATH\Views\public\page_detail_komoditas.php(14): CodeIgniter\Debug\Exceptions->errorHandler(8, 'Undefined variable: last_update', 'APPPATH\\Views\\public\\page_detail_komoditas.php', 14, [...])
 2 SYSTEMPATH\View\View.php(213): include('APPPATH\\Views\\public\\page_detail_komoditas.php')
 3 SYSTEMPATH\View\View.php(216): CodeIgniter\View\View->CodeIgniter\View\{closure}()
 4 SYSTEMPATH\Common.php(1135): CodeIgniter\View\View->render('page_detail_komoditas', [], true)
 5 APPPATH\Controllers\Publik.php(174): view('page_detail_komoditas', [...])
 6 SYSTEMPATH\CodeIgniter.php(896): App\Controllers\Publik->detail_komoditas()
 7 SYSTEMPATH\CodeIgniter.php(466): CodeIgniter\CodeIgniter->runController(Object(App\Controllers\Publik))
 8 SYSTEMPATH\CodeIgniter.php(349): CodeIgniter\CodeIgniter->handleRequest(null, Object(Config\Cache), false)
 9 FCPATH\index.php(55): CodeIgniter\CodeIgniter->run()
