CRITICAL - 2022-11-28 06:03:41 --> Undefined variable: last_update
in APPPATH\Views\public\page_detail_komoditas.php on line 14.
 1 APPPATH\Views\public\page_detail_komoditas.php(14): CodeIgniter\Debug\Exceptions->errorHandler(8, 'Undefined variable: last_update', 'APPPATH\\Views\\public\\page_detail_komoditas.php', 14, [...])
 2 SYSTEMPATH\View\View.php(213): include('APPPATH\\Views\\public\\page_detail_komoditas.php')
 3 SYSTEMPATH\View\View.php(216): CodeIgniter\View\View->CodeIgniter\View\{closure}()
 4 SYSTEMPATH\Common.php(1135): CodeIgniter\View\View->render('page_detail_komoditas', [], true)
 5 APPPATH\Controllers\Publik.php(174): view('page_detail_komoditas', [...])
 6 SYSTEMPATH\CodeIgniter.php(896): App\Controllers\Publik->detail_komoditas()
 7 SYSTEMPATH\CodeIgniter.php(466): CodeIgniter\CodeIgniter->runController(Object(App\Controllers\Publik))
 8 SYSTEMPATH\CodeIgniter.php(349): CodeIgniter\CodeIgniter->handleRequest(null, Object(Config\Cache), false)
 9 FCPATH\index.php(55): CodeIgniter\CodeIgniter->run()
CRITICAL - 2022-11-28 06:05:50 --> Trying to get property 'transaksi_tanggal' of non-object
in APPPATH\Controllers\Publik.php on line 171.
 1 APPPATH\Controllers\Publik.php(171): CodeIgniter\Debug\Exceptions->errorHandler(8, 'Trying to get property \'transaksi_tanggal\' of non-object', 'APPPATH\\Controllers\\Publik.php', 171, [...])
 2 SYSTEMPATH\CodeIgniter.php(896): App\Controllers\Publik->detail_komoditas()
 3 SYSTEMPATH\CodeIgniter.php(466): CodeIgniter\CodeIgniter->runController(Object(App\Controllers\Publik))
 4 SYSTEMPATH\CodeIgniter.php(349): CodeIgniter\CodeIgniter->handleRequest(null, Object(Config\Cache), false)
 5 FCPATH\index.php(55): CodeIgniter\CodeIgniter->run()
CRITICAL - 2022-11-28 06:41:52 --> Undefined variable: avg_prev_query
in APPPATH\Controllers\Publik.php on line 57.
 1 APPPATH\Controllers\Publik.php(57): CodeIgniter\Debug\Exceptions->errorHandler(8, 'Undefined variable: avg_prev_query', 'APPPATH\\Controllers\\Publik.php', 57, [...])
 2 SYSTEMPATH\CodeIgniter.php(896): App\Controllers\Publik->index()
 3 SYSTEMPATH\CodeIgniter.php(466): CodeIgniter\CodeIgniter->runController(Object(App\Controllers\Publik))
 4 SYSTEMPATH\CodeIgniter.php(349): CodeIgniter\CodeIgniter->handleRequest(null, Object(Config\Cache), false)
 5 FCPATH\index.php(55): CodeIgniter\CodeIgniter->run()
CRITICAL - 2022-11-28 06:42:11 --> Undefined variable: prev_date
in APPPATH\Controllers\Publik.php on line 57.
 1 APPPATH\Controllers\Publik.php(57): CodeIgniter\Debug\Exceptions->errorHandler(8, 'Undefined variable: prev_date', 'APPPATH\\Controllers\\Publik.php', 57, [...])
 2 SYSTEMPATH\CodeIgniter.php(896): App\Controllers\Publik->index()
 3 SYSTEMPATH\CodeIgniter.php(466): CodeIgniter\CodeIgniter->runController(Object(App\Controllers\Publik))
 4 SYSTEMPATH\CodeIgniter.php(349): CodeIgniter\CodeIgniter->handleRequest(null, Object(Config\Cache), false)
 5 FCPATH\index.php(55): CodeIgniter\CodeIgniter->run()
CRITICAL - 2022-11-28 06:43:20 --> Use of undefined constant avg - assumed 'avg' (this will throw an Error in a future version of PHP)
in APPPATH\Controllers\Publik.php on line 38.
 1 APPPATH\Controllers\Publik.php(38): CodeIgniter\Debug\Exceptions->errorHandler(2, 'Use of undefined constant avg - assumed \'avg\' (this will throw an Error in a future version of PHP)', 'APPPATH\\Controllers\\Publik.php', 38, [...])
 2 SYSTEMPATH\CodeIgniter.php(896): App\Controllers\Publik->index()
 3 SYSTEMPATH\CodeIgniter.php(466): CodeIgniter\CodeIgniter->runController(Object(App\Controllers\Publik))
 4 SYSTEMPATH\CodeIgniter.php(349): CodeIgniter\CodeIgniter->handleRequest(null, Object(Config\Cache), false)
 5 FCPATH\index.php(55): CodeIgniter\CodeIgniter->run()
CRITICAL - 2022-11-28 06:46:28 --> Undefined property: stdClass::$transaksi_tanggal
in APPPATH\Controllers\Publik.php on line 41.
 1 APPPATH\Controllers\Publik.php(41): CodeIgniter\Debug\Exceptions->errorHandler(8, 'Undefined property: stdClass::$transaksi_tanggal', 'APPPATH\\Controllers\\Publik.php', 41, [...])
 2 SYSTEMPATH\CodeIgniter.php(896): App\Controllers\Publik->index()
 3 SYSTEMPATH\CodeIgniter.php(466): CodeIgniter\CodeIgniter->runController(Object(App\Controllers\Publik))
 4 SYSTEMPATH\CodeIgniter.php(349): CodeIgniter\CodeIgniter->handleRequest(null, Object(Config\Cache), false)
 5 FCPATH\index.php(55): CodeIgniter\CodeIgniter->run()
CRITICAL - 2022-11-28 06:46:52 --> Undefined property: stdClass::$transaksi_tanggal
in APPPATH\Controllers\Publik.php on line 41.
 1 APPPATH\Controllers\Publik.php(41): CodeIgniter\Debug\Exceptions->errorHandler(8, 'Undefined property: stdClass::$transaksi_tanggal', 'APPPATH\\Controllers\\Publik.php', 41, [...])
 2 SYSTEMPATH\CodeIgniter.php(896): App\Controllers\Publik->index()
 3 SYSTEMPATH\CodeIgniter.php(466): CodeIgniter\CodeIgniter->runController(Object(App\Controllers\Publik))
 4 SYSTEMPATH\CodeIgniter.php(349): CodeIgniter\CodeIgniter->handleRequest(null, Object(Config\Cache), false)
 5 FCPATH\index.php(55): CodeIgniter\CodeIgniter->run()
CRITICAL - 2022-11-28 06:46:53 --> Undefined property: stdClass::$transaksi_tanggal
in APPPATH\Controllers\Publik.php on line 41.
 1 APPPATH\Controllers\Publik.php(41): CodeIgniter\Debug\Exceptions->errorHandler(8, 'Undefined property: stdClass::$transaksi_tanggal', 'APPPATH\\Controllers\\Publik.php', 41, [...])
 2 SYSTEMPATH\CodeIgniter.php(896): App\Controllers\Publik->index()
 3 SYSTEMPATH\CodeIgniter.php(466): CodeIgniter\CodeIgniter->runController(Object(App\Controllers\Publik))
 4 SYSTEMPATH\CodeIgniter.php(349): CodeIgniter\CodeIgniter->handleRequest(null, Object(Config\Cache), false)
 5 FCPATH\index.php(55): CodeIgniter\CodeIgniter->run()
CRITICAL - 2022-11-28 06:49:08 --> Undefined property: stdClass::$transaksi_tanggal
in APPPATH\Controllers\Publik.php on line 41.
 1 APPPATH\Controllers\Publik.php(41): CodeIgniter\Debug\Exceptions->errorHandler(8, 'Undefined property: stdClass::$transaksi_tanggal', 'APPPATH\\Controllers\\Publik.php', 41, [...])
 2 SYSTEMPATH\CodeIgniter.php(896): App\Controllers\Publik->index()
 3 SYSTEMPATH\CodeIgniter.php(466): CodeIgniter\CodeIgniter->runController(Object(App\Controllers\Publik))
 4 SYSTEMPATH\CodeIgniter.php(349): CodeIgniter\CodeIgniter->handleRequest(null, Object(Config\Cache), false)
 5 FCPATH\index.php(55): CodeIgniter\CodeIgniter->run()
CRITICAL - 2022-11-28 06:49:32 --> Attempt to assign property 'avg' of non-object
in APPPATH\Controllers\Publik.php on line 38.
 1 APPPATH\Controllers\Publik.php(38): CodeIgniter\Debug\Exceptions->errorHandler(2, 'Attempt to assign property \'avg\' of non-object', 'APPPATH\\Controllers\\Publik.php', 38, [...])
 2 SYSTEMPATH\CodeIgniter.php(896): App\Controllers\Publik->index()
 3 SYSTEMPATH\CodeIgniter.php(466): CodeIgniter\CodeIgniter->runController(Object(App\Controllers\Publik))
 4 SYSTEMPATH\CodeIgniter.php(349): CodeIgniter\CodeIgniter->handleRequest(null, Object(Config\Cache), false)
 5 FCPATH\index.php(55): CodeIgniter\CodeIgniter->run()
CRITICAL - 2022-11-28 07:00:36 --> Undefined offset: 1
in APPPATH\Controllers\Publik.php on line 42.
 1 APPPATH\Controllers\Publik.php(42): CodeIgniter\Debug\Exceptions->errorHandler(8, 'Undefined offset: 1', 'APPPATH\\Controllers\\Publik.php', 42, [...])
 2 SYSTEMPATH\CodeIgniter.php(896): App\Controllers\Publik->index()
 3 SYSTEMPATH\CodeIgniter.php(466): CodeIgniter\CodeIgniter->runController(Object(App\Controllers\Publik))
 4 SYSTEMPATH\CodeIgniter.php(349): CodeIgniter\CodeIgniter->handleRequest(null, Object(Config\Cache), false)
 5 FCPATH\index.php(55): CodeIgniter\CodeIgniter->run()
