CRITICAL - 2022-10-14 08:54:08 --> Undefined variable: w
in APPPATH\Controllers\Publik.php on line 56.
 1 APPPATH\Controllers\Publik.php(56): CodeIgniter\Debug\Exceptions->errorHandler(8, 'Undefined variable: w', 'APPPATH\\Controllers\\Publik.php', 56, [...])
 2 SYSTEMPATH\CodeIgniter.php(896): App\Controllers\Publik->index()
 3 SYSTEMPATH\CodeIgniter.php(466): CodeIgniter\CodeIgniter->runController(Object(App\Controllers\Publik))
 4 SYSTEMPATH\CodeIgniter.php(349): CodeIgniter\CodeIgniter->handleRequest(null, Object(Config\Cache), false)
 5 FCPATH\index.php(55): CodeIgniter\CodeIgniter->run()
CRITICAL - 2022-10-14 08:54:12 --> Undefined variable: w
in APPPATH\Controllers\Publik.php on line 56.
 1 APPPATH\Controllers\Publik.php(56): CodeIgniter\Debug\Exceptions->errorHandler(8, 'Undefined variable: w', 'APPPATH\\Controllers\\Publik.php', 56, [...])
 2 SYSTEMPATH\CodeIgniter.php(896): App\Controllers\Publik->index()
 3 SYSTEMPATH\CodeIgniter.php(466): CodeIgniter\CodeIgniter->runController(Object(App\Controllers\Publik))
 4 SYSTEMPATH\CodeIgniter.php(349): CodeIgniter\CodeIgniter->handleRequest(null, Object(Config\Cache), false)
 5 FCPATH\index.php(55): CodeIgniter\CodeIgniter->run()
CRITICAL - 2022-10-14 08:54:13 --> Undefined variable: w
in APPPATH\Controllers\Publik.php on line 56.
 1 APPPATH\Controllers\Publik.php(56): CodeIgniter\Debug\Exceptions->errorHandler(8, 'Undefined variable: w', 'APPPATH\\Controllers\\Publik.php', 56, [...])
 2 SYSTEMPATH\CodeIgniter.php(896): App\Controllers\Publik->index()
 3 SYSTEMPATH\CodeIgniter.php(466): CodeIgniter\CodeIgniter->runController(Object(App\Controllers\Publik))
 4 SYSTEMPATH\CodeIgniter.php(349): CodeIgniter\CodeIgniter->handleRequest(null, Object(Config\Cache), false)
 5 FCPATH\index.php(55): CodeIgniter\CodeIgniter->run()
CRITICAL - 2022-10-14 08:54:14 --> Undefined variable: w
in APPPATH\Controllers\Publik.php on line 56.
 1 APPPATH\Controllers\Publik.php(56): CodeIgniter\Debug\Exceptions->errorHandler(8, 'Undefined variable: w', 'APPPATH\\Controllers\\Publik.php', 56, [...])
 2 SYSTEMPATH\CodeIgniter.php(896): App\Controllers\Publik->index()
 3 SYSTEMPATH\CodeIgniter.php(466): CodeIgniter\CodeIgniter->runController(Object(App\Controllers\Publik))
 4 SYSTEMPATH\CodeIgniter.php(349): CodeIgniter\CodeIgniter->handleRequest(null, Object(Config\Cache), false)
 5 FCPATH\index.php(55): CodeIgniter\CodeIgniter->run()
ERROR - 2022-10-14 08:56:00 --> Unknown column 'tb_pasar.pasar_kecamatan' in 'group statement'
CRITICAL - 2022-10-14 08:56:00 --> Unknown column 'tb_pasar.pasar_kecamatan' in 'group statement'
in SYSTEMPATH\Database\MySQLi\Connection.php on line 292.
 1 SYSTEMPATH\Database\MySQLi\Connection.php(292): mysqli->query('SELECT COUNT(*) AS `numrows`
FROM (
SELECT *
FROM `tb_transaksi`
WHERE `transaksi_komoditas` = \'1\'
AND `tb_transaksi`.`transaksi_status` = \'1\'
GROUP BY `tb_pasar`.`pasar_kecamatan`
) CI_count_all_results', 0)
 2 SYSTEMPATH\Database\BaseConnection.php(695): CodeIgniter\Database\MySQLi\Connection->execute('SELECT COUNT(*) AS `numrows`
FROM (
SELECT *
FROM `tb_transaksi`
WHERE `transaksi_komoditas` = \'1\'
AND `tb_transaksi`.`transaksi_status` = \'1\'
GROUP BY `tb_pasar`.`pasar_kecamatan`
) CI_count_all_results')
 3 SYSTEMPATH\Database\BaseConnection.php(609): CodeIgniter\Database\BaseConnection->simpleQuery('SELECT COUNT(*) AS `numrows`
FROM (
SELECT *
FROM `tb_transaksi`
WHERE `transaksi_komoditas` = \'1\'
AND `tb_transaksi`.`transaksi_status` = \'1\'
GROUP BY `tb_pasar`.`pasar_kecamatan`
) CI_count_all_results')
 4 SYSTEMPATH\Database\BaseBuilder.php(1669): CodeIgniter\Database\BaseConnection->query('SELECT COUNT(*) AS `numrows`
FROM (
SELECT *
FROM `tb_transaksi`
WHERE `transaksi_komoditas` = :transaksi_komoditas:
AND `tb_transaksi`.`transaksi_status` = :tb_transaksi.transaksi_status:
GROUP BY `tb_pasar`.`pasar_kecamatan`
) CI_count_all_results', [...], false)
 5 APPPATH\Models\Transaksi_model.php(227): CodeIgniter\Database\BaseBuilder->countAllResults()
 6 APPPATH\Controllers\Publik.php(39): App\Models\Transaksi_model->count_transaksi_by_komoditas('1')
 7 SYSTEMPATH\CodeIgniter.php(896): App\Controllers\Publik->index()
 8 SYSTEMPATH\CodeIgniter.php(466): CodeIgniter\CodeIgniter->runController(Object(App\Controllers\Publik))
 9 SYSTEMPATH\CodeIgniter.php(349): CodeIgniter\CodeIgniter->handleRequest(null, Object(Config\Cache), false)
10 FCPATH\index.php(55): CodeIgniter\CodeIgniter->run()
CRITICAL - 2022-10-14 08:56:45 --> Undefined variable: w
in APPPATH\Controllers\Publik.php on line 56.
 1 APPPATH\Controllers\Publik.php(56): CodeIgniter\Debug\Exceptions->errorHandler(8, 'Undefined variable: w', 'APPPATH\\Controllers\\Publik.php', 56, [...])
 2 SYSTEMPATH\CodeIgniter.php(896): App\Controllers\Publik->index()
 3 SYSTEMPATH\CodeIgniter.php(466): CodeIgniter\CodeIgniter->runController(Object(App\Controllers\Publik))
 4 SYSTEMPATH\CodeIgniter.php(349): CodeIgniter\CodeIgniter->handleRequest(null, Object(Config\Cache), false)
 5 FCPATH\index.php(55): CodeIgniter\CodeIgniter->run()
CRITICAL - 2022-10-14 08:56:55 --> Undefined variable: w
in APPPATH\Controllers\Publik.php on line 56.
 1 APPPATH\Controllers\Publik.php(56): CodeIgniter\Debug\Exceptions->errorHandler(8, 'Undefined variable: w', 'APPPATH\\Controllers\\Publik.php', 56, [...])
 2 SYSTEMPATH\CodeIgniter.php(896): App\Controllers\Publik->index()
 3 SYSTEMPATH\CodeIgniter.php(466): CodeIgniter\CodeIgniter->runController(Object(App\Controllers\Publik))
 4 SYSTEMPATH\CodeIgniter.php(349): CodeIgniter\CodeIgniter->handleRequest(null, Object(Config\Cache), false)
 5 FCPATH\index.php(55): CodeIgniter\CodeIgniter->run()
CRITICAL - 2022-10-14 09:04:12 --> Call to undefined method App\Models\Transaksi_model::get_harga_by_komoditas_date
in SYSTEMPATH\Model.php on line 773.
 1 APPPATH\Controllers\Publik.php(95): CodeIgniter\Model->__call('get_harga_by_komoditas_date', [...])
 2 SYSTEMPATH\CodeIgniter.php(896): App\Controllers\Publik->index()
 3 SYSTEMPATH\CodeIgniter.php(466): CodeIgniter\CodeIgniter->runController(Object(App\Controllers\Publik))
 4 SYSTEMPATH\CodeIgniter.php(349): CodeIgniter\CodeIgniter->handleRequest(null, Object(Config\Cache), false)
 5 FCPATH\index.php(55): CodeIgniter\CodeIgniter->run()
CRITICAL - 2022-10-14 09:06:21 --> Call to undefined method App\Models\Transaksi_model::get_harga_by_komoditas_date
in SYSTEMPATH\Model.php on line 773.
 1 APPPATH\Controllers\Publik.php(158): CodeIgniter\Model->__call('get_harga_by_komoditas_date', [...])
 2 SYSTEMPATH\CodeIgniter.php(896): App\Controllers\Publik->detail_komoditas()
 3 SYSTEMPATH\CodeIgniter.php(466): CodeIgniter\CodeIgniter->runController(Object(App\Controllers\Publik))
 4 SYSTEMPATH\CodeIgniter.php(349): CodeIgniter\CodeIgniter->handleRequest(null, Object(Config\Cache), false)
 5 FCPATH\index.php(55): CodeIgniter\CodeIgniter->run()
CRITICAL - 2022-10-14 09:39:00 --> Undefined offset: 0
in APPPATH\Views\public\page_detail_komoditas.php on line 10.
 1 APPPATH\Views\public\page_detail_komoditas.php(10): CodeIgniter\Debug\Exceptions->errorHandler(8, 'Undefined offset: 0', 'APPPATH\\Views\\public\\page_detail_komoditas.php', 10, [...])
 2 SYSTEMPATH\View\View.php(213): include('APPPATH\\Views\\public\\page_detail_komoditas.php')
 3 SYSTEMPATH\View\View.php(216): CodeIgniter\View\View->CodeIgniter\View\{closure}()
 4 SYSTEMPATH\Common.php(1135): CodeIgniter\View\View->render('page_detail_komoditas', [], true)
 5 APPPATH\Controllers\Publik.php(137): view('page_detail_komoditas', [...])
 6 SYSTEMPATH\CodeIgniter.php(896): App\Controllers\Publik->detail_komoditas()
 7 SYSTEMPATH\CodeIgniter.php(466): CodeIgniter\CodeIgniter->runController(Object(App\Controllers\Publik))
 8 SYSTEMPATH\CodeIgniter.php(349): CodeIgniter\CodeIgniter->handleRequest(null, Object(Config\Cache), false)
 9 FCPATH\index.php(55): CodeIgniter\CodeIgniter->run()
CRITICAL - 2022-10-14 09:39:02 --> Undefined offset: 0
in APPPATH\Views\public\page_detail_komoditas.php on line 10.
 1 APPPATH\Views\public\page_detail_komoditas.php(10): CodeIgniter\Debug\Exceptions->errorHandler(8, 'Undefined offset: 0', 'APPPATH\\Views\\public\\page_detail_komoditas.php', 10, [...])
 2 SYSTEMPATH\View\View.php(213): include('APPPATH\\Views\\public\\page_detail_komoditas.php')
 3 SYSTEMPATH\View\View.php(216): CodeIgniter\View\View->CodeIgniter\View\{closure}()
 4 SYSTEMPATH\Common.php(1135): CodeIgniter\View\View->render('page_detail_komoditas', [], true)
 5 APPPATH\Controllers\Publik.php(137): view('page_detail_komoditas', [...])
 6 SYSTEMPATH\CodeIgniter.php(896): App\Controllers\Publik->detail_komoditas()
 7 SYSTEMPATH\CodeIgniter.php(466): CodeIgniter\CodeIgniter->runController(Object(App\Controllers\Publik))
 8 SYSTEMPATH\CodeIgniter.php(349): CodeIgniter\CodeIgniter->handleRequest(null, Object(Config\Cache), false)
 9 FCPATH\index.php(55): CodeIgniter\CodeIgniter->run()
CRITICAL - 2022-10-14 09:39:03 --> Undefined offset: 0
in APPPATH\Views\public\page_detail_komoditas.php on line 10.
 1 APPPATH\Views\public\page_detail_komoditas.php(10): CodeIgniter\Debug\Exceptions->errorHandler(8, 'Undefined offset: 0', 'APPPATH\\Views\\public\\page_detail_komoditas.php', 10, [...])
 2 SYSTEMPATH\View\View.php(213): include('APPPATH\\Views\\public\\page_detail_komoditas.php')
 3 SYSTEMPATH\View\View.php(216): CodeIgniter\View\View->CodeIgniter\View\{closure}()
 4 SYSTEMPATH\Common.php(1135): CodeIgniter\View\View->render('page_detail_komoditas', [], true)
 5 APPPATH\Controllers\Publik.php(137): view('page_detail_komoditas', [...])
 6 SYSTEMPATH\CodeIgniter.php(896): App\Controllers\Publik->detail_komoditas()
 7 SYSTEMPATH\CodeIgniter.php(466): CodeIgniter\CodeIgniter->runController(Object(App\Controllers\Publik))
 8 SYSTEMPATH\CodeIgniter.php(349): CodeIgniter\CodeIgniter->handleRequest(null, Object(Config\Cache), false)
 9 FCPATH\index.php(55): CodeIgniter\CodeIgniter->run()
CRITICAL - 2022-10-14 09:40:05 --> Undefined offset: 0
in APPPATH\Views\public\page_detail_komoditas.php on line 10.
 1 APPPATH\Views\public\page_detail_komoditas.php(10): CodeIgniter\Debug\Exceptions->errorHandler(8, 'Undefined offset: 0', 'APPPATH\\Views\\public\\page_detail_komoditas.php', 10, [...])
 2 SYSTEMPATH\View\View.php(213): include('APPPATH\\Views\\public\\page_detail_komoditas.php')
 3 SYSTEMPATH\View\View.php(216): CodeIgniter\View\View->CodeIgniter\View\{closure}()
 4 SYSTEMPATH\Common.php(1135): CodeIgniter\View\View->render('page_detail_komoditas', [], true)
 5 APPPATH\Controllers\Publik.php(137): view('page_detail_komoditas', [...])
 6 SYSTEMPATH\CodeIgniter.php(896): App\Controllers\Publik->detail_komoditas()
 7 SYSTEMPATH\CodeIgniter.php(466): CodeIgniter\CodeIgniter->runController(Object(App\Controllers\Publik))
 8 SYSTEMPATH\CodeIgniter.php(349): CodeIgniter\CodeIgniter->handleRequest(null, Object(Config\Cache), false)
 9 FCPATH\index.php(55): CodeIgniter\CodeIgniter->run()
CRITICAL - 2022-10-14 09:40:09 --> Undefined offset: 0
in APPPATH\Views\public\page_detail_komoditas.php on line 10.
 1 APPPATH\Views\public\page_detail_komoditas.php(10): CodeIgniter\Debug\Exceptions->errorHandler(8, 'Undefined offset: 0', 'APPPATH\\Views\\public\\page_detail_komoditas.php', 10, [...])
 2 SYSTEMPATH\View\View.php(213): include('APPPATH\\Views\\public\\page_detail_komoditas.php')
 3 SYSTEMPATH\View\View.php(216): CodeIgniter\View\View->CodeIgniter\View\{closure}()
 4 SYSTEMPATH\Common.php(1135): CodeIgniter\View\View->render('page_detail_komoditas', [], true)
 5 APPPATH\Controllers\Publik.php(137): view('page_detail_komoditas', [...])
 6 SYSTEMPATH\CodeIgniter.php(896): App\Controllers\Publik->detail_komoditas()
 7 SYSTEMPATH\CodeIgniter.php(466): CodeIgniter\CodeIgniter->runController(Object(App\Controllers\Publik))
 8 SYSTEMPATH\CodeIgniter.php(349): CodeIgniter\CodeIgniter->handleRequest(null, Object(Config\Cache), false)
 9 FCPATH\index.php(55): CodeIgniter\CodeIgniter->run()
CRITICAL - 2022-10-14 11:43:50 --> explode() expects parameter 2 to be string, array given
in APPPATH\Helpers\additional_helper.php on line 87.
 1 [internal function]: CodeIgniter\Debug\Exceptions->errorHandler(2, 'explode() expects parameter 2 to be string, array given', 'APPPATH\\Helpers\\additional_helper.php', 87, [...])
 2 APPPATH\Helpers\additional_helper.php(87): explode('-', [...])
 3 APPPATH\Controllers\Action.php(141): tgl_indo([...])
 4 SYSTEMPATH\CodeIgniter.php(896): App\Controllers\Action->get_data_grafik_detail_komoditas()
 5 SYSTEMPATH\CodeIgniter.php(466): CodeIgniter\CodeIgniter->runController(Object(App\Controllers\Action))
 6 SYSTEMPATH\CodeIgniter.php(349): CodeIgniter\CodeIgniter->handleRequest(null, Object(Config\Cache), false)
 7 FCPATH\index.php(55): CodeIgniter\CodeIgniter->run()
CRITICAL - 2022-10-14 11:46:29 --> Undefined property: stdClass::$harga
in APPPATH\Controllers\Action.php on line 146.
 1 APPPATH\Controllers\Action.php(146): CodeIgniter\Debug\Exceptions->errorHandler(8, 'Undefined property: stdClass::$harga', 'APPPATH\\Controllers\\Action.php', 146, [...])
 2 SYSTEMPATH\CodeIgniter.php(896): App\Controllers\Action->get_data_grafik_detail_komoditas()
 3 SYSTEMPATH\CodeIgniter.php(466): CodeIgniter\CodeIgniter->runController(Object(App\Controllers\Action))
 4 SYSTEMPATH\CodeIgniter.php(349): CodeIgniter\CodeIgniter->handleRequest(null, Object(Config\Cache), false)
 5 FCPATH\index.php(55): CodeIgniter\CodeIgniter->run()
CRITICAL - 2022-10-14 11:46:32 --> Undefined property: stdClass::$harga
in APPPATH\Controllers\Action.php on line 146.
 1 APPPATH\Controllers\Action.php(146): CodeIgniter\Debug\Exceptions->errorHandler(8, 'Undefined property: stdClass::$harga', 'APPPATH\\Controllers\\Action.php', 146, [...])
 2 SYSTEMPATH\CodeIgniter.php(896): App\Controllers\Action->get_data_grafik_detail_komoditas()
 3 SYSTEMPATH\CodeIgniter.php(466): CodeIgniter\CodeIgniter->runController(Object(App\Controllers\Action))
 4 SYSTEMPATH\CodeIgniter.php(349): CodeIgniter\CodeIgniter->handleRequest(null, Object(Config\Cache), false)
 5 FCPATH\index.php(55): CodeIgniter\CodeIgniter->run()
CRITICAL - 2022-10-14 14:12:57 --> Undefined offset: 0
in APPPATH\Views\public\page_detail_komoditas.php on line 10.
 1 APPPATH\Views\public\page_detail_komoditas.php(10): CodeIgniter\Debug\Exceptions->errorHandler(8, 'Undefined offset: 0', 'APPPATH\\Views\\public\\page_detail_komoditas.php', 10, [...])
 2 SYSTEMPATH\View\View.php(213): include('APPPATH\\Views\\public\\page_detail_komoditas.php')
 3 SYSTEMPATH\View\View.php(216): CodeIgniter\View\View->CodeIgniter\View\{closure}()
 4 SYSTEMPATH\Common.php(1135): CodeIgniter\View\View->render('page_detail_komoditas', [], true)
 5 APPPATH\Controllers\Publik.php(137): view('page_detail_komoditas', [...])
 6 SYSTEMPATH\CodeIgniter.php(896): App\Controllers\Publik->detail_komoditas()
 7 SYSTEMPATH\CodeIgniter.php(466): CodeIgniter\CodeIgniter->runController(Object(App\Controllers\Publik))
 8 SYSTEMPATH\CodeIgniter.php(349): CodeIgniter\CodeIgniter->handleRequest(null, Object(Config\Cache), false)
 9 FCPATH\index.php(55): CodeIgniter\CodeIgniter->run()
CRITICAL - 2022-10-14 14:12:59 --> Undefined offset: 0
in APPPATH\Views\public\page_detail_komoditas.php on line 10.
 1 APPPATH\Views\public\page_detail_komoditas.php(10): CodeIgniter\Debug\Exceptions->errorHandler(8, 'Undefined offset: 0', 'APPPATH\\Views\\public\\page_detail_komoditas.php', 10, [...])
 2 SYSTEMPATH\View\View.php(213): include('APPPATH\\Views\\public\\page_detail_komoditas.php')
 3 SYSTEMPATH\View\View.php(216): CodeIgniter\View\View->CodeIgniter\View\{closure}()
 4 SYSTEMPATH\Common.php(1135): CodeIgniter\View\View->render('page_detail_komoditas', [], true)
 5 APPPATH\Controllers\Publik.php(137): view('page_detail_komoditas', [...])
 6 SYSTEMPATH\CodeIgniter.php(896): App\Controllers\Publik->detail_komoditas()
 7 SYSTEMPATH\CodeIgniter.php(466): CodeIgniter\CodeIgniter->runController(Object(App\Controllers\Publik))
 8 SYSTEMPATH\CodeIgniter.php(349): CodeIgniter\CodeIgniter->handleRequest(null, Object(Config\Cache), false)
 9 FCPATH\index.php(55): CodeIgniter\CodeIgniter->run()
CRITICAL - 2022-10-14 14:13:00 --> Undefined offset: 0
in APPPATH\Views\public\page_detail_komoditas.php on line 10.
 1 APPPATH\Views\public\page_detail_komoditas.php(10): CodeIgniter\Debug\Exceptions->errorHandler(8, 'Undefined offset: 0', 'APPPATH\\Views\\public\\page_detail_komoditas.php', 10, [...])
 2 SYSTEMPATH\View\View.php(213): include('APPPATH\\Views\\public\\page_detail_komoditas.php')
 3 SYSTEMPATH\View\View.php(216): CodeIgniter\View\View->CodeIgniter\View\{closure}()
 4 SYSTEMPATH\Common.php(1135): CodeIgniter\View\View->render('page_detail_komoditas', [], true)
 5 APPPATH\Controllers\Publik.php(137): view('page_detail_komoditas', [...])
 6 SYSTEMPATH\CodeIgniter.php(896): App\Controllers\Publik->detail_komoditas()
 7 SYSTEMPATH\CodeIgniter.php(466): CodeIgniter\CodeIgniter->runController(Object(App\Controllers\Publik))
 8 SYSTEMPATH\CodeIgniter.php(349): CodeIgniter\CodeIgniter->handleRequest(null, Object(Config\Cache), false)
 9 FCPATH\index.php(55): CodeIgniter\CodeIgniter->run()
CRITICAL - 2022-10-14 14:13:02 --> Undefined offset: 0
in APPPATH\Views\public\page_detail_komoditas.php on line 10.
 1 APPPATH\Views\public\page_detail_komoditas.php(10): CodeIgniter\Debug\Exceptions->errorHandler(8, 'Undefined offset: 0', 'APPPATH\\Views\\public\\page_detail_komoditas.php', 10, [...])
 2 SYSTEMPATH\View\View.php(213): include('APPPATH\\Views\\public\\page_detail_komoditas.php')
 3 SYSTEMPATH\View\View.php(216): CodeIgniter\View\View->CodeIgniter\View\{closure}()
 4 SYSTEMPATH\Common.php(1135): CodeIgniter\View\View->render('page_detail_komoditas', [], true)
 5 APPPATH\Controllers\Publik.php(137): view('page_detail_komoditas', [...])
 6 SYSTEMPATH\CodeIgniter.php(896): App\Controllers\Publik->detail_komoditas()
 7 SYSTEMPATH\CodeIgniter.php(466): CodeIgniter\CodeIgniter->runController(Object(App\Controllers\Publik))
 8 SYSTEMPATH\CodeIgniter.php(349): CodeIgniter\CodeIgniter->handleRequest(null, Object(Config\Cache), false)
 9 FCPATH\index.php(55): CodeIgniter\CodeIgniter->run()
CRITICAL - 2022-10-14 14:13:04 --> Undefined offset: 0
in APPPATH\Views\public\page_detail_komoditas.php on line 10.
 1 APPPATH\Views\public\page_detail_komoditas.php(10): CodeIgniter\Debug\Exceptions->errorHandler(8, 'Undefined offset: 0', 'APPPATH\\Views\\public\\page_detail_komoditas.php', 10, [...])
 2 SYSTEMPATH\View\View.php(213): include('APPPATH\\Views\\public\\page_detail_komoditas.php')
 3 SYSTEMPATH\View\View.php(216): CodeIgniter\View\View->CodeIgniter\View\{closure}()
 4 SYSTEMPATH\Common.php(1135): CodeIgniter\View\View->render('page_detail_komoditas', [], true)
 5 APPPATH\Controllers\Publik.php(137): view('page_detail_komoditas', [...])
 6 SYSTEMPATH\CodeIgniter.php(896): App\Controllers\Publik->detail_komoditas()
 7 SYSTEMPATH\CodeIgniter.php(466): CodeIgniter\CodeIgniter->runController(Object(App\Controllers\Publik))
 8 SYSTEMPATH\CodeIgniter.php(349): CodeIgniter\CodeIgniter->handleRequest(null, Object(Config\Cache), false)
 9 FCPATH\index.php(55): CodeIgniter\CodeIgniter->run()
CRITICAL - 2022-10-14 14:13:07 --> Undefined offset: 0
in APPPATH\Views\public\page_detail_komoditas.php on line 10.
 1 APPPATH\Views\public\page_detail_komoditas.php(10): CodeIgniter\Debug\Exceptions->errorHandler(8, 'Undefined offset: 0', 'APPPATH\\Views\\public\\page_detail_komoditas.php', 10, [...])
 2 SYSTEMPATH\View\View.php(213): include('APPPATH\\Views\\public\\page_detail_komoditas.php')
 3 SYSTEMPATH\View\View.php(216): CodeIgniter\View\View->CodeIgniter\View\{closure}()
 4 SYSTEMPATH\Common.php(1135): CodeIgniter\View\View->render('page_detail_komoditas', [], true)
 5 APPPATH\Controllers\Publik.php(137): view('page_detail_komoditas', [...])
 6 SYSTEMPATH\CodeIgniter.php(896): App\Controllers\Publik->detail_komoditas()
 7 SYSTEMPATH\CodeIgniter.php(466): CodeIgniter\CodeIgniter->runController(Object(App\Controllers\Publik))
 8 SYSTEMPATH\CodeIgniter.php(349): CodeIgniter\CodeIgniter->handleRequest(null, Object(Config\Cache), false)
 9 FCPATH\index.php(55): CodeIgniter\CodeIgniter->run()
CRITICAL - 2022-10-14 14:45:31 --> Undefined variable: pasar
in APPPATH\Views\public\page_detail_pasar.php on line 9.
 1 APPPATH\Views\public\page_detail_pasar.php(9): CodeIgniter\Debug\Exceptions->errorHandler(8, 'Undefined variable: pasar', 'APPPATH\\Views\\public\\page_detail_pasar.php', 9, [...])
 2 SYSTEMPATH\View\View.php(213): include('APPPATH\\Views\\public\\page_detail_pasar.php')
 3 SYSTEMPATH\View\View.php(216): CodeIgniter\View\View->CodeIgniter\View\{closure}()
 4 SYSTEMPATH\Common.php(1135): CodeIgniter\View\View->render('page_detail_pasar', [], true)
 5 APPPATH\Controllers\Publik.php(158): view('page_detail_pasar', [...])
 6 SYSTEMPATH\CodeIgniter.php(896): App\Controllers\Publik->statistik_wilayah()
 7 SYSTEMPATH\CodeIgniter.php(466): CodeIgniter\CodeIgniter->runController(Object(App\Controllers\Publik))
 8 SYSTEMPATH\CodeIgniter.php(349): CodeIgniter\CodeIgniter->handleRequest(null, Object(Config\Cache), false)
 9 FCPATH\index.php(55): CodeIgniter\CodeIgniter->run()
CRITICAL - 2022-10-14 15:18:34 --> Undefined variable: komoditas_id
in APPPATH\Controllers\Action.php on line 145.
 1 APPPATH\Controllers\Action.php(145): CodeIgniter\Debug\Exceptions->errorHandler(8, 'Undefined variable: komoditas_id', 'APPPATH\\Controllers\\Action.php', 145, [...])
 2 SYSTEMPATH\CodeIgniter.php(896): App\Controllers\Action->get_statistik_wilayah()
 3 SYSTEMPATH\CodeIgniter.php(466): CodeIgniter\CodeIgniter->runController(Object(App\Controllers\Action))
 4 SYSTEMPATH\CodeIgniter.php(349): CodeIgniter\CodeIgniter->handleRequest(null, Object(Config\Cache), false)
 5 FCPATH\index.php(55): CodeIgniter\CodeIgniter->run()
CRITICAL - 2022-10-14 15:19:20 --> Trying to get property 'transaksi_harga' of non-object
in APPPATH\Controllers\Action.php on line 145.
 1 APPPATH\Controllers\Action.php(145): CodeIgniter\Debug\Exceptions->errorHandler(8, 'Trying to get property \'transaksi_harga\' of non-object', 'APPPATH\\Controllers\\Action.php', 145, [...])
 2 SYSTEMPATH\CodeIgniter.php(896): App\Controllers\Action->get_statistik_wilayah()
 3 SYSTEMPATH\CodeIgniter.php(466): CodeIgniter\CodeIgniter->runController(Object(App\Controllers\Action))
 4 SYSTEMPATH\CodeIgniter.php(349): CodeIgniter\CodeIgniter->handleRequest(null, Object(Config\Cache), false)
 5 FCPATH\index.php(55): CodeIgniter\CodeIgniter->run()
CRITICAL - 2022-10-14 16:14:41 --> Undefined offset: 0
in APPPATH\Controllers\Action.php on line 156.
 1 APPPATH\Controllers\Action.php(156): CodeIgniter\Debug\Exceptions->errorHandler(8, 'Undefined offset: 0', 'APPPATH\\Controllers\\Action.php', 156, [...])
 2 SYSTEMPATH\CodeIgniter.php(896): App\Controllers\Action->get_statistik_wilayah()
 3 SYSTEMPATH\CodeIgniter.php(466): CodeIgniter\CodeIgniter->runController(Object(App\Controllers\Action))
 4 SYSTEMPATH\CodeIgniter.php(349): CodeIgniter\CodeIgniter->handleRequest(null, Object(Config\Cache), false)
 5 FCPATH\index.php(55): CodeIgniter\CodeIgniter->run()
CRITICAL - 2022-10-14 16:15:27 --> array_push() expects parameter 1 to be array, null given
in APPPATH\Controllers\Action.php on line 162.
 1 [internal function]: CodeIgniter\Debug\Exceptions->errorHandler(2, 'array_push() expects parameter 1 to be array, null given', 'APPPATH\\Controllers\\Action.php', 162, [...])
 2 APPPATH\Controllers\Action.php(162): array_push(null, [])
 3 SYSTEMPATH\CodeIgniter.php(896): App\Controllers\Action->get_statistik_wilayah()
 4 SYSTEMPATH\CodeIgniter.php(466): CodeIgniter\CodeIgniter->runController(Object(App\Controllers\Action))
 5 SYSTEMPATH\CodeIgniter.php(349): CodeIgniter\CodeIgniter->handleRequest(null, Object(Config\Cache), false)
 6 FCPATH\index.php(55): CodeIgniter\CodeIgniter->run()
CRITICAL - 2022-10-14 16:15:50 --> Undefined offset: 0
in APPPATH\Controllers\Action.php on line 156.
 1 APPPATH\Controllers\Action.php(156): CodeIgniter\Debug\Exceptions->errorHandler(8, 'Undefined offset: 0', 'APPPATH\\Controllers\\Action.php', 156, [...])
 2 SYSTEMPATH\CodeIgniter.php(896): App\Controllers\Action->get_statistik_wilayah()
 3 SYSTEMPATH\CodeIgniter.php(466): CodeIgniter\CodeIgniter->runController(Object(App\Controllers\Action))
 4 SYSTEMPATH\CodeIgniter.php(349): CodeIgniter\CodeIgniter->handleRequest(null, Object(Config\Cache), false)
 5 FCPATH\index.php(55): CodeIgniter\CodeIgniter->run()
CRITICAL - 2022-10-14 16:15:56 --> array_push() expects parameter 1 to be array, null given
in APPPATH\Controllers\Action.php on line 162.
 1 [internal function]: CodeIgniter\Debug\Exceptions->errorHandler(2, 'array_push() expects parameter 1 to be array, null given', 'APPPATH\\Controllers\\Action.php', 162, [...])
 2 APPPATH\Controllers\Action.php(162): array_push(null, 1)
 3 SYSTEMPATH\CodeIgniter.php(896): App\Controllers\Action->get_statistik_wilayah()
 4 SYSTEMPATH\CodeIgniter.php(466): CodeIgniter\CodeIgniter->runController(Object(App\Controllers\Action))
 5 SYSTEMPATH\CodeIgniter.php(349): CodeIgniter\CodeIgniter->handleRequest(null, Object(Config\Cache), false)
 6 FCPATH\index.php(55): CodeIgniter\CodeIgniter->run()
CRITICAL - 2022-10-14 16:17:57 --> Creating default object from empty value
in APPPATH\Controllers\Action.php on line 164.
 1 APPPATH\Controllers\Action.php(164): CodeIgniter\Debug\Exceptions->errorHandler(2, 'Creating default object from empty value', 'APPPATH\\Controllers\\Action.php', 164, [...])
 2 SYSTEMPATH\CodeIgniter.php(896): App\Controllers\Action->get_statistik_wilayah()
 3 SYSTEMPATH\CodeIgniter.php(466): CodeIgniter\CodeIgniter->runController(Object(App\Controllers\Action))
 4 SYSTEMPATH\CodeIgniter.php(349): CodeIgniter\CodeIgniter->handleRequest(null, Object(Config\Cache), false)
 5 FCPATH\index.php(55): CodeIgniter\CodeIgniter->run()
CRITICAL - 2022-10-14 16:18:35 --> Creating default object from empty value
in APPPATH\Controllers\Action.php on line 166.
 1 APPPATH\Controllers\Action.php(166): CodeIgniter\Debug\Exceptions->errorHandler(2, 'Creating default object from empty value', 'APPPATH\\Controllers\\Action.php', 166, [...])
 2 SYSTEMPATH\CodeIgniter.php(896): App\Controllers\Action->get_statistik_wilayah()
 3 SYSTEMPATH\CodeIgniter.php(466): CodeIgniter\CodeIgniter->runController(Object(App\Controllers\Action))
 4 SYSTEMPATH\CodeIgniter.php(349): CodeIgniter\CodeIgniter->handleRequest(null, Object(Config\Cache), false)
 5 FCPATH\index.php(55): CodeIgniter\CodeIgniter->run()
CRITICAL - 2022-10-14 16:18:56 --> Creating default object from empty value
in APPPATH\Controllers\Action.php on line 166.
 1 APPPATH\Controllers\Action.php(166): CodeIgniter\Debug\Exceptions->errorHandler(2, 'Creating default object from empty value', 'APPPATH\\Controllers\\Action.php', 166, [...])
 2 SYSTEMPATH\CodeIgniter.php(896): App\Controllers\Action->get_statistik_wilayah()
 3 SYSTEMPATH\CodeIgniter.php(466): CodeIgniter\CodeIgniter->runController(Object(App\Controllers\Action))
 4 SYSTEMPATH\CodeIgniter.php(349): CodeIgniter\CodeIgniter->handleRequest(null, Object(Config\Cache), false)
 5 FCPATH\index.php(55): CodeIgniter\CodeIgniter->run()
CRITICAL - 2022-10-14 16:19:59 --> Creating default object from empty value
in APPPATH\Controllers\Action.php on line 166.
 1 APPPATH\Controllers\Action.php(166): CodeIgniter\Debug\Exceptions->errorHandler(2, 'Creating default object from empty value', 'APPPATH\\Controllers\\Action.php', 166, [...])
 2 SYSTEMPATH\CodeIgniter.php(896): App\Controllers\Action->get_statistik_wilayah()
 3 SYSTEMPATH\CodeIgniter.php(466): CodeIgniter\CodeIgniter->runController(Object(App\Controllers\Action))
 4 SYSTEMPATH\CodeIgniter.php(349): CodeIgniter\CodeIgniter->handleRequest(null, Object(Config\Cache), false)
 5 FCPATH\index.php(55): CodeIgniter\CodeIgniter->run()
CRITICAL - 2022-10-14 16:20:58 --> Undefined offset: 0
in APPPATH\Controllers\Action.php on line 156.
 1 APPPATH\Controllers\Action.php(156): CodeIgniter\Debug\Exceptions->errorHandler(8, 'Undefined offset: 0', 'APPPATH\\Controllers\\Action.php', 156, [...])
 2 SYSTEMPATH\CodeIgniter.php(896): App\Controllers\Action->get_statistik_wilayah()
 3 SYSTEMPATH\CodeIgniter.php(466): CodeIgniter\CodeIgniter->runController(Object(App\Controllers\Action))
 4 SYSTEMPATH\CodeIgniter.php(349): CodeIgniter\CodeIgniter->handleRequest(null, Object(Config\Cache), false)
 5 FCPATH\index.php(55): CodeIgniter\CodeIgniter->run()
CRITICAL - 2022-10-14 16:28:43 --> Too few arguments to function App\Models\Transaksi_model::get_max_harga_by_komoditas_pasar_month_year(), 3 passed in C:\xampp\htdocs\pasar\app\Controllers\Action.php on line 148 and exactly 4 expected
in APPPATH\Models\Transaksi_model.php on line 191.
 1 APPPATH\Controllers\Action.php(148): App\Models\Transaksi_model->get_max_harga_by_komoditas_pasar_month_year('1', '10', '2022')
 2 SYSTEMPATH\CodeIgniter.php(896): App\Controllers\Action->get_statistik_wilayah()
 3 SYSTEMPATH\CodeIgniter.php(466): CodeIgniter\CodeIgniter->runController(Object(App\Controllers\Action))
 4 SYSTEMPATH\CodeIgniter.php(349): CodeIgniter\CodeIgniter->handleRequest(null, Object(Config\Cache), false)
 5 FCPATH\index.php(55): CodeIgniter\CodeIgniter->run()
CRITICAL - 2022-10-14 16:29:04 --> Undefined offset: 0
in APPPATH\Controllers\Action.php on line 150.
 1 APPPATH\Controllers\Action.php(150): CodeIgniter\Debug\Exceptions->errorHandler(8, 'Undefined offset: 0', 'APPPATH\\Controllers\\Action.php', 150, [...])
 2 SYSTEMPATH\CodeIgniter.php(896): App\Controllers\Action->get_statistik_wilayah()
 3 SYSTEMPATH\CodeIgniter.php(466): CodeIgniter\CodeIgniter->runController(Object(App\Controllers\Action))
 4 SYSTEMPATH\CodeIgniter.php(349): CodeIgniter\CodeIgniter->handleRequest(null, Object(Config\Cache), false)
 5 FCPATH\index.php(55): CodeIgniter\CodeIgniter->run()
CRITICAL - 2022-10-14 16:36:08 --> Division by zero
in APPPATH\Controllers\Action.php on line 177.
 1 APPPATH\Controllers\Action.php(177): CodeIgniter\Debug\Exceptions->errorHandler(2, 'Division by zero', 'APPPATH\\Controllers\\Action.php', 177, [...])
 2 SYSTEMPATH\CodeIgniter.php(896): App\Controllers\Action->get_statistik_wilayah()
 3 SYSTEMPATH\CodeIgniter.php(466): CodeIgniter\CodeIgniter->runController(Object(App\Controllers\Action))
 4 SYSTEMPATH\CodeIgniter.php(349): CodeIgniter\CodeIgniter->handleRequest(null, Object(Config\Cache), false)
 5 FCPATH\index.php(55): CodeIgniter\CodeIgniter->run()
CRITICAL - 2022-10-14 19:25:43 --> Undefined property: stdClass::$transaksi_harga
in APPPATH\Controllers\Action.php on line 185.
 1 APPPATH\Controllers\Action.php(185): CodeIgniter\Debug\Exceptions->errorHandler(8, 'Undefined property: stdClass::$transaksi_harga', 'APPPATH\\Controllers\\Action.php', 185, [...])
 2 SYSTEMPATH\CodeIgniter.php(896): App\Controllers\Action->get_statistik_wilayah()
 3 SYSTEMPATH\CodeIgniter.php(466): CodeIgniter\CodeIgniter->runController(Object(App\Controllers\Action))
 4 SYSTEMPATH\CodeIgniter.php(349): CodeIgniter\CodeIgniter->handleRequest(null, Object(Config\Cache), false)
 5 FCPATH\index.php(55): CodeIgniter\CodeIgniter->run()
CRITICAL - 2022-10-14 19:41:39 --> array_filter() expects parameter 2 to be a valid callback, function 'zero_filter' not found or invalid function name
in APPPATH\Controllers\Action.php on line 213.
 1 [internal function]: CodeIgniter\Debug\Exceptions->errorHandler(2, 'array_filter() expects parameter 2 to be a valid callback, function \'zero_filter\' not found or invalid function name', 'APPPATH\\Controllers\\Action.php', 213, [...])
 2 APPPATH\Controllers\Action.php(213): array_filter([...], 'zero_filter')
 3 SYSTEMPATH\CodeIgniter.php(896): App\Controllers\Action->get_statistik_wilayah()
 4 SYSTEMPATH\CodeIgniter.php(466): CodeIgniter\CodeIgniter->runController(Object(App\Controllers\Action))
 5 SYSTEMPATH\CodeIgniter.php(349): CodeIgniter\CodeIgniter->handleRequest(null, Object(Config\Cache), false)
 6 FCPATH\index.php(55): CodeIgniter\CodeIgniter->run()
CRITICAL - 2022-10-14 19:42:43 --> array_filter() expects parameter 2 to be a valid callback, function 'even' not found or invalid function name
in APPPATH\Controllers\Action.php on line 213.
 1 [internal function]: CodeIgniter\Debug\Exceptions->errorHandler(2, 'array_filter() expects parameter 2 to be a valid callback, function \'even\' not found or invalid function name', 'APPPATH\\Controllers\\Action.php', 213, [...])
 2 APPPATH\Controllers\Action.php(213): array_filter([...], 'even')
 3 SYSTEMPATH\CodeIgniter.php(896): App\Controllers\Action->get_statistik_wilayah()
 4 SYSTEMPATH\CodeIgniter.php(466): CodeIgniter\CodeIgniter->runController(Object(App\Controllers\Action))
 5 SYSTEMPATH\CodeIgniter.php(349): CodeIgniter\CodeIgniter->handleRequest(null, Object(Config\Cache), false)
 6 FCPATH\index.php(55): CodeIgniter\CodeIgniter->run()
CRITICAL - 2022-10-14 19:44:45 --> min(): Array must contain at least one element
in APPPATH\Controllers\Action.php on line 211.
 1 [internal function]: CodeIgniter\Debug\Exceptions->errorHandler(2, 'min(): Array must contain at least one element', 'APPPATH\\Controllers\\Action.php', 211, [...])
 2 APPPATH\Controllers\Action.php(211): min([])
 3 SYSTEMPATH\CodeIgniter.php(896): App\Controllers\Action->get_statistik_wilayah()
 4 SYSTEMPATH\CodeIgniter.php(466): CodeIgniter\CodeIgniter->runController(Object(App\Controllers\Action))
 5 SYSTEMPATH\CodeIgniter.php(349): CodeIgniter\CodeIgniter->handleRequest(null, Object(Config\Cache), false)
 6 FCPATH\index.php(55): CodeIgniter\CodeIgniter->run()
CRITICAL - 2022-10-14 19:46:01 --> Undefined property: stdClass::$harga
in APPPATH\Controllers\Action.php on line 202.
 1 APPPATH\Controllers\Action.php(202): CodeIgniter\Debug\Exceptions->errorHandler(8, 'Undefined property: stdClass::$harga', 'APPPATH\\Controllers\\Action.php', 202, [...])
 2 SYSTEMPATH\CodeIgniter.php(896): App\Controllers\Action->get_statistik_wilayah()
 3 SYSTEMPATH\CodeIgniter.php(466): CodeIgniter\CodeIgniter->runController(Object(App\Controllers\Action))
 4 SYSTEMPATH\CodeIgniter.php(349): CodeIgniter\CodeIgniter->handleRequest(null, Object(Config\Cache), false)
 5 FCPATH\index.php(55): CodeIgniter\CodeIgniter->run()
