CRITICAL - 2022-11-15 10:31:15 --> Invalid file: disperindag.php
in SYSTEMPATH\Exceptions\FrameworkException.php on line 33.
 1 SYSTEMPATH\View\View.php(201): CodeIgniter\Exceptions\FrameworkException::forInvalidFile('disperindag.php')
 2 SYSTEMPATH\Common.php(1135): CodeIgniter\View\View->render('disperindag', [], true)
 3 APPPATH\Controllers\Publik.php(178): view('disperindag')
 4 SYSTEMPATH\CodeIgniter.php(896): App\Controllers\Publik->disperindag()
 5 SYSTEMPATH\CodeIgniter.php(466): CodeIgniter\CodeIgniter->runController(Object(App\Controllers\Publik))
 6 SYSTEMPATH\CodeIgniter.php(349): CodeIgniter\CodeIgniter->handleRequest(null, Object(Config\Cache), false)
 7 FCPATH\index.php(55): CodeIgniter\CodeIgniter->run()
CRITICAL - 2022-11-15 10:32:45 --> Undefined variable: title
in APPPATH\Views\public\_head.php on line 20.
 1 APPPATH\Views\public\_head.php(20): CodeIgniter\Debug\Exceptions->errorHandler(8, 'Undefined variable: title', 'APPPATH\\Views\\public\\_head.php', 20, [])
 2 SYSTEMPATH\View\View.php(213): include('APPPATH\\Views\\public\\_head.php')
 3 SYSTEMPATH\View\View.php(216): CodeIgniter\View\View->CodeIgniter\View\{closure}()
 4 SYSTEMPATH\Common.php(1135): CodeIgniter\View\View->render('_head', [], true)
 5 APPPATH\Views\public\page_disperindag.php(3): view('_head')
 6 SYSTEMPATH\View\View.php(213): include('APPPATH\\Views\\public\\page_disperindag.php')
 7 SYSTEMPATH\View\View.php(216): CodeIgniter\View\View->CodeIgniter\View\{closure}()
 8 SYSTEMPATH\Common.php(1135): CodeIgniter\View\View->render('page_disperindag', [], true)
 9 APPPATH\Controllers\Publik.php(178): view('page_disperindag')
10 SYSTEMPATH\CodeIgniter.php(896): App\Controllers\Publik->disperindag()
11 SYSTEMPATH\CodeIgniter.php(466): CodeIgniter\CodeIgniter->runController(Object(App\Controllers\Publik))
12 SYSTEMPATH\CodeIgniter.php(349): CodeIgniter\CodeIgniter->handleRequest(null, Object(Config\Cache), false)
13 FCPATH\index.php(55): CodeIgniter\CodeIgniter->run()
