CRITICAL - 2023-01-25 16:11:14 --> Argument 1 passed to _get_uri() must be of the type string, null given, called in C:\xampp\htdocs\pasar\system\Helpers\url_helper.php on line 87
in SYSTEMPATH\Helpers\url_helper.php on line 31.
 1 SYSTEMPATH\Helpers\url_helper.php(87): _get_uri(null, Object(Config\App))
 2 SYSTEMPATH\Helpers\url_helper.php(106): site_url(null, null, Object(Config\App))
 3 APPPATH\Views\root\_user_panel.php(13): base_url(null)
 4 SYSTEMPATH\View\View.php(213): include('APPPATH\\Views\\root\\_user_panel.php')
 5 SYSTEMPATH\View\View.php(216): CodeIgniter\View\View->CodeIgniter\View\{closure}()
 6 SYSTEMPATH\Common.php(1135): CodeIgniter\View\View->render('root/_user_panel', [], true)
 7 APPPATH\Views\root\page_log.php(99): view('root/_user_panel')
 8 SYSTEMPATH\View\View.php(213): include('APPPATH\\Views\\root\\page_log.php')
 9 SYSTEMPATH\View\View.php(216): CodeIgniter\View\View->CodeIgniter\View\{closure}()
10 SYSTEMPATH\Common.php(1135): CodeIgniter\View\View->render('root/page_log', [], true)
11 APPPATH\Controllers\Root.php(551): view('root/page_log', [...])
12 SYSTEMPATH\CodeIgniter.php(896): App\Controllers\Root->log()
13 SYSTEMPATH\CodeIgniter.php(466): CodeIgniter\CodeIgniter->runController(Object(App\Controllers\Root))
14 SYSTEMPATH\CodeIgniter.php(349): CodeIgniter\CodeIgniter->handleRequest(null, Object(Config\Cache), false)
15 FCPATH\index.php(55): CodeIgniter\CodeIgniter->run()
CRITICAL - 2023-01-25 16:11:16 --> Argument 1 passed to _get_uri() must be of the type string, null given, called in C:\xampp\htdocs\pasar\system\Helpers\url_helper.php on line 87
in SYSTEMPATH\Helpers\url_helper.php on line 31.
 1 SYSTEMPATH\Helpers\url_helper.php(87): _get_uri(null, Object(Config\App))
 2 SYSTEMPATH\Helpers\url_helper.php(106): site_url(null, null, Object(Config\App))
 3 APPPATH\Views\root\_user_panel.php(13): base_url(null)
 4 SYSTEMPATH\View\View.php(213): include('APPPATH\\Views\\root\\_user_panel.php')
 5 SYSTEMPATH\View\View.php(216): CodeIgniter\View\View->CodeIgniter\View\{closure}()
 6 SYSTEMPATH\Common.php(1135): CodeIgniter\View\View->render('root/_user_panel', [], true)
 7 APPPATH\Views\root\page_log.php(99): view('root/_user_panel')
 8 SYSTEMPATH\View\View.php(213): include('APPPATH\\Views\\root\\page_log.php')
 9 SYSTEMPATH\View\View.php(216): CodeIgniter\View\View->CodeIgniter\View\{closure}()
10 SYSTEMPATH\Common.php(1135): CodeIgniter\View\View->render('root/page_log', [], true)
11 APPPATH\Controllers\Root.php(551): view('root/page_log', [...])
12 SYSTEMPATH\CodeIgniter.php(896): App\Controllers\Root->log()
13 SYSTEMPATH\CodeIgniter.php(466): CodeIgniter\CodeIgniter->runController(Object(App\Controllers\Root))
14 SYSTEMPATH\CodeIgniter.php(349): CodeIgniter\CodeIgniter->handleRequest(null, Object(Config\Cache), false)
15 FCPATH\index.php(55): CodeIgniter\CodeIgniter->run()
CRITICAL - 2023-01-25 16:11:38 --> Undefined index: user_username
in APPPATH\Controllers\Login.php on line 26.
 1 APPPATH\Controllers\Login.php(26): CodeIgniter\Debug\Exceptions->errorHandler(8, 'Undefined index: user_username', 'APPPATH\\Controllers\\Login.php', 26, [...])
 2 APPPATH\Controllers\Login.php(101): App\Controllers\Login->__addLog('Logout', 'System Login', 'Insert')
 3 SYSTEMPATH\CodeIgniter.php(896): App\Controllers\Login->logout()
 4 SYSTEMPATH\CodeIgniter.php(466): CodeIgniter\CodeIgniter->runController(Object(App\Controllers\Login))
 5 SYSTEMPATH\CodeIgniter.php(349): CodeIgniter\CodeIgniter->handleRequest(null, Object(Config\Cache), false)
 6 FCPATH\index.php(55): CodeIgniter\CodeIgniter->run()
CRITICAL - 2023-01-25 16:12:20 --> Argument 1 passed to _get_uri() must be of the type string, null given, called in C:\xampp\htdocs\pasar\system\Helpers\url_helper.php on line 87
in SYSTEMPATH\Helpers\url_helper.php on line 31.
 1 SYSTEMPATH\Helpers\url_helper.php(87): _get_uri(null, Object(Config\App))
 2 SYSTEMPATH\Helpers\url_helper.php(106): site_url(null, null, Object(Config\App))
 3 APPPATH\Views\root\_user_panel.php(13): base_url(null)
 4 SYSTEMPATH\View\View.php(213): include('APPPATH\\Views\\root\\_user_panel.php')
 5 SYSTEMPATH\View\View.php(216): CodeIgniter\View\View->CodeIgniter\View\{closure}()
 6 SYSTEMPATH\Common.php(1135): CodeIgniter\View\View->render('root/_user_panel', [], true)
 7 APPPATH\Views\root\page_management_page.php(134): view('root/_user_panel')
 8 SYSTEMPATH\View\View.php(213): include('APPPATH\\Views\\root\\page_management_page.php')
 9 SYSTEMPATH\View\View.php(216): CodeIgniter\View\View->CodeIgniter\View\{closure}()
10 SYSTEMPATH\Common.php(1135): CodeIgniter\View\View->render('root/page_management_page', [], true)
11 APPPATH\Controllers\Root.php(168): view('root/page_management_page', [...])
12 SYSTEMPATH\CodeIgniter.php(896): App\Controllers\Root->page_management()
13 SYSTEMPATH\CodeIgniter.php(466): CodeIgniter\CodeIgniter->runController(Object(App\Controllers\Root))
14 SYSTEMPATH\CodeIgniter.php(349): CodeIgniter\CodeIgniter->handleRequest(null, Object(Config\Cache), false)
15 FCPATH\index.php(55): CodeIgniter\CodeIgniter->run()
CRITICAL - 2023-01-25 16:12:46 --> Argument 1 passed to _get_uri() must be of the type string, null given, called in C:\xampp\htdocs\pasar\system\Helpers\url_helper.php on line 87
in SYSTEMPATH\Helpers\url_helper.php on line 31.
 1 SYSTEMPATH\Helpers\url_helper.php(87): _get_uri(null, Object(Config\App))
 2 SYSTEMPATH\Helpers\url_helper.php(106): site_url(null, null, Object(Config\App))
 3 APPPATH\Views\root\_user_panel.php(13): base_url(null)
 4 SYSTEMPATH\View\View.php(213): include('APPPATH\\Views\\root\\_user_panel.php')
 5 SYSTEMPATH\View\View.php(216): CodeIgniter\View\View->CodeIgniter\View\{closure}()
 6 SYSTEMPATH\Common.php(1135): CodeIgniter\View\View->render('root/_user_panel', [], true)
 7 APPPATH\Views\root\page_dashboard.php(316): view('root/_user_panel')
 8 SYSTEMPATH\View\View.php(213): include('APPPATH\\Views\\root\\page_dashboard.php')
 9 SYSTEMPATH\View\View.php(216): CodeIgniter\View\View->CodeIgniter\View\{closure}()
10 SYSTEMPATH\Common.php(1135): CodeIgniter\View\View->render('root/page_dashboard', [], true)
11 APPPATH\Controllers\Root.php(122): view('root/page_dashboard', [...])
12 SYSTEMPATH\CodeIgniter.php(896): App\Controllers\Root->dashboard()
13 SYSTEMPATH\CodeIgniter.php(466): CodeIgniter\CodeIgniter->runController(Object(App\Controllers\Root))
14 SYSTEMPATH\CodeIgniter.php(349): CodeIgniter\CodeIgniter->handleRequest(null, Object(Config\Cache), false)
15 FCPATH\index.php(55): CodeIgniter\CodeIgniter->run()
CRITICAL - 2023-01-25 16:13:54 --> Argument 1 passed to _get_uri() must be of the type string, null given, called in C:\xampp\htdocs\pasar\system\Helpers\url_helper.php on line 87
in SYSTEMPATH\Helpers\url_helper.php on line 31.
 1 SYSTEMPATH\Helpers\url_helper.php(87): _get_uri(null, Object(Config\App))
 2 SYSTEMPATH\Helpers\url_helper.php(106): site_url(null, null, Object(Config\App))
 3 APPPATH\Views\root\_user_panel.php(13): base_url(null)
 4 SYSTEMPATH\View\View.php(213): include('APPPATH\\Views\\root\\_user_panel.php')
 5 SYSTEMPATH\View\View.php(216): CodeIgniter\View\View->CodeIgniter\View\{closure}()
 6 SYSTEMPATH\Common.php(1135): CodeIgniter\View\View->render('root/_user_panel', [], true)
 7 APPPATH\Views\root\page_dashboard.php(316): view('root/_user_panel')
 8 SYSTEMPATH\View\View.php(213): include('APPPATH\\Views\\root\\page_dashboard.php')
 9 SYSTEMPATH\View\View.php(216): CodeIgniter\View\View->CodeIgniter\View\{closure}()
10 SYSTEMPATH\Common.php(1135): CodeIgniter\View\View->render('root/page_dashboard', [], true)
11 APPPATH\Controllers\Root.php(128): view('root/page_dashboard', [...])
12 SYSTEMPATH\CodeIgniter.php(896): App\Controllers\Root->dashboard()
13 SYSTEMPATH\CodeIgniter.php(466): CodeIgniter\CodeIgniter->runController(Object(App\Controllers\Root))
14 SYSTEMPATH\CodeIgniter.php(349): CodeIgniter\CodeIgniter->handleRequest(null, Object(Config\Cache), false)
15 FCPATH\index.php(55): CodeIgniter\CodeIgniter->run()
CRITICAL - 2023-01-25 16:49:36 --> Undefined property: App\Controllers\Crud::$PM
in APPPATH\Controllers\Crud.php on line 507.
 1 APPPATH\Controllers\Crud.php(507): CodeIgniter\Debug\Exceptions->errorHandler(8, 'Undefined property: App\\Controllers\\Crud::$PM', 'APPPATH\\Controllers\\Crud.php', 507, [])
 2 SYSTEMPATH\CodeIgniter.php(896): App\Controllers\Crud->download_laporan_pangan_pdf()
 3 SYSTEMPATH\CodeIgniter.php(466): CodeIgniter\CodeIgniter->runController(Object(App\Controllers\Crud))
 4 SYSTEMPATH\CodeIgniter.php(349): CodeIgniter\CodeIgniter->handleRequest(null, Object(Config\Cache), false)
 5 FCPATH\index.php(55): CodeIgniter\CodeIgniter->run()
CRITICAL - 2023-01-25 16:51:02 --> Undefined variable: data
in APPPATH\Controllers\Crud.php on line 580.
 1 APPPATH\Controllers\Crud.php(580): CodeIgniter\Debug\Exceptions->errorHandler(8, 'Undefined variable: data', 'APPPATH\\Controllers\\Crud.php', 580, [...])
 2 SYSTEMPATH\CodeIgniter.php(896): App\Controllers\Crud->download_laporan_pangan_pdf()
 3 SYSTEMPATH\CodeIgniter.php(466): CodeIgniter\CodeIgniter->runController(Object(App\Controllers\Crud))
 4 SYSTEMPATH\CodeIgniter.php(349): CodeIgniter\CodeIgniter->handleRequest(null, Object(Config\Cache), false)
 5 FCPATH\index.php(55): CodeIgniter\CodeIgniter->run()
CRITICAL - 2023-01-25 16:52:29 --> Undefined variable: data
in APPPATH\Controllers\Crud.php on line 582.
 1 APPPATH\Controllers\Crud.php(582): CodeIgniter\Debug\Exceptions->errorHandler(8, 'Undefined variable: data', 'APPPATH\\Controllers\\Crud.php', 582, [...])
 2 SYSTEMPATH\CodeIgniter.php(896): App\Controllers\Crud->download_laporan_pangan_pdf()
 3 SYSTEMPATH\CodeIgniter.php(466): CodeIgniter\CodeIgniter->runController(Object(App\Controllers\Crud))
 4 SYSTEMPATH\CodeIgniter.php(349): CodeIgniter\CodeIgniter->handleRequest(null, Object(Config\Cache), false)
 5 FCPATH\index.php(55): CodeIgniter\CodeIgniter->run()
CRITICAL - 2023-01-25 16:53:06 --> Undefined index: akhir
in APPPATH\Controllers\Crud.php on line 510.
 1 APPPATH\Controllers\Crud.php(510): CodeIgniter\Debug\Exceptions->errorHandler(8, 'Undefined index: akhir', 'APPPATH\\Controllers\\Crud.php', 510, [...])
 2 SYSTEMPATH\CodeIgniter.php(896): App\Controllers\Crud->download_laporan_pangan_pdf()
 3 SYSTEMPATH\CodeIgniter.php(466): CodeIgniter\CodeIgniter->runController(Object(App\Controllers\Crud))
 4 SYSTEMPATH\CodeIgniter.php(349): CodeIgniter\CodeIgniter->handleRequest(null, Object(Config\Cache), false)
 5 FCPATH\index.php(55): CodeIgniter\CodeIgniter->run()
CRITICAL - 2023-01-25 16:53:42 --> Undefined property: App\Controllers\Crud::$GKM
in APPPATH\Controllers\Crud.php on line 514.
 1 APPPATH\Controllers\Crud.php(514): CodeIgniter\Debug\Exceptions->errorHandler(8, 'Undefined property: App\\Controllers\\Crud::$GKM', 'APPPATH\\Controllers\\Crud.php', 514, [...])
 2 SYSTEMPATH\CodeIgniter.php(896): App\Controllers\Crud->download_laporan_pangan_pdf()
 3 SYSTEMPATH\CodeIgniter.php(466): CodeIgniter\CodeIgniter->runController(Object(App\Controllers\Crud))
 4 SYSTEMPATH\CodeIgniter.php(349): CodeIgniter\CodeIgniter->handleRequest(null, Object(Config\Cache), false)
 5 FCPATH\index.php(55): CodeIgniter\CodeIgniter->run()
CRITICAL - 2023-01-25 16:54:10 --> Undefined property: App\Controllers\Crud::$KM
in APPPATH\Controllers\Crud.php on line 519.
 1 APPPATH\Controllers\Crud.php(519): CodeIgniter\Debug\Exceptions->errorHandler(8, 'Undefined property: App\\Controllers\\Crud::$KM', 'APPPATH\\Controllers\\Crud.php', 519, [...])
 2 SYSTEMPATH\CodeIgniter.php(896): App\Controllers\Crud->download_laporan_pangan_pdf()
 3 SYSTEMPATH\CodeIgniter.php(466): CodeIgniter\CodeIgniter->runController(Object(App\Controllers\Crud))
 4 SYSTEMPATH\CodeIgniter.php(349): CodeIgniter\CodeIgniter->handleRequest(null, Object(Config\Cache), false)
 5 FCPATH\index.php(55): CodeIgniter\CodeIgniter->run()
CRITICAL - 2023-01-25 16:54:29 --> Undefined property: App\Controllers\Crud::$TM
in APPPATH\Controllers\Crud.php on line 524.
 1 APPPATH\Controllers\Crud.php(524): CodeIgniter\Debug\Exceptions->errorHandler(8, 'Undefined property: App\\Controllers\\Crud::$TM', 'APPPATH\\Controllers\\Crud.php', 524, [...])
 2 SYSTEMPATH\CodeIgniter.php(896): App\Controllers\Crud->download_laporan_pangan_pdf()
 3 SYSTEMPATH\CodeIgniter.php(466): CodeIgniter\CodeIgniter->runController(Object(App\Controllers\Crud))
 4 SYSTEMPATH\CodeIgniter.php(349): CodeIgniter\CodeIgniter->handleRequest(null, Object(Config\Cache), false)
 5 FCPATH\index.php(55): CodeIgniter\CodeIgniter->run()
