CRITICAL - 2022-10-13 08:40:36 --> Array to string conversion
in APPPATH\Controllers\Publik.php on line 34.
 1 APPPATH\Controllers\Publik.php(34): CodeIgniter\Debug\Exceptions->errorHandler(8, 'Array to string conversion', 'APPPATH\\Controllers\\Publik.php', 34, [...])
 2 SYSTEMPATH\CodeIgniter.php(896): App\Controllers\Publik->index()
 3 SYSTEMPATH\CodeIgniter.php(466): CodeIgniter\CodeIgniter->runController(Object(App\Controllers\Publik))
 4 SYSTEMPATH\CodeIgniter.php(349): CodeIgniter\CodeIgniter->handleRequest(null, Object(Config\Cache), false)
 5 FCPATH\index.php(55): CodeIgniter\CodeIgniter->run()
CRITICAL - 2022-10-13 09:20:33 --> Undefined variable: grup_komoditas
in APPPATH\Views\public\page_komoditas.php on line 24.
 1 APPPATH\Views\public\page_komoditas.php(24): CodeIgniter\Debug\Exceptions->errorHandler(8, 'Undefined variable: grup_komoditas', 'APPPATH\\Views\\public\\page_komoditas.php', 24, [...])
 2 SYSTEMPATH\View\View.php(213): include('APPPATH\\Views\\public\\page_komoditas.php')
 3 SYSTEMPATH\View\View.php(216): CodeIgniter\View\View->CodeIgniter\View\{closure}()
 4 SYSTEMPATH\Common.php(1135): CodeIgniter\View\View->render('page_komoditas', [], true)
 5 APPPATH\Controllers\Publik.php(97): view('page_komoditas', [...])
 6 SYSTEMPATH\CodeIgniter.php(896): App\Controllers\Publik->pasar()
 7 SYSTEMPATH\CodeIgniter.php(466): CodeIgniter\CodeIgniter->runController(Object(App\Controllers\Publik))
 8 SYSTEMPATH\CodeIgniter.php(349): CodeIgniter\CodeIgniter->handleRequest(null, Object(Config\Cache), false)
 9 FCPATH\index.php(55): CodeIgniter\CodeIgniter->run()
CRITICAL - 2022-10-13 09:22:50 --> Trying to get property 'pasar_kecamatan' of non-object
in APPPATH\Controllers\Publik.php on line 97.
 1 APPPATH\Controllers\Publik.php(97): CodeIgniter\Debug\Exceptions->errorHandler(8, 'Trying to get property \'pasar_kecamatan\' of non-object', 'APPPATH\\Controllers\\Publik.php', 97, [...])
 2 SYSTEMPATH\CodeIgniter.php(896): App\Controllers\Publik->pasar()
 3 SYSTEMPATH\CodeIgniter.php(466): CodeIgniter\CodeIgniter->runController(Object(App\Controllers\Publik))
 4 SYSTEMPATH\CodeIgniter.php(349): CodeIgniter\CodeIgniter->handleRequest(null, Object(Config\Cache), false)
 5 FCPATH\index.php(55): CodeIgniter\CodeIgniter->run()
CRITICAL - 2022-10-13 09:29:25 --> Undefined variable: no
in APPPATH\Views\public\page_pasar.php on line 36.
 1 APPPATH\Views\public\page_pasar.php(36): CodeIgniter\Debug\Exceptions->errorHandler(8, 'Undefined variable: no', 'APPPATH\\Views\\public\\page_pasar.php', 36, [...])
 2 SYSTEMPATH\View\View.php(213): include('APPPATH\\Views\\public\\page_pasar.php')
 3 SYSTEMPATH\View\View.php(216): CodeIgniter\View\View->CodeIgniter\View\{closure}()
 4 SYSTEMPATH\Common.php(1135): CodeIgniter\View\View->render('page_pasar', [], true)
 5 APPPATH\Controllers\Publik.php(103): view('page_pasar', [...])
 6 SYSTEMPATH\CodeIgniter.php(896): App\Controllers\Publik->pasar()
 7 SYSTEMPATH\CodeIgniter.php(466): CodeIgniter\CodeIgniter->runController(Object(App\Controllers\Publik))
 8 SYSTEMPATH\CodeIgniter.php(349): CodeIgniter\CodeIgniter->handleRequest(null, Object(Config\Cache), false)
 9 FCPATH\index.php(55): CodeIgniter\CodeIgniter->run()
CRITICAL - 2022-10-13 10:16:23 --> Too few arguments to function App\Models\Pasar_model::get_pasar_by_id(), 0 passed in C:\xampp\htdocs\pasar\app\Controllers\Publik.php on line 150 and exactly 1 expected
in APPPATH\Models\Pasar_model.php on line 65.
 1 APPPATH\Controllers\Publik.php(150): App\Models\Pasar_model->get_pasar_by_id()
 2 SYSTEMPATH\CodeIgniter.php(896): App\Controllers\Publik->detail_pasar()
 3 SYSTEMPATH\CodeIgniter.php(466): CodeIgniter\CodeIgniter->runController(Object(App\Controllers\Publik))
 4 SYSTEMPATH\CodeIgniter.php(349): CodeIgniter\CodeIgniter->handleRequest(null, Object(Config\Cache), false)
 5 FCPATH\index.php(55): CodeIgniter\CodeIgniter->run()
CRITICAL - 2022-10-13 10:20:42 --> Undefined variable: komoditas
in APPPATH\Views\public\page_detail_pasar.php on line 9.
 1 APPPATH\Views\public\page_detail_pasar.php(9): CodeIgniter\Debug\Exceptions->errorHandler(8, 'Undefined variable: komoditas', 'APPPATH\\Views\\public\\page_detail_pasar.php', 9, [...])
 2 SYSTEMPATH\View\View.php(213): include('APPPATH\\Views\\public\\page_detail_pasar.php')
 3 SYSTEMPATH\View\View.php(216): CodeIgniter\View\View->CodeIgniter\View\{closure}()
 4 SYSTEMPATH\Common.php(1135): CodeIgniter\View\View->render('page_detail_pasar', [], true)
 5 APPPATH\Controllers\Publik.php(160): view('page_detail_pasar', [...])
 6 SYSTEMPATH\CodeIgniter.php(896): App\Controllers\Publik->detail_pasar()
 7 SYSTEMPATH\CodeIgniter.php(466): CodeIgniter\CodeIgniter->runController(Object(App\Controllers\Publik))
 8 SYSTEMPATH\CodeIgniter.php(349): CodeIgniter\CodeIgniter->handleRequest(null, Object(Config\Cache), false)
 9 FCPATH\index.php(55): CodeIgniter\CodeIgniter->run()
CRITICAL - 2022-10-13 10:54:31 --> Undefined variable: last_update
in APPPATH\Views\public\page_detail_pasar.php on line 67.
 1 APPPATH\Views\public\page_detail_pasar.php(67): CodeIgniter\Debug\Exceptions->errorHandler(8, 'Undefined variable: last_update', 'APPPATH\\Views\\public\\page_detail_pasar.php', 67, [...])
 2 SYSTEMPATH\View\View.php(213): include('APPPATH\\Views\\public\\page_detail_pasar.php')
 3 SYSTEMPATH\View\View.php(216): CodeIgniter\View\View->CodeIgniter\View\{closure}()
 4 SYSTEMPATH\Common.php(1135): CodeIgniter\View\View->render('page_detail_pasar', [], true)
 5 APPPATH\Controllers\Publik.php(160): view('page_detail_pasar', [...])
 6 SYSTEMPATH\CodeIgniter.php(896): App\Controllers\Publik->detail_pasar()
 7 SYSTEMPATH\CodeIgniter.php(466): CodeIgniter\CodeIgniter->runController(Object(App\Controllers\Publik))
 8 SYSTEMPATH\CodeIgniter.php(349): CodeIgniter\CodeIgniter->handleRequest(null, Object(Config\Cache), false)
 9 FCPATH\index.php(55): CodeIgniter\CodeIgniter->run()
CRITICAL - 2022-10-13 11:32:16 --> Too few arguments to function App\Models\Transaksi_model::get_transaksi_by_pasar_date(), 0 passed in C:\xampp\htdocs\pasar\app\Controllers\Action.php on line 79 and exactly 2 expected
in APPPATH\Models\Transaksi_model.php on line 127.
 1 APPPATH\Controllers\Action.php(79): App\Models\Transaksi_model->get_transaksi_by_pasar_date()
 2 SYSTEMPATH\CodeIgniter.php(896): App\Controllers\Action->get_transaksi_by_pasar()
 3 SYSTEMPATH\CodeIgniter.php(466): CodeIgniter\CodeIgniter->runController(Object(App\Controllers\Action))
 4 SYSTEMPATH\CodeIgniter.php(349): CodeIgniter\CodeIgniter->handleRequest(null, Object(Config\Cache), false)
 5 FCPATH\index.php(55): CodeIgniter\CodeIgniter->run()
CRITICAL - 2022-10-13 11:32:29 --> Too few arguments to function App\Models\Transaksi_model::get_transaksi_by_pasar_date(), 0 passed in C:\xampp\htdocs\pasar\app\Controllers\Action.php on line 79 and exactly 2 expected
in APPPATH\Models\Transaksi_model.php on line 127.
 1 APPPATH\Controllers\Action.php(79): App\Models\Transaksi_model->get_transaksi_by_pasar_date()
 2 SYSTEMPATH\CodeIgniter.php(896): App\Controllers\Action->get_transaksi_by_pasar()
 3 SYSTEMPATH\CodeIgniter.php(466): CodeIgniter\CodeIgniter->runController(Object(App\Controllers\Action))
 4 SYSTEMPATH\CodeIgniter.php(349): CodeIgniter\CodeIgniter->handleRequest(null, Object(Config\Cache), false)
 5 FCPATH\index.php(55): CodeIgniter\CodeIgniter->run()
CRITICAL - 2022-10-13 11:32:43 --> Object of class stdClass could not be converted to string
in SYSTEMPATH\Database\Query.php on line 329.
 1 SYSTEMPATH\Database\Query.php(329): implode(',', [...])
 2 SYSTEMPATH\Database\Query.php(310): CodeIgniter\Database\Query->matchNamedBinds('SELECT *
FROM `tb_transaksi`
WHERE `transaksi_tanggal` = :transaksi_tanggal:
AND `transaksi_pasar` = :transaksi_pasar:
AND `transaksi_status` = :transaksi_status:
ORDER BY `transaksi_tanggal` DESC', [...])
 3 SYSTEMPATH\Database\Query.php(159): CodeIgniter\Database\Query->compileBinds()
 4 SYSTEMPATH\Database\BaseConnection.php(609): CodeIgniter\Database\Query->getQuery()
 5 SYSTEMPATH\Database\BaseBuilder.php(1585): CodeIgniter\Database\BaseConnection->query('SELECT *
FROM `tb_transaksi`
WHERE `transaksi_tanggal` = :transaksi_tanggal:
AND `transaksi_pasar` = :transaksi_pasar:
AND `transaksi_status` = :transaksi_status:
ORDER BY `transaksi_tanggal` DESC', [...], false)
 6 APPPATH\Models\Transaksi_model.php(135): CodeIgniter\Database\BaseBuilder->get()
 7 APPPATH\Controllers\Action.php(79): App\Models\Transaksi_model->get_transaksi_by_pasar_date('18', [...])
 8 SYSTEMPATH\CodeIgniter.php(896): App\Controllers\Action->get_transaksi_by_pasar()
 9 SYSTEMPATH\CodeIgniter.php(466): CodeIgniter\CodeIgniter->runController(Object(App\Controllers\Action))
10 SYSTEMPATH\CodeIgniter.php(349): CodeIgniter\CodeIgniter->handleRequest(null, Object(Config\Cache), false)
11 FCPATH\index.php(55): CodeIgniter\CodeIgniter->run()
CRITICAL - 2022-10-13 11:33:45 --> Object of class stdClass could not be converted to string
in SYSTEMPATH\Database\Query.php on line 329.
 1 SYSTEMPATH\Database\Query.php(329): implode(',', [...])
 2 SYSTEMPATH\Database\Query.php(310): CodeIgniter\Database\Query->matchNamedBinds('SELECT *
FROM `tb_transaksi`
WHERE `transaksi_tanggal` = :transaksi_tanggal:
AND `transaksi_pasar` = :transaksi_pasar:
AND `transaksi_status` = :transaksi_status:
ORDER BY `transaksi_tanggal` DESC', [...])
 3 SYSTEMPATH\Database\Query.php(159): CodeIgniter\Database\Query->compileBinds()
 4 SYSTEMPATH\Database\BaseConnection.php(609): CodeIgniter\Database\Query->getQuery()
 5 SYSTEMPATH\Database\BaseBuilder.php(1585): CodeIgniter\Database\BaseConnection->query('SELECT *
FROM `tb_transaksi`
WHERE `transaksi_tanggal` = :transaksi_tanggal:
AND `transaksi_pasar` = :transaksi_pasar:
AND `transaksi_status` = :transaksi_status:
ORDER BY `transaksi_tanggal` DESC', [...], false)
 6 APPPATH\Models\Transaksi_model.php(135): CodeIgniter\Database\BaseBuilder->get()
 7 APPPATH\Controllers\Action.php(79): App\Models\Transaksi_model->get_transaksi_by_pasar_date('18', [...])
 8 SYSTEMPATH\CodeIgniter.php(896): App\Controllers\Action->get_transaksi_by_pasar()
 9 SYSTEMPATH\CodeIgniter.php(466): CodeIgniter\CodeIgniter->runController(Object(App\Controllers\Action))
10 SYSTEMPATH\CodeIgniter.php(349): CodeIgniter\CodeIgniter->handleRequest(null, Object(Config\Cache), false)
11 FCPATH\index.php(55): CodeIgniter\CodeIgniter->run()
ERROR - 2022-10-13 11:43:00 --> You have an error in your SQL syntax; check the manual that corresponds to your MariaDB server version for the right syntax to use near '`tb_komoditas`.`komoditas_satuan`
WHERE `transaksi_tanggal` = '2022-10-12'
AN...' at line 3
CRITICAL - 2022-10-13 11:43:00 --> You have an error in your SQL syntax; check the manual that corresponds to your MariaDB server version for the right syntax to use near '`tb_komoditas`.`komoditas_satuan`
WHERE `transaksi_tanggal` = '2022-10-12'
AN...' at line 3
in SYSTEMPATH\Database\MySQLi\Connection.php on line 292.
 1 SYSTEMPATH\Database\MySQLi\Connection.php(292): mysqli->query('SELECT `tb_transaksi`.`transaksi_tanggal`, `tb_transaksi`.`transaksi_harga`, `tb_komoditas`.`komoditas_nama`
FROM `tb_transaksi`
JOIN `tb_komoditas` ON `tb_transaksi`.`transaksi_komoditas` = `tb_komoditas`.`komoditas_id,` `tb_komoditas`.`komoditas_satuan`
WHERE `transaksi_tanggal` = \'2022-10-12\'
AND `transaksi_pasar` = \'14\'
AND `transaksi_status` = \'1\'', 0)
 2 SYSTEMPATH\Database\BaseConnection.php(695): CodeIgniter\Database\MySQLi\Connection->execute('SELECT `tb_transaksi`.`transaksi_tanggal`, `tb_transaksi`.`transaksi_harga`, `tb_komoditas`.`komoditas_nama`
FROM `tb_transaksi`
JOIN `tb_komoditas` ON `tb_transaksi`.`transaksi_komoditas` = `tb_komoditas`.`komoditas_id,` `tb_komoditas`.`komoditas_satuan`
WHERE `transaksi_tanggal` = \'2022-10-12\'
AND `transaksi_pasar` = \'14\'
AND `transaksi_status` = \'1\'')
 3 SYSTEMPATH\Database\BaseConnection.php(609): CodeIgniter\Database\BaseConnection->simpleQuery('SELECT `tb_transaksi`.`transaksi_tanggal`, `tb_transaksi`.`transaksi_harga`, `tb_komoditas`.`komoditas_nama`
FROM `tb_transaksi`
JOIN `tb_komoditas` ON `tb_transaksi`.`transaksi_komoditas` = `tb_komoditas`.`komoditas_id,` `tb_komoditas`.`komoditas_satuan`
WHERE `transaksi_tanggal` = \'2022-10-12\'
AND `transaksi_pasar` = \'14\'
AND `transaksi_status` = \'1\'')
 4 SYSTEMPATH\Database\BaseBuilder.php(1585): CodeIgniter\Database\BaseConnection->query('SELECT `tb_transaksi`.`transaksi_tanggal`, `tb_transaksi`.`transaksi_harga`, `tb_komoditas`.`komoditas_nama`
FROM `tb_transaksi`
JOIN `tb_komoditas` ON `tb_transaksi`.`transaksi_komoditas` = `tb_komoditas`.`komoditas_id,` `tb_komoditas`.`komoditas_satuan`
WHERE `transaksi_tanggal` = :transaksi_tanggal:
AND `transaksi_pasar` = :transaksi_pasar:
AND `transaksi_status` = :transaksi_status:', [...], false)
 5 APPPATH\Models\Transaksi_model.php(135): CodeIgniter\Database\BaseBuilder->get()
 6 APPPATH\Controllers\Action.php(80): App\Models\Transaksi_model->get_transaksi_by_pasar_date('14', '2022-10-12')
 7 SYSTEMPATH\CodeIgniter.php(896): App\Controllers\Action->get_transaksi_by_pasar()
 8 SYSTEMPATH\CodeIgniter.php(466): CodeIgniter\CodeIgniter->runController(Object(App\Controllers\Action))
 9 SYSTEMPATH\CodeIgniter.php(349): CodeIgniter\CodeIgniter->handleRequest(null, Object(Config\Cache), false)
10 FCPATH\index.php(55): CodeIgniter\CodeIgniter->run()
CRITICAL - 2022-10-13 11:57:56 --> Trying to get property 'transaksi_harga' of non-object
in APPPATH\Controllers\Action.php on line 84.
 1 APPPATH\Controllers\Action.php(84): CodeIgniter\Debug\Exceptions->errorHandler(8, 'Trying to get property \'transaksi_harga\' of non-object', 'APPPATH\\Controllers\\Action.php', 84, [...])
 2 SYSTEMPATH\CodeIgniter.php(896): App\Controllers\Action->get_transaksi_by_pasar()
 3 SYSTEMPATH\CodeIgniter.php(466): CodeIgniter\CodeIgniter->runController(Object(App\Controllers\Action))
 4 SYSTEMPATH\CodeIgniter.php(349): CodeIgniter\CodeIgniter->handleRequest(null, Object(Config\Cache), false)
 5 FCPATH\index.php(55): CodeIgniter\CodeIgniter->run()
CRITICAL - 2022-10-13 13:21:00 --> Call to undefined method App\Models\Transaksi_model::get_last_transaksi_by_pasar_date
in SYSTEMPATH\Model.php on line 773.
 1 APPPATH\Controllers\Action.php(82): CodeIgniter\Model->__call('get_last_transaksi_by_pasar_date', [...])
 2 SYSTEMPATH\CodeIgniter.php(896): App\Controllers\Action->get_transaksi_by_pasar()
 3 SYSTEMPATH\CodeIgniter.php(466): CodeIgniter\CodeIgniter->runController(Object(App\Controllers\Action))
 4 SYSTEMPATH\CodeIgniter.php(349): CodeIgniter\CodeIgniter->handleRequest(null, Object(Config\Cache), false)
 5 FCPATH\index.php(55): CodeIgniter\CodeIgniter->run()
CRITICAL - 2022-10-13 13:23:04 --> Undefined variable: tanggal
in APPPATH\Models\Transaksi_model.php on line 132.
 1 APPPATH\Models\Transaksi_model.php(132): CodeIgniter\Debug\Exceptions->errorHandler(8, 'Undefined variable: tanggal', 'APPPATH\\Models\\Transaksi_model.php', 132, [...])
 2 APPPATH\Controllers\Action.php(83): App\Models\Transaksi_model->get_last_transaksi_by_komoditas_pasar_date('50', '14', '2022-10-12')
 3 SYSTEMPATH\CodeIgniter.php(896): App\Controllers\Action->get_transaksi_by_pasar()
 4 SYSTEMPATH\CodeIgniter.php(466): CodeIgniter\CodeIgniter->runController(Object(App\Controllers\Action))
 5 SYSTEMPATH\CodeIgniter.php(349): CodeIgniter\CodeIgniter->handleRequest(null, Object(Config\Cache), false)
 6 FCPATH\index.php(55): CodeIgniter\CodeIgniter->run()
CRITICAL - 2022-10-13 13:23:19 --> Undefined property: stdClass::$transaksi_id
in APPPATH\Controllers\Action.php on line 85.
 1 APPPATH\Controllers\Action.php(85): CodeIgniter\Debug\Exceptions->errorHandler(8, 'Undefined property: stdClass::$transaksi_id', 'APPPATH\\Controllers\\Action.php', 85, [...])
 2 SYSTEMPATH\CodeIgniter.php(896): App\Controllers\Action->get_transaksi_by_pasar()
 3 SYSTEMPATH\CodeIgniter.php(466): CodeIgniter\CodeIgniter->runController(Object(App\Controllers\Action))
 4 SYSTEMPATH\CodeIgniter.php(349): CodeIgniter\CodeIgniter->handleRequest(null, Object(Config\Cache), false)
 5 FCPATH\index.php(55): CodeIgniter\CodeIgniter->run()
CRITICAL - 2022-10-13 13:45:17 --> Undefined variable: status
in APPPATH\Views\public\page_detail_pasar.php on line 43.
 1 APPPATH\Views\public\page_detail_pasar.php(43): CodeIgniter\Debug\Exceptions->errorHandler(8, 'Undefined variable: status', 'APPPATH\\Views\\public\\page_detail_pasar.php', 43, [...])
 2 SYSTEMPATH\View\View.php(213): include('APPPATH\\Views\\public\\page_detail_pasar.php')
 3 SYSTEMPATH\View\View.php(216): CodeIgniter\View\View->CodeIgniter\View\{closure}()
 4 SYSTEMPATH\Common.php(1135): CodeIgniter\View\View->render('page_detail_pasar', [], true)
 5 APPPATH\Controllers\Publik.php(160): view('page_detail_pasar', [...])
 6 SYSTEMPATH\CodeIgniter.php(896): App\Controllers\Publik->detail_pasar()
 7 SYSTEMPATH\CodeIgniter.php(466): CodeIgniter\CodeIgniter->runController(Object(App\Controllers\Publik))
 8 SYSTEMPATH\CodeIgniter.php(349): CodeIgniter\CodeIgniter->handleRequest(null, Object(Config\Cache), false)
 9 FCPATH\index.php(55): CodeIgniter\CodeIgniter->run()
CRITICAL - 2022-10-13 14:59:53 --> Undefined offset: 0
in APPPATH\Controllers\Publik.php on line 157.
 1 APPPATH\Controllers\Publik.php(157): CodeIgniter\Debug\Exceptions->errorHandler(8, 'Undefined offset: 0', 'APPPATH\\Controllers\\Publik.php', 157, [...])
 2 SYSTEMPATH\CodeIgniter.php(896): App\Controllers\Publik->detail_pasar()
 3 SYSTEMPATH\CodeIgniter.php(466): CodeIgniter\CodeIgniter->runController(Object(App\Controllers\Publik))
 4 SYSTEMPATH\CodeIgniter.php(349): CodeIgniter\CodeIgniter->handleRequest(null, Object(Config\Cache), false)
 5 FCPATH\index.php(55): CodeIgniter\CodeIgniter->run()
CRITICAL - 2022-10-13 19:07:31 --> Call to undefined method App\Models\Transaksi_model::get_transaksi_grafik_pasar
in SYSTEMPATH\Model.php on line 773.
 1 APPPATH\Controllers\Action.php(124): CodeIgniter\Model->__call('get_transaksi_grafik_pasar', [...])
 2 SYSTEMPATH\CodeIgniter.php(896): App\Controllers\Action->get_data_grafik_detail_komoditas()
 3 SYSTEMPATH\CodeIgniter.php(466): CodeIgniter\CodeIgniter->runController(Object(App\Controllers\Action))
 4 SYSTEMPATH\CodeIgniter.php(349): CodeIgniter\CodeIgniter->handleRequest(null, Object(Config\Cache), false)
 5 FCPATH\index.php(55): CodeIgniter\CodeIgniter->run()
CRITICAL - 2022-10-13 19:08:03 --> Call to undefined method App\Models\Transaksi_model::get_transaksi_grafik_kecamatan
in SYSTEMPATH\Model.php on line 773.
 1 APPPATH\Controllers\Action.php(122): CodeIgniter\Model->__call('get_transaksi_grafik_kecamatan', [...])
 2 SYSTEMPATH\CodeIgniter.php(896): App\Controllers\Action->get_data_grafik_detail_komoditas()
 3 SYSTEMPATH\CodeIgniter.php(466): CodeIgniter\CodeIgniter->runController(Object(App\Controllers\Action))
 4 SYSTEMPATH\CodeIgniter.php(349): CodeIgniter\CodeIgniter->handleRequest(null, Object(Config\Cache), false)
 5 FCPATH\index.php(55): CodeIgniter\CodeIgniter->run()
ERROR - 2022-10-13 19:08:33 --> Unknown column 'tanggal_transaksi' in 'group statement'
CRITICAL - 2022-10-13 19:08:33 --> Unknown column 'tanggal_transaksi' in 'group statement'
in SYSTEMPATH\Database\MySQLi\Connection.php on line 292.
 1 SYSTEMPATH\Database\MySQLi\Connection.php(292): mysqli->query('SELECT `transaksi_tanggal`, ROUND(AVG(transaksi_harga)) as rata_harga
FROM `tb_transaksi`
WHERE `transaksi_komoditas` = \'1\'
AND MONTH(transaksi_tanggal) = \'01\'
AND YEAR(transaksi_tanggal) = \'2022\'
AND `transaksi_status` = \'1\'
GROUP BY `tanggal_transaksi`
ORDER BY `transaksi_tanggal` ASC', 0)
 2 SYSTEMPATH\Database\BaseConnection.php(695): CodeIgniter\Database\MySQLi\Connection->execute('SELECT `transaksi_tanggal`, ROUND(AVG(transaksi_harga)) as rata_harga
FROM `tb_transaksi`
WHERE `transaksi_komoditas` = \'1\'
AND MONTH(transaksi_tanggal) = \'01\'
AND YEAR(transaksi_tanggal) = \'2022\'
AND `transaksi_status` = \'1\'
GROUP BY `tanggal_transaksi`
ORDER BY `transaksi_tanggal` ASC')
 3 SYSTEMPATH\Database\BaseConnection.php(609): CodeIgniter\Database\BaseConnection->simpleQuery('SELECT `transaksi_tanggal`, ROUND(AVG(transaksi_harga)) as rata_harga
FROM `tb_transaksi`
WHERE `transaksi_komoditas` = \'1\'
AND MONTH(transaksi_tanggal) = \'01\'
AND YEAR(transaksi_tanggal) = \'2022\'
AND `transaksi_status` = \'1\'
GROUP BY `tanggal_transaksi`
ORDER BY `transaksi_tanggal` ASC')
 4 SYSTEMPATH\Database\BaseBuilder.php(1585): CodeIgniter\Database\BaseConnection->query('SELECT `transaksi_tanggal`, ROUND(AVG(transaksi_harga)) as rata_harga
FROM `tb_transaksi`
WHERE `transaksi_komoditas` = :transaksi_komoditas:
AND MONTH(transaksi_tanggal) = :MONTH(transaksi_tanggal):
AND YEAR(transaksi_tanggal) = :YEAR(transaksi_tanggal):
AND `transaksi_status` = :transaksi_status:
GROUP BY `tanggal_transaksi`
ORDER BY `transaksi_tanggal` ASC', [...], false)
 5 APPPATH\Models\Transaksi_model.php(273): CodeIgniter\Database\BaseBuilder->get()
 6 APPPATH\Controllers\Action.php(120): App\Models\Transaksi_model->get_transaksi_grafik_inhil('01', '2022', '1')
 7 SYSTEMPATH\CodeIgniter.php(896): App\Controllers\Action->get_data_grafik_detail_komoditas()
 8 SYSTEMPATH\CodeIgniter.php(466): CodeIgniter\CodeIgniter->runController(Object(App\Controllers\Action))
 9 SYSTEMPATH\CodeIgniter.php(349): CodeIgniter\CodeIgniter->handleRequest(null, Object(Config\Cache), false)
10 FCPATH\index.php(55): CodeIgniter\CodeIgniter->run()
CRITICAL - 2022-10-13 19:09:48 --> Undefined variable: query
in APPPATH\Controllers\Action.php on line 126.
 1 APPPATH\Controllers\Action.php(126): CodeIgniter\Debug\Exceptions->errorHandler(8, 'Undefined variable: query', 'APPPATH\\Controllers\\Action.php', 126, [...])
 2 SYSTEMPATH\CodeIgniter.php(896): App\Controllers\Action->get_data_grafik_detail_komoditas()
 3 SYSTEMPATH\CodeIgniter.php(466): CodeIgniter\CodeIgniter->runController(Object(App\Controllers\Action))
 4 SYSTEMPATH\CodeIgniter.php(349): CodeIgniter\CodeIgniter->handleRequest(null, Object(Config\Cache), false)
 5 FCPATH\index.php(55): CodeIgniter\CodeIgniter->run()
CRITICAL - 2022-10-13 19:10:38 --> Undefined variable: query
in APPPATH\Controllers\Action.php on line 126.
 1 APPPATH\Controllers\Action.php(126): CodeIgniter\Debug\Exceptions->errorHandler(8, 'Undefined variable: query', 'APPPATH\\Controllers\\Action.php', 126, [...])
 2 SYSTEMPATH\CodeIgniter.php(896): App\Controllers\Action->get_data_grafik_detail_komoditas()
 3 SYSTEMPATH\CodeIgniter.php(466): CodeIgniter\CodeIgniter->runController(Object(App\Controllers\Action))
 4 SYSTEMPATH\CodeIgniter.php(349): CodeIgniter\CodeIgniter->handleRequest(null, Object(Config\Cache), false)
 5 FCPATH\index.php(55): CodeIgniter\CodeIgniter->run()
CRITICAL - 2022-10-13 19:10:41 --> Undefined variable: query
in APPPATH\Controllers\Action.php on line 126.
 1 APPPATH\Controllers\Action.php(126): CodeIgniter\Debug\Exceptions->errorHandler(8, 'Undefined variable: query', 'APPPATH\\Controllers\\Action.php', 126, [...])
 2 SYSTEMPATH\CodeIgniter.php(896): App\Controllers\Action->get_data_grafik_detail_komoditas()
 3 SYSTEMPATH\CodeIgniter.php(466): CodeIgniter\CodeIgniter->runController(Object(App\Controllers\Action))
 4 SYSTEMPATH\CodeIgniter.php(349): CodeIgniter\CodeIgniter->handleRequest(null, Object(Config\Cache), false)
 5 FCPATH\index.php(55): CodeIgniter\CodeIgniter->run()
CRITICAL - 2022-10-13 19:11:34 --> Undefined variable: query
in APPPATH\Controllers\Action.php on line 126.
 1 APPPATH\Controllers\Action.php(126): CodeIgniter\Debug\Exceptions->errorHandler(8, 'Undefined variable: query', 'APPPATH\\Controllers\\Action.php', 126, [...])
 2 SYSTEMPATH\CodeIgniter.php(896): App\Controllers\Action->get_data_grafik_detail_komoditas()
 3 SYSTEMPATH\CodeIgniter.php(466): CodeIgniter\CodeIgniter->runController(Object(App\Controllers\Action))
 4 SYSTEMPATH\CodeIgniter.php(349): CodeIgniter\CodeIgniter->handleRequest(null, Object(Config\Cache), false)
 5 FCPATH\index.php(55): CodeIgniter\CodeIgniter->run()
CRITICAL - 2022-10-13 19:13:09 --> Undefined variable: query
in APPPATH\Controllers\Action.php on line 126.
 1 APPPATH\Controllers\Action.php(126): CodeIgniter\Debug\Exceptions->errorHandler(8, 'Undefined variable: query', 'APPPATH\\Controllers\\Action.php', 126, [...])
 2 SYSTEMPATH\CodeIgniter.php(896): App\Controllers\Action->get_data_grafik_detail_komoditas()
 3 SYSTEMPATH\CodeIgniter.php(466): CodeIgniter\CodeIgniter->runController(Object(App\Controllers\Action))
 4 SYSTEMPATH\CodeIgniter.php(349): CodeIgniter\CodeIgniter->handleRequest(null, Object(Config\Cache), false)
 5 FCPATH\index.php(55): CodeIgniter\CodeIgniter->run()
CRITICAL - 2022-10-13 19:13:13 --> Undefined variable: query
in APPPATH\Controllers\Action.php on line 126.
 1 APPPATH\Controllers\Action.php(126): CodeIgniter\Debug\Exceptions->errorHandler(8, 'Undefined variable: query', 'APPPATH\\Controllers\\Action.php', 126, [...])
 2 SYSTEMPATH\CodeIgniter.php(896): App\Controllers\Action->get_data_grafik_detail_komoditas()
 3 SYSTEMPATH\CodeIgniter.php(466): CodeIgniter\CodeIgniter->runController(Object(App\Controllers\Action))
 4 SYSTEMPATH\CodeIgniter.php(349): CodeIgniter\CodeIgniter->handleRequest(null, Object(Config\Cache), false)
 5 FCPATH\index.php(55): CodeIgniter\CodeIgniter->run()
