CRITICAL - 2022-11-21 09:36:55 --> Invalid file: login.php
in SYSTEMPATH\Exceptions\FrameworkException.php on line 33.
 1 SYSTEMPATH\View\View.php(201): CodeIgniter\Exceptions\FrameworkException::forInvalidFile('login.php')
 2 SYSTEMPATH\Common.php(1135): CodeIgniter\View\View->render('login', [], true)
 3 APPPATH\Controllers\Login.php(42): view('login', [...])
 4 SYSTEMPATH\CodeIgniter.php(896): App\Controllers\Login->index()
 5 SYSTEMPATH\CodeIgniter.php(466): CodeIgniter\CodeIgniter->runController(Object(App\Controllers\Login))
 6 SYSTEMPATH\CodeIgniter.php(349): CodeIgniter\CodeIgniter->handleRequest(null, Object(Config\Cache), false)
 7 FCPATH\index.php(55): CodeIgniter\CodeIgniter->run()
CRITICAL - 2022-11-21 09:58:53 --> Call to undefined method App\Models\User_model::get_user_by_username_email
in SYSTEMPATH\Model.php on line 773.
 1 APPPATH\Controllers\Login.php(51): CodeIgniter\Model->__call('get_user_by_username_email', [...])
 2 SYSTEMPATH\CodeIgniter.php(896): App\Controllers\Login->login_validation()
 3 SYSTEMPATH\CodeIgniter.php(466): CodeIgniter\CodeIgniter->runController(Object(App\Controllers\Login))
 4 SYSTEMPATH\CodeIgniter.php(349): CodeIgniter\CodeIgniter->handleRequest(null, Object(Config\Cache), false)
 5 FCPATH\index.php(55): CodeIgniter\CodeIgniter->run()
CRITICAL - 2022-11-21 10:00:09 --> Call to undefined method App\Models\User_model::update_user
in SYSTEMPATH\Model.php on line 773.
 1 APPPATH\Controllers\Login.php(69): CodeIgniter\Model->__call('update_user', [...])
 2 SYSTEMPATH\CodeIgniter.php(896): App\Controllers\Login->login_validation()
 3 SYSTEMPATH\CodeIgniter.php(466): CodeIgniter\CodeIgniter->runController(Object(App\Controllers\Login))
 4 SYSTEMPATH\CodeIgniter.php(349): CodeIgniter\CodeIgniter->handleRequest(null, Object(Config\Cache), false)
 5 FCPATH\index.php(55): CodeIgniter\CodeIgniter->run()
CRITICAL - 2022-11-21 10:00:21 --> Call to undefined method App\Models\User_model::update_user
in SYSTEMPATH\Model.php on line 773.
 1 APPPATH\Controllers\Login.php(69): CodeIgniter\Model->__call('update_user', [...])
 2 SYSTEMPATH\CodeIgniter.php(896): App\Controllers\Login->login_validation()
 3 SYSTEMPATH\CodeIgniter.php(466): CodeIgniter\CodeIgniter->runController(Object(App\Controllers\Login))
 4 SYSTEMPATH\CodeIgniter.php(349): CodeIgniter\CodeIgniter->handleRequest(null, Object(Config\Cache), false)
 5 FCPATH\index.php(55): CodeIgniter\CodeIgniter->run()
CRITICAL - 2022-11-21 10:01:12 --> Undefined property: App\Controllers\Root::$PMM
in APPPATH\Controllers\Root.php on line 27.
 1 APPPATH\Controllers\Root.php(27): CodeIgniter\Debug\Exceptions->errorHandler(8, 'Undefined property: App\\Controllers\\Root::$PMM', 'APPPATH\\Controllers\\Root.php', 27, [...])
 2 SYSTEMPATH\CodeIgniter.php(896): App\Controllers\Root->dashboard()
 3 SYSTEMPATH\CodeIgniter.php(466): CodeIgniter\CodeIgniter->runController(Object(App\Controllers\Root))
 4 SYSTEMPATH\CodeIgniter.php(349): CodeIgniter\CodeIgniter->handleRequest(null, Object(Config\Cache), false)
 5 FCPATH\index.php(55): CodeIgniter\CodeIgniter->run()
CRITICAL - 2022-11-21 10:01:45 --> Invalid file: root/page_home.php
in SYSTEMPATH\Exceptions\FrameworkException.php on line 33.
 1 SYSTEMPATH\View\View.php(201): CodeIgniter\Exceptions\FrameworkException::forInvalidFile('root/page_home.php')
 2 SYSTEMPATH\Common.php(1135): CodeIgniter\View\View->render('root/page_home', [], true)
 3 APPPATH\Controllers\Root.php(29): view('root/page_home', [...])
 4 SYSTEMPATH\CodeIgniter.php(896): App\Controllers\Root->dashboard()
 5 SYSTEMPATH\CodeIgniter.php(466): CodeIgniter\CodeIgniter->runController(Object(App\Controllers\Root))
 6 SYSTEMPATH\CodeIgniter.php(349): CodeIgniter\CodeIgniter->handleRequest(null, Object(Config\Cache), false)
 7 FCPATH\index.php(55): CodeIgniter\CodeIgniter->run()
CRITICAL - 2022-11-21 10:02:03 --> Invalid file: root/_head.php
in SYSTEMPATH\Exceptions\FrameworkException.php on line 33.
 1 SYSTEMPATH\View\View.php(201): CodeIgniter\Exceptions\FrameworkException::forInvalidFile('root/_head.php')
 2 SYSTEMPATH\Common.php(1135): CodeIgniter\View\View->render('root/_head', [], true)
 3 APPPATH\Views\root\page_dashboard.php(5): view('root/_head')
 4 SYSTEMPATH\View\View.php(213): include('APPPATH\\Views\\root\\page_dashboard.php')
 5 SYSTEMPATH\View\View.php(216): CodeIgniter\View\View->CodeIgniter\View\{closure}()
 6 SYSTEMPATH\Common.php(1135): CodeIgniter\View\View->render('root/page_dashboard', [], true)
 7 APPPATH\Controllers\Root.php(29): view('root/page_dashboard', [...])
 8 SYSTEMPATH\CodeIgniter.php(896): App\Controllers\Root->dashboard()
 9 SYSTEMPATH\CodeIgniter.php(466): CodeIgniter\CodeIgniter->runController(Object(App\Controllers\Root))
10 SYSTEMPATH\CodeIgniter.php(349): CodeIgniter\CodeIgniter->handleRequest(null, Object(Config\Cache), false)
11 FCPATH\index.php(55): CodeIgniter\CodeIgniter->run()
CRITICAL - 2022-11-21 10:03:51 --> Undefined variable: bidang_usaha
in APPPATH\Views\root\page_dashboard.php on line 31.
 1 APPPATH\Views\root\page_dashboard.php(31): CodeIgniter\Debug\Exceptions->errorHandler(8, 'Undefined variable: bidang_usaha', 'APPPATH\\Views\\root\\page_dashboard.php', 31, [...])
 2 SYSTEMPATH\View\View.php(213): include('APPPATH\\Views\\root\\page_dashboard.php')
 3 SYSTEMPATH\View\View.php(216): CodeIgniter\View\View->CodeIgniter\View\{closure}()
 4 SYSTEMPATH\Common.php(1135): CodeIgniter\View\View->render('root/page_dashboard', [], true)
 5 APPPATH\Controllers\Root.php(29): view('root/page_dashboard', [...])
 6 SYSTEMPATH\CodeIgniter.php(896): App\Controllers\Root->dashboard()
 7 SYSTEMPATH\CodeIgniter.php(466): CodeIgniter\CodeIgniter->runController(Object(App\Controllers\Root))
 8 SYSTEMPATH\CodeIgniter.php(349): CodeIgniter\CodeIgniter->handleRequest(null, Object(Config\Cache), false)
 9 FCPATH\index.php(55): CodeIgniter\CodeIgniter->run()
CRITICAL - 2022-11-21 15:20:42 --> Call to undefined method App\Models\Komoditas_model::count_pedagang_pangan_by_filter
in SYSTEMPATH\Model.php on line 773.
 1 APPPATH\Controllers\Backend.php(1207): CodeIgniter\Model->__call('count_pedagang_pangan_by_filter', [...])
 2 SYSTEMPATH\CodeIgniter.php(896): App\Controllers\Backend->get_pedagang_pangan()
 3 SYSTEMPATH\CodeIgniter.php(466): CodeIgniter\CodeIgniter->runController(Object(App\Controllers\Backend))
 4 SYSTEMPATH\CodeIgniter.php(349): CodeIgniter\CodeIgniter->handleRequest(null, Object(Config\Cache), false)
 5 FCPATH\index.php(55): CodeIgniter\CodeIgniter->run()
